Using pre-set license
Built from '2022.3/staging' branch; Version is '2022.3.46f1 (8e9b8558c41a) revision 9345925'; Using compiler version '192829333'; Build Type 'Release'
OS: 'Windows 11  (10.0.22631) 64bit Core' Language: 'es' Physical Memory: 7971 MB
BatchMode: 1, IsHumanControllingUs: 0, StartBugReporterOnCrash: 0, Is64bit: 1, IsPro: 1

COMMAND LINE ARGUMENTS:
C:\Program Files\Unity\Hub\Editor\2022.3.46f1\Editor\Unity.exe
-adb2
-batchMode
-noUpm
-name
AssetImportWorker2
-projectPath
C:/Users/34654/ProyectoUT2MatiasRojas/Proyecto2DMatiasRojas
-logFile
Logs/AssetImportWorker2.log
-srvPort
52384
Successfully changed project path to: C:/Users/34654/ProyectoUT2MatiasRojas/Proyecto2DMatiasRojas
C:/Users/34654/ProyectoUT2MatiasRojas/Proyecto2DMatiasRojas
[UnityMemory] Configuration Parameters - Can be set up in boot.config
    "memorysetup-bucket-allocator-granularity=16"
    "memorysetup-bucket-allocator-bucket-count=8"
    "memorysetup-bucket-allocator-block-size=33554432"
    "memorysetup-bucket-allocator-block-count=8"
    "memorysetup-main-allocator-block-size=16777216"
    "memorysetup-thread-allocator-block-size=16777216"
    "memorysetup-gfx-main-allocator-block-size=16777216"
    "memorysetup-gfx-thread-allocator-block-size=16777216"
    "memorysetup-cache-allocator-block-size=4194304"
    "memorysetup-typetree-allocator-block-size=2097152"
    "memorysetup-profiler-bucket-allocator-granularity=16"
    "memorysetup-profiler-bucket-allocator-bucket-count=8"
    "memorysetup-profiler-bucket-allocator-block-size=33554432"
    "memorysetup-profiler-bucket-allocator-block-count=8"
    "memorysetup-profiler-allocator-block-size=16777216"
    "memorysetup-profiler-editor-allocator-block-size=1048576"
    "memorysetup-temp-allocator-size-main=16777216"
    "memorysetup-job-temp-allocator-block-size=2097152"
    "memorysetup-job-temp-allocator-block-size-background=1048576"
    "memorysetup-job-temp-allocator-reduction-small-platforms=262144"
    "memorysetup-allocator-temp-initial-block-size-main=262144"
    "memorysetup-allocator-temp-initial-block-size-worker=262144"
    "memorysetup-temp-allocator-size-background-worker=32768"
    "memorysetup-temp-allocator-size-job-worker=262144"
    "memorysetup-temp-allocator-size-preload-manager=33554432"
    "memorysetup-temp-allocator-size-nav-mesh-worker=65536"
    "memorysetup-temp-allocator-size-audio-worker=65536"
    "memorysetup-temp-allocator-size-cloud-worker=32768"
    "memorysetup-temp-allocator-size-gi-baking-worker=262144"
    "memorysetup-temp-allocator-size-gfx=262144"
Player connection [7732]  Target information:

Player connection [7732]  * "[IP] 192.168.56.1 [Port] 0 [Flags] 2 [Guid] 1314790932 [EditorId] 1314790932 [Version] 1048832 [Id] WindowsEditor(7,LAPTOP-OJ53L34I) [Debug] 1 [PackageName] WindowsEditor [ProjectName] Editor" 

Player connection [7732]  * "[IP] 192.168.1.132 [Port] 0 [Flags] 2 [Guid] 1314790932 [EditorId] 1314790932 [Version] 1048832 [Id] WindowsEditor(7,LAPTOP-OJ53L34I) [Debug] 1 [PackageName] WindowsEditor [ProjectName] Editor" 

Player connection [7732] Host joined multi-casting on [225.0.0.222:54997]...
Player connection [7732] Host joined alternative multi-casting on [225.0.0.222:34997]...
[PhysX] Initialized MultithreadedTaskDispatcher with 8 workers.
Refreshing native plugins compatible for Editor in 31.53 ms, found 4 plugins.
Preloading 0 native plugins for Editor in 0.00 ms.
Initialize engine version: 2022.3.46f1 (8e9b8558c41a)
[Subsystems] Discovering subsystems at path C:/Program Files/Unity/Hub/Editor/2022.3.46f1/Editor/Data/Resources/UnitySubsystems
[Subsystems] Discovering subsystems at path C:/Users/34654/ProyectoUT2MatiasRojas/Proyecto2DMatiasRojas/Assets
GfxDevice: creating device client; threaded=0; jobified=0
Direct3D:
    Version:  Direct3D 11.0 [level 11.1]
    Renderer: Intel(R) Iris(R) Xe Graphics (ID=0x9a49)
    Vendor:   Intel
    VRAM:     3985 MB
    Driver:   30.0.101.1404
Initialize mono
Mono path[0] = 'C:/Program Files/Unity/Hub/Editor/2022.3.46f1/Editor/Data/Managed'
Mono path[1] = 'C:/Program Files/Unity/Hub/Editor/2022.3.46f1/Editor/Data/MonoBleedingEdge/lib/mono/unityjit-win32'
Mono config path = 'C:/Program Files/Unity/Hub/Editor/2022.3.46f1/Editor/Data/MonoBleedingEdge/etc'
Using monoOptions --debugger-agent=transport=dt_socket,embedding=1,server=y,suspend=n,address=127.0.0.1:56468
Begin MonoManager ReloadAssembly
Registering precompiled unity dll's ...
Register platform support module: C:/Program Files/Unity/Hub/Editor/2022.3.46f1/Editor/Data/PlaybackEngines/WindowsStandaloneSupport/UnityEditor.WindowsStandalone.Extensions.dll
Registered in 0.009413 seconds.
- Loaded All Assemblies, in  0.508 seconds
Native extension for WindowsStandalone target not found
Mono: successfully reloaded assembly
- Finished resetting the current domain, in  0.362 seconds
Domain Reload Profiling: 868ms
	BeginReloadAssembly (152ms)
		ExecutionOrderSort (0ms)
		DisableScriptedObjects (0ms)
		BackupInstance (0ms)
		ReleaseScriptingObjects (0ms)
		CreateAndSetChildDomain (1ms)
	RebuildCommonClasses (36ms)
	RebuildNativeTypeToScriptingClass (21ms)
	initialDomainReloadingComplete (92ms)
	LoadAllAssembliesAndSetupDomain (204ms)
		LoadAssemblies (150ms)
		RebuildTransferFunctionScriptingTraits (0ms)
		AnalyzeDomain (201ms)
			TypeCache.Refresh (199ms)
				TypeCache.ScanAssembly (182ms)
			ScanForSourceGeneratedMonoScriptInfo (0ms)
			ResolveRequiredComponents (1ms)
	FinalizeReload (363ms)
		ReleaseScriptCaches (0ms)
		RebuildScriptCaches (0ms)
		SetupLoadedEditorAssemblies (310ms)
			LogAssemblyErrors (0ms)
			InitializePlatformSupportModulesInManaged (9ms)
			SetLoadedEditorAssemblies (11ms)
			RefreshPlugins (0ms)
			BeforeProcessingInitializeOnLoad (3ms)
			ProcessInitializeOnLoadAttributes (227ms)
			ProcessInitializeOnLoadMethodAttributes (60ms)
			AfterProcessingInitializeOnLoad (0ms)
			EditorAssembliesLoaded (0ms)
		ExecutionOrderSort2 (0ms)
		AwakeInstancesAfterBackupRestoration (0ms)
========================================================================
Worker process is ready to serve import requests
Caller must complete domain reload
Begin MonoManager ReloadAssembly
- Loaded All Assemblies, in  0.917 seconds
Native extension for WindowsStandalone target not found
Package Manager log level set to [2]
[Package Manager] Server::EnsureServerProcessIsRunning -- launch failed, reason: Unity was launched with the -noUpm command-line argument
[Package Manager] UpmClient::Send -- Unable to send message (not connected to UPM process).
[Package Manager] Cannot connect to Unity Package Manager local server
Mono: successfully reloaded assembly
- Finished resetting the current domain, in  0.922 seconds
Domain Reload Profiling: 1836ms
	BeginReloadAssembly (148ms)
		ExecutionOrderSort (0ms)
		DisableScriptedObjects (5ms)
		BackupInstance (0ms)
		ReleaseScriptingObjects (0ms)
		CreateAndSetChildDomain (21ms)
	RebuildCommonClasses (47ms)
	RebuildNativeTypeToScriptingClass (11ms)
	initialDomainReloadingComplete (47ms)
	LoadAllAssembliesAndSetupDomain (660ms)
		LoadAssemblies (433ms)
		RebuildTransferFunctionScriptingTraits (0ms)
		AnalyzeDomain (314ms)
			TypeCache.Refresh (254ms)
				TypeCache.ScanAssembly (232ms)
			ScanForSourceGeneratedMonoScriptInfo (48ms)
			ResolveRequiredComponents (11ms)
	FinalizeReload (922ms)
		ReleaseScriptCaches (0ms)
		RebuildScriptCaches (0ms)
		SetupLoadedEditorAssemblies (713ms)
			LogAssemblyErrors (0ms)
			InitializePlatformSupportModulesInManaged (6ms)
			SetLoadedEditorAssemblies (4ms)
			RefreshPlugins (0ms)
			BeforeProcessingInitializeOnLoad (76ms)
			ProcessInitializeOnLoadAttributes (584ms)
			ProcessInitializeOnLoadMethodAttributes (36ms)
			AfterProcessingInitializeOnLoad (6ms)
			EditorAssembliesLoaded (0ms)
		ExecutionOrderSort2 (0ms)
		AwakeInstancesAfterBackupRestoration (6ms)
Launched and connected shader compiler UnityShaderCompiler.exe after 0.07 seconds
Refreshing native plugins compatible for Editor in 7.03 ms, found 4 plugins.
Preloading 0 native plugins for Editor in 0.00 ms.
Unloading 4572 Unused Serialized files (Serialized files now loaded: 0)
Unloading 47 unused Assets / (130.5 KB). Loaded Objects now: 5041.
Memory consumption went from 151.3 MB to 151.2 MB.
Total: 4.300600 ms (FindLiveObjects: 0.304800 ms CreateObjectMapping: 0.155500 ms MarkObjects: 3.709100 ms  DeleteObjects: 0.129500 ms)

AssetImportParameters requested are different than current active one (requested -> active):
  custom:container-demuxer-ogg: 62fdf1f143b41e24485cea50d1cbac27 -> 
  custom:video-decoder-ogg-theora: a1e56fd34408186e4bbccfd4996cb3dc -> 
  custom:framework-win-MediaFoundation: 216162199b28c13a410421893ffa2e32 -> 
  custom:CustomObjectIndexerAttribute: 9a22284fe3817be447336de3de66b15e -> 
  custom:container-demuxer-webm: 4f35f7cbe854078d1ac9338744f61a02 -> 
  custom:container-muxer-webm: aa71ff27fc2769a1b78a27578f13a17b -> 
  custom:video-decoder-webm-vp8: 9c59270c3fd7afecdb556c50c9e8de78 -> 
  custom:SearchIndexIgnoredProperties: e643bd26f0fe6173181afceb89e7c659 -> 
  custom:AudioImporter_EditorPlatform: d09bf68614088b80899f8185d706f6e7 -> 
  custom:video-encoder-webm-vp8: eb34c28f22e8b96e1ab97ce403110664 -> 
  custom:audio-decoder-ogg-vorbis: bf7c407c2cedff20999df2af8eb42d56 -> 
  custom:audio-encoder-webm-vorbis: bf7c407c2cedff20999df2af8eb42d56 -> 
========================================================================
Received Import Request.
  Time since last request: 677993.526800 seconds.
  path: Assets/Tile Palettes/Suelo/tilemap_packed_39.asset
  artifactKey: Guid(949f0ade15d75d34e82717dd11bde0e0) Importer(815301076,1909f56bfc062723c751e8b465ee728b)
Start importing Assets/Tile Palettes/Suelo/tilemap_packed_39.asset using Guid(949f0ade15d75d34e82717dd11bde0e0) Importer(815301076,1909f56bfc062723c751e8b465ee728b) [PhysX] Initialized MultithreadedTaskDispatcher with 8 workers.
 -> (artifact id: '0cacef725c5508e10064e397564f4b2d') in 0.128974 seconds
Number of updated asset objects reloaded before import = 0
Number of asset objects unloaded after import = 3
========================================================================
Received Import Request.
  Time since last request: 0.227241 seconds.
  path: Assets/Tile Palettes/Suelo/tilemap_packed_43.asset
  artifactKey: Guid(c9de9afc71d014a48b413197be9bff01) Importer(815301076,1909f56bfc062723c751e8b465ee728b)
Start importing Assets/Tile Palettes/Suelo/tilemap_packed_43.asset using Guid(c9de9afc71d014a48b413197be9bff01) Importer(815301076,1909f56bfc062723c751e8b465ee728b) [PhysX] Initialized MultithreadedTaskDispatcher with 8 workers.
 -> (artifact id: '242106d6b3fe81cf8d3112c89a7bd4e0') in 0.029652 seconds
Number of updated asset objects reloaded before import = 0
Number of asset objects unloaded after import = 3
========================================================================
Received Import Request.
  Time since last request: 0.006374 seconds.
  path: Assets/Tile Palettes/Suelo/tilemap_packed_45.asset
  artifactKey: Guid(dcf67446ceb1a9649ae901411526fa37) Importer(815301076,1909f56bfc062723c751e8b465ee728b)
Start importing Assets/Tile Palettes/Suelo/tilemap_packed_45.asset using Guid(dcf67446ceb1a9649ae901411526fa37) Importer(815301076,1909f56bfc062723c751e8b465ee728b) [PhysX] Initialized MultithreadedTaskDispatcher with 8 workers.
 -> (artifact id: 'd4fbdc4fba714bfae22290c8632703f2') in 0.034300 seconds
Number of updated asset objects reloaded before import = 0
Number of asset objects unloaded after import = 3
========================================================================
Received Import Request.
  Time since last request: 0.068124 seconds.
  path: Assets/Tile Palettes/Suelo/tilemap_packed_47.asset
  artifactKey: Guid(350618c6c5c445a449ff625260d19cf4) Importer(815301076,1909f56bfc062723c751e8b465ee728b)
Start importing Assets/Tile Palettes/Suelo/tilemap_packed_47.asset using Guid(350618c6c5c445a449ff625260d19cf4) Importer(815301076,1909f56bfc062723c751e8b465ee728b) [PhysX] Initialized MultithreadedTaskDispatcher with 8 workers.
 -> (artifact id: 'cd4b246ad4fa94d252ff27eff9e21d9e') in 0.027168 seconds
Number of updated asset objects reloaded before import = 0
Number of asset objects unloaded after import = 3
========================================================================
Received Import Request.
  Time since last request: 0.002489 seconds.
  path: Assets/Tile Palettes/Suelo/tilemap_packed_49.asset
  artifactKey: Guid(5169b5190ce5cd9469f38b8b082c59d1) Importer(815301076,1909f56bfc062723c751e8b465ee728b)
Start importing Assets/Tile Palettes/Suelo/tilemap_packed_49.asset using Guid(5169b5190ce5cd9469f38b8b082c59d1) Importer(815301076,1909f56bfc062723c751e8b465ee728b) [PhysX] Initialized MultithreadedTaskDispatcher with 8 workers.
 -> (artifact id: '954ffaf6ec61cb6e317f4d001b2062b7') in 0.020423 seconds
Number of updated asset objects reloaded before import = 0
Number of asset objects unloaded after import = 3
========================================================================
Received Import Request.
  Time since last request: 0.157472 seconds.
  path: Assets/Tile Palettes/Suelo/tilemap_packed_51.asset
  artifactKey: Guid(78ae4631a2459a74f8a839381a5d4f17) Importer(815301076,1909f56bfc062723c751e8b465ee728b)
Start importing Assets/Tile Palettes/Suelo/tilemap_packed_51.asset using Guid(78ae4631a2459a74f8a839381a5d4f17) Importer(815301076,1909f56bfc062723c751e8b465ee728b) [PhysX] Initialized MultithreadedTaskDispatcher with 8 workers.
 -> (artifact id: 'e73757d8f9ef40c8b306f7baf00a200d') in 0.013575 seconds
Number of updated asset objects reloaded before import = 0
Number of asset objects unloaded after import = 3
========================================================================
Received Import Request.
  Time since last request: 0.006312 seconds.
  path: Assets/Tile Palettes/Suelo/tilemap_packed_53.asset
  artifactKey: Guid(21eddd9cf795b254f9953b7011d68083) Importer(815301076,1909f56bfc062723c751e8b465ee728b)
Start importing Assets/Tile Palettes/Suelo/tilemap_packed_53.asset using Guid(21eddd9cf795b254f9953b7011d68083) Importer(815301076,1909f56bfc062723c751e8b465ee728b) [PhysX] Initialized MultithreadedTaskDispatcher with 8 workers.
 -> (artifact id: 'e17fd7884c7b4aef0a7e3742aaec75e4') in 0.030797 seconds
Number of updated asset objects reloaded before import = 0
Number of asset objects unloaded after import = 3
========================================================================
Received Import Request.
  Time since last request: 0.086157 seconds.
  path: Assets/Tile Palettes/Suelo/tilemap_packed_55.asset
  artifactKey: Guid(8678343f22d184943ae02fcf5b7b08a8) Importer(815301076,1909f56bfc062723c751e8b465ee728b)
Start importing Assets/Tile Palettes/Suelo/tilemap_packed_55.asset using Guid(8678343f22d184943ae02fcf5b7b08a8) Importer(815301076,1909f56bfc062723c751e8b465ee728b) [PhysX] Initialized MultithreadedTaskDispatcher with 8 workers.
 -> (artifact id: '844e6313f03f32be428744d8a5017fbd') in 0.028192 seconds
Number of updated asset objects reloaded before import = 0
Number of asset objects unloaded after import = 3
========================================================================
Received Import Request.
  Time since last request: 0.002567 seconds.
  path: Assets/Tile Palettes/Suelo/tilemap_packed_57.asset
  artifactKey: Guid(16d332ed3768d3b448a5f9a1fc59387b) Importer(815301076,1909f56bfc062723c751e8b465ee728b)
Start importing Assets/Tile Palettes/Suelo/tilemap_packed_57.asset using Guid(16d332ed3768d3b448a5f9a1fc59387b) Importer(815301076,1909f56bfc062723c751e8b465ee728b) [PhysX] Initialized MultithreadedTaskDispatcher with 8 workers.
 -> (artifact id: 'e8484ff2a235395da1bc64dcd439fc52') in 0.030533 seconds
Number of updated asset objects reloaded before import = 0
Number of asset objects unloaded after import = 3
========================================================================
Received Import Request.
  Time since last request: 2.324983 seconds.
  path: Assets/Tile Palettes/Suelo/tilemap_packed_59.asset
  artifactKey: Guid(3ead26fbdd8c71f49bbe5fb5dd97a92c) Importer(815301076,1909f56bfc062723c751e8b465ee728b)
Start importing Assets/Tile Palettes/Suelo/tilemap_packed_59.asset using Guid(3ead26fbdd8c71f49bbe5fb5dd97a92c) Importer(815301076,1909f56bfc062723c751e8b465ee728b) [PhysX] Initialized MultithreadedTaskDispatcher with 8 workers.
 -> (artifact id: '997d443249f28c4e67cb2858ac0b7d15') in 0.020419 seconds
Number of updated asset objects reloaded before import = 0
Number of asset objects unloaded after import = 3
========================================================================
Received Import Request.
  Time since last request: 0.008949 seconds.
  path: Assets/Tile Palettes/Suelo/tilemap_packed_62.asset
  artifactKey: Guid(89345c322eb33b04eaade7a0d5a7e610) Importer(815301076,1909f56bfc062723c751e8b465ee728b)
Start importing Assets/Tile Palettes/Suelo/tilemap_packed_62.asset using Guid(89345c322eb33b04eaade7a0d5a7e610) Importer(815301076,1909f56bfc062723c751e8b465ee728b) [PhysX] Initialized MultithreadedTaskDispatcher with 8 workers.
 -> (artifact id: 'ec427f6e0215ef6a9486ce8462059580') in 0.018016 seconds
Number of updated asset objects reloaded before import = 0
Number of asset objects unloaded after import = 3
========================================================================
Received Import Request.
  Time since last request: 0.005419 seconds.
  path: Assets/Tile Palettes/Suelo/tilemap_packed_65.asset
  artifactKey: Guid(c4be2147cc18ab64c8cdbd4e94004dfc) Importer(815301076,1909f56bfc062723c751e8b465ee728b)
Start importing Assets/Tile Palettes/Suelo/tilemap_packed_65.asset using Guid(c4be2147cc18ab64c8cdbd4e94004dfc) Importer(815301076,1909f56bfc062723c751e8b465ee728b) [PhysX] Initialized MultithreadedTaskDispatcher with 8 workers.
 -> (artifact id: '96b5c38f477cbcd67016a570e8b57af5') in 0.017321 seconds
Number of updated asset objects reloaded before import = 0
Number of asset objects unloaded after import = 3
========================================================================
Received Import Request.
  Time since last request: 0.009628 seconds.
  path: Assets/Tile Palettes/Suelo/tilemap_packed_68.asset
  artifactKey: Guid(fe7fa07d6423bb845be4659ae3dd2aaa) Importer(815301076,1909f56bfc062723c751e8b465ee728b)
Start importing Assets/Tile Palettes/Suelo/tilemap_packed_68.asset using Guid(fe7fa07d6423bb845be4659ae3dd2aaa) Importer(815301076,1909f56bfc062723c751e8b465ee728b) [PhysX] Initialized MultithreadedTaskDispatcher with 8 workers.
 -> (artifact id: '09060b3312702d6f669b6c5347d465bd') in 0.021017 seconds
Number of updated asset objects reloaded before import = 0
Number of asset objects unloaded after import = 3
========================================================================
Received Import Request.
  Time since last request: 0.010869 seconds.
  path: Assets/Tile Palettes/Suelo/tilemap_packed_71.asset
  artifactKey: Guid(f7aab2720731cba4ebc4d86d8f56c2da) Importer(815301076,1909f56bfc062723c751e8b465ee728b)
Start importing Assets/Tile Palettes/Suelo/tilemap_packed_71.asset using Guid(f7aab2720731cba4ebc4d86d8f56c2da) Importer(815301076,1909f56bfc062723c751e8b465ee728b) [PhysX] Initialized MultithreadedTaskDispatcher with 8 workers.
 -> (artifact id: '27d6fc44c410e425a76c1b7c30c34e8f') in 0.018950 seconds
Number of updated asset objects reloaded before import = 0
Number of asset objects unloaded after import = 3
========================================================================
Received Import Request.
  Time since last request: 0.001118 seconds.
  path: Assets/Tile Palettes/Suelo/tilemap_packed_73.asset
  artifactKey: Guid(ff1a3b732e5a751478fdd0505945163a) Importer(815301076,1909f56bfc062723c751e8b465ee728b)
Start importing Assets/Tile Palettes/Suelo/tilemap_packed_73.asset using Guid(ff1a3b732e5a751478fdd0505945163a) Importer(815301076,1909f56bfc062723c751e8b465ee728b) [PhysX] Initialized MultithreadedTaskDispatcher with 8 workers.
 -> (artifact id: 'f5d6fe05e1b4958f1a45ef603a7350e6') in 0.019310 seconds
Number of updated asset objects reloaded before import = 0
Number of asset objects unloaded after import = 3
========================================================================
Received Import Request.
  Time since last request: 0.396948 seconds.
  path: Assets/Tile Palettes/Suelo/tilemap_packed_74.asset
  artifactKey: Guid(6d146cff3fb29d24b9d47289db1c612e) Importer(815301076,1909f56bfc062723c751e8b465ee728b)
Start importing Assets/Tile Palettes/Suelo/tilemap_packed_74.asset using Guid(6d146cff3fb29d24b9d47289db1c612e) Importer(815301076,1909f56bfc062723c751e8b465ee728b) [PhysX] Initialized MultithreadedTaskDispatcher with 8 workers.
 -> (artifact id: '0448f13b9e22b0d5f10716b0bd78e70d') in 0.019366 seconds
Number of updated asset objects reloaded before import = 0
Number of asset objects unloaded after import = 3
========================================================================
Received Import Request.
  Time since last request: 0.007553 seconds.
  path: Assets/Tile Palettes/Suelo/tilemap_packed_76.asset
  artifactKey: Guid(a7bae9f0f49e1f74b9c7be4b8399bba1) Importer(815301076,1909f56bfc062723c751e8b465ee728b)
Start importing Assets/Tile Palettes/Suelo/tilemap_packed_76.asset using Guid(a7bae9f0f49e1f74b9c7be4b8399bba1) Importer(815301076,1909f56bfc062723c751e8b465ee728b) [PhysX] Initialized MultithreadedTaskDispatcher with 8 workers.
 -> (artifact id: '5e066fccb9c0b1eeaed4aff9620b0197') in 0.025392 seconds
Number of updated asset objects reloaded before import = 0
Number of asset objects unloaded after import = 3
========================================================================
Received Import Request.
  Time since last request: 0.000960 seconds.
  path: Assets/Tile Palettes/Suelo/tilemap_packed_78.asset
  artifactKey: Guid(ede822cefb35f3a418aa4c5e74718058) Importer(815301076,1909f56bfc062723c751e8b465ee728b)
Start importing Assets/Tile Palettes/Suelo/tilemap_packed_78.asset using Guid(ede822cefb35f3a418aa4c5e74718058) Importer(815301076,1909f56bfc062723c751e8b465ee728b) [PhysX] Initialized MultithreadedTaskDispatcher with 8 workers.
 -> (artifact id: 'be987814aa01f4c49adc950c0b30d601') in 0.024315 seconds
Number of updated asset objects reloaded before import = 0
Number of asset objects unloaded after import = 3
========================================================================
Received Import Request.
  Time since last request: 0.009402 seconds.
  path: Assets/Tile Palettes/Suelo/tilemap_packed_81.asset
  artifactKey: Guid(eb3bf9c1162c76c43811ec7ec60a5465) Importer(815301076,1909f56bfc062723c751e8b465ee728b)
Start importing Assets/Tile Palettes/Suelo/tilemap_packed_81.asset using Guid(eb3bf9c1162c76c43811ec7ec60a5465) Importer(815301076,1909f56bfc062723c751e8b465ee728b) [PhysX] Initialized MultithreadedTaskDispatcher with 8 workers.
 -> (artifact id: '23bd682b8961faeea8ca3a08dd67f1ca') in 0.022748 seconds
Number of updated asset objects reloaded before import = 0
Number of asset objects unloaded after import = 3
========================================================================
Received Import Request.
  Time since last request: 0.000751 seconds.
  path: Assets/Tile Palettes/Suelo/tilemap_packed_83.asset
  artifactKey: Guid(b56aba5c51658d141a80fe2979ff427f) Importer(815301076,1909f56bfc062723c751e8b465ee728b)
Start importing Assets/Tile Palettes/Suelo/tilemap_packed_83.asset using Guid(b56aba5c51658d141a80fe2979ff427f) Importer(815301076,1909f56bfc062723c751e8b465ee728b) [PhysX] Initialized MultithreadedTaskDispatcher with 8 workers.
 -> (artifact id: 'd32d69da192d5ed7f78a518a55e3d2bc') in 0.020070 seconds
Number of updated asset objects reloaded before import = 0
Number of asset objects unloaded after import = 3
========================================================================
Received Import Request.
  Time since last request: 0.008741 seconds.
  path: Assets/Tile Palettes/Suelo/tilemap_packed_86.asset
  artifactKey: Guid(3a990453349613b428f395959f46e349) Importer(815301076,1909f56bfc062723c751e8b465ee728b)
Start importing Assets/Tile Palettes/Suelo/tilemap_packed_86.asset using Guid(3a990453349613b428f395959f46e349) Importer(815301076,1909f56bfc062723c751e8b465ee728b) [PhysX] Initialized MultithreadedTaskDispatcher with 8 workers.
 -> (artifact id: '668b14029f51c5798aecff3d36a16458') in 0.014778 seconds
Number of updated asset objects reloaded before import = 0
Number of asset objects unloaded after import = 3
========================================================================
Received Import Request.
  Time since last request: 0.006710 seconds.
  path: Assets/Tile Palettes/Suelo/tilemap_packed_88.asset
  artifactKey: Guid(31b8820daad64f04686262eee81afd94) Importer(815301076,1909f56bfc062723c751e8b465ee728b)
Start importing Assets/Tile Palettes/Suelo/tilemap_packed_88.asset using Guid(31b8820daad64f04686262eee81afd94) Importer(815301076,1909f56bfc062723c751e8b465ee728b) [PhysX] Initialized MultithreadedTaskDispatcher with 8 workers.
 -> (artifact id: 'd8bc249aac776f56e998b05fc6b34f8a') in 0.023452 seconds
Number of updated asset objects reloaded before import = 0
Number of asset objects unloaded after import = 3
========================================================================
Received Import Request.
  Time since last request: 2.532328 seconds.
  path: Assets/Tile Palettes/Suelo/tilemap_packed_89.asset
  artifactKey: Guid(c105b7e084c58224e8fafd9f29577ff7) Importer(815301076,1909f56bfc062723c751e8b465ee728b)
Start importing Assets/Tile Palettes/Suelo/tilemap_packed_89.asset using Guid(c105b7e084c58224e8fafd9f29577ff7) Importer(815301076,1909f56bfc062723c751e8b465ee728b) [PhysX] Initialized MultithreadedTaskDispatcher with 8 workers.
 -> (artifact id: 'f9d6f085d1427aa82142ca0d71461ab7') in 0.017619 seconds
Number of updated asset objects reloaded before import = 0
Number of asset objects unloaded after import = 3
========================================================================
Received Import Request.
  Time since last request: 0.005016 seconds.
  path: Assets/Tile Palettes/Suelo/tilemap_packed_92.asset
  artifactKey: Guid(6eba1b449f037d9488537a08b6465924) Importer(815301076,1909f56bfc062723c751e8b465ee728b)
Start importing Assets/Tile Palettes/Suelo/tilemap_packed_92.asset using Guid(6eba1b449f037d9488537a08b6465924) Importer(815301076,1909f56bfc062723c751e8b465ee728b) [PhysX] Initialized MultithreadedTaskDispatcher with 8 workers.
 -> (artifact id: '7120256d3cfe45ae9ce610e949e3e337') in 0.017976 seconds
Number of updated asset objects reloaded before import = 0
Number of asset objects unloaded after import = 3
========================================================================
Received Import Request.
  Time since last request: 0.001505 seconds.
  path: Assets/Tile Palettes/Suelo/tilemap_packed_94.asset
  artifactKey: Guid(40684c799309b8a48bbb3ea1e45746d4) Importer(815301076,1909f56bfc062723c751e8b465ee728b)
Start importing Assets/Tile Palettes/Suelo/tilemap_packed_94.asset using Guid(40684c799309b8a48bbb3ea1e45746d4) Importer(815301076,1909f56bfc062723c751e8b465ee728b) [PhysX] Initialized MultithreadedTaskDispatcher with 8 workers.
 -> (artifact id: '9dc66e824b41528ae8a01a4781ce0bb5') in 0.031151 seconds
Number of updated asset objects reloaded before import = 0
Number of asset objects unloaded after import = 3
========================================================================
Received Import Request.
  Time since last request: 0.267880 seconds.
  path: Assets/Tile Palettes/Suelo/tilemap_packed_95.asset
  artifactKey: Guid(d71ae308ee3012a44b7daa3a9ba7ba46) Importer(815301076,1909f56bfc062723c751e8b465ee728b)
Start importing Assets/Tile Palettes/Suelo/tilemap_packed_95.asset using Guid(d71ae308ee3012a44b7daa3a9ba7ba46) Importer(815301076,1909f56bfc062723c751e8b465ee728b) [PhysX] Initialized MultithreadedTaskDispatcher with 8 workers.
 -> (artifact id: '678cce8c230eab351016bd40477f8e6b') in 0.021205 seconds
Number of updated asset objects reloaded before import = 0
Number of asset objects unloaded after import = 3
========================================================================
Received Import Request.
  Time since last request: 0.003360 seconds.
  path: Assets/Tile Palettes/Suelo/tilemap_packed_98.asset
  artifactKey: Guid(97a84ef3ed5f1ef41b8bf6d6187563f5) Importer(815301076,1909f56bfc062723c751e8b465ee728b)
Start importing Assets/Tile Palettes/Suelo/tilemap_packed_98.asset using Guid(97a84ef3ed5f1ef41b8bf6d6187563f5) Importer(815301076,1909f56bfc062723c751e8b465ee728b) [PhysX] Initialized MultithreadedTaskDispatcher with 8 workers.
 -> (artifact id: '6f90e19215da6476b88c2d4158a6b48b') in 0.024544 seconds
Number of updated asset objects reloaded before import = 0
Number of asset objects unloaded after import = 3
========================================================================
Received Import Request.
  Time since last request: 0.043981 seconds.
  path: Assets/Tile Palettes/Suelo/tilemap_packed_101.asset
  artifactKey: Guid(bb685c5290e1b1c488ced77f96323f15) Importer(815301076,1909f56bfc062723c751e8b465ee728b)
Start importing Assets/Tile Palettes/Suelo/tilemap_packed_101.asset using Guid(bb685c5290e1b1c488ced77f96323f15) Importer(815301076,1909f56bfc062723c751e8b465ee728b) [PhysX] Initialized MultithreadedTaskDispatcher with 8 workers.
 -> (artifact id: 'ece94c5b0c7c0d1df268919efc9b325e') in 0.026237 seconds
Number of updated asset objects reloaded before import = 0
Number of asset objects unloaded after import = 3
========================================================================
Received Import Request.
  Time since last request: 0.002800 seconds.
  path: Assets/Tile Palettes/Suelo/tilemap_packed_103.asset
  artifactKey: Guid(efd159f19a48cc94e9bdc3e06071b0b0) Importer(815301076,1909f56bfc062723c751e8b465ee728b)
Start importing Assets/Tile Palettes/Suelo/tilemap_packed_103.asset using Guid(efd159f19a48cc94e9bdc3e06071b0b0) Importer(815301076,1909f56bfc062723c751e8b465ee728b) [PhysX] Initialized MultithreadedTaskDispatcher with 8 workers.
 -> (artifact id: '94088c1614e023b6fe6d8968b1673d88') in 0.030881 seconds
Number of updated asset objects reloaded before import = 0
Number of asset objects unloaded after import = 3
========================================================================
Received Import Request.
  Time since last request: 0.001413 seconds.
  path: Assets/Tile Palettes/Suelo/tilemap_packed_105.asset
  artifactKey: Guid(41297a1d2c187984b8c5afdf5bde3837) Importer(815301076,1909f56bfc062723c751e8b465ee728b)
Start importing Assets/Tile Palettes/Suelo/tilemap_packed_105.asset using Guid(41297a1d2c187984b8c5afdf5bde3837) Importer(815301076,1909f56bfc062723c751e8b465ee728b) [PhysX] Initialized MultithreadedTaskDispatcher with 8 workers.
 -> (artifact id: 'c5313a2b2e648ff66e20ac34b47c1f0c') in 0.031329 seconds
Number of updated asset objects reloaded before import = 0
Number of asset objects unloaded after import = 3
========================================================================
Received Import Request.
  Time since last request: 0.002798 seconds.
  path: Assets/Tile Palettes/Suelo/tilemap_packed_107.asset
  artifactKey: Guid(96604fef125df3444878ee66d870e3b9) Importer(815301076,1909f56bfc062723c751e8b465ee728b)
Start importing Assets/Tile Palettes/Suelo/tilemap_packed_107.asset using Guid(96604fef125df3444878ee66d870e3b9) Importer(815301076,1909f56bfc062723c751e8b465ee728b) [PhysX] Initialized MultithreadedTaskDispatcher with 8 workers.
 -> (artifact id: '76b671ff4669a8611cc3254f7f893244') in 0.029057 seconds
Number of updated asset objects reloaded before import = 0
Number of asset objects unloaded after import = 3
========================================================================
Received Import Request.
  Time since last request: 0.002432 seconds.
  path: Assets/Tile Palettes/Suelo/tilemap_packed_109.asset
  artifactKey: Guid(6e593b7bb2f64e64a9d68e16d5a05e47) Importer(815301076,1909f56bfc062723c751e8b465ee728b)
Start importing Assets/Tile Palettes/Suelo/tilemap_packed_109.asset using Guid(6e593b7bb2f64e64a9d68e16d5a05e47) Importer(815301076,1909f56bfc062723c751e8b465ee728b) [PhysX] Initialized MultithreadedTaskDispatcher with 8 workers.
 -> (artifact id: 'e9164b89ac2ba9ebb96adf582b0eca78') in 0.026451 seconds
Number of updated asset objects reloaded before import = 0
Number of asset objects unloaded after import = 3
========================================================================
Received Import Request.
  Time since last request: 0.000515 seconds.
  path: Assets/Tile Palettes/Suelo/tilemap_packed_111.asset
  artifactKey: Guid(2a7cd62e2fc4ff6438918ab89b0749e0) Importer(815301076,1909f56bfc062723c751e8b465ee728b)
Start importing Assets/Tile Palettes/Suelo/tilemap_packed_111.asset using Guid(2a7cd62e2fc4ff6438918ab89b0749e0) Importer(815301076,1909f56bfc062723c751e8b465ee728b) [PhysX] Initialized MultithreadedTaskDispatcher with 8 workers.
 -> (artifact id: 'bdd48701e7e88871a76f10aa84a39c6a') in 0.024294 seconds
Number of updated asset objects reloaded before import = 0
Number of asset objects unloaded after import = 3
========================================================================
Received Import Request.
  Time since last request: 0.041951 seconds.
  path: Assets/Tile Palettes/Suelo/tilemap_packed_113.asset
  artifactKey: Guid(4d209e2e54f38be42a7ee1f1e68a5e3b) Importer(815301076,1909f56bfc062723c751e8b465ee728b)
Start importing Assets/Tile Palettes/Suelo/tilemap_packed_113.asset using Guid(4d209e2e54f38be42a7ee1f1e68a5e3b) Importer(815301076,1909f56bfc062723c751e8b465ee728b) [PhysX] Initialized MultithreadedTaskDispatcher with 8 workers.
 -> (artifact id: '06b6ece3d236f0c3ab1ce3babb029a30') in 0.012044 seconds
Number of updated asset objects reloaded before import = 0
Number of asset objects unloaded after import = 3
========================================================================
Received Import Request.
  Time since last request: 0.004372 seconds.
  path: Assets/Tile Palettes/Suelo/tilemap_packed_115.asset
  artifactKey: Guid(ba885d04593a05446ace816e5c83194e) Importer(815301076,1909f56bfc062723c751e8b465ee728b)
Start importing Assets/Tile Palettes/Suelo/tilemap_packed_115.asset using Guid(ba885d04593a05446ace816e5c83194e) Importer(815301076,1909f56bfc062723c751e8b465ee728b) [PhysX] Initialized MultithreadedTaskDispatcher with 8 workers.
 -> (artifact id: '4a2a461b2e9ee6da9b39be25de2d4415') in 0.027816 seconds
Number of updated asset objects reloaded before import = 0
Number of asset objects unloaded after import = 3
========================================================================
Received Import Request.
  Time since last request: 0.014448 seconds.
  path: Assets/Tile Palettes/Suelo/tilemap_packed_118.asset
  artifactKey: Guid(cb1b1ee2c2a7b0a4e9738fb4f2764a5b) Importer(815301076,1909f56bfc062723c751e8b465ee728b)
Start importing Assets/Tile Palettes/Suelo/tilemap_packed_118.asset using Guid(cb1b1ee2c2a7b0a4e9738fb4f2764a5b) Importer(815301076,1909f56bfc062723c751e8b465ee728b) [PhysX] Initialized MultithreadedTaskDispatcher with 8 workers.
 -> (artifact id: '9951e8a21a5efc60c0dcc32e6cb1cb7e') in 0.029128 seconds
Number of updated asset objects reloaded before import = 0
Number of asset objects unloaded after import = 3
