Using pre-set license
Built from '2022.3/staging' branch; Version is '2022.3.46f1 (8e9b8558c41a) revision 9345925'; Using compiler version '192829333'; Build Type 'Release'
OS: 'Windows 11  (10.0.26100) 64bit Core' Language: 'es' Physical Memory: 7971 MB
BatchMode: 1, IsHumanControllingUs: 0, StartBugReporterOnCrash: 0, Is64bit: 1, IsPro: 1

COMMAND LINE ARGUMENTS:
C:\Program Files\Unity\Hub\Editor\2022.3.46f1\Editor\Unity.exe
-adb2
-batchMode
-noUpm
-name
AssetImportWorker9
-projectPath
C:/Users/34654/ProyectoUT2MatiasRojas/Proyecto2DMatiasRojas
-logFile
Logs/AssetImportWorker9.log
-srvPort
52490
Successfully changed project path to: C:/Users/34654/ProyectoUT2MatiasRojas/Proyecto2DMatiasRojas
C:/Users/34654/ProyectoUT2MatiasRojas/Proyecto2DMatiasRojas
[UnityMemory] Configuration Parameters - Can be set up in boot.config
    "memorysetup-bucket-allocator-granularity=16"
    "memorysetup-bucket-allocator-bucket-count=8"
    "memorysetup-bucket-allocator-block-size=33554432"
    "memorysetup-bucket-allocator-block-count=8"
    "memorysetup-main-allocator-block-size=16777216"
    "memorysetup-thread-allocator-block-size=16777216"
    "memorysetup-gfx-main-allocator-block-size=16777216"
    "memorysetup-gfx-thread-allocator-block-size=16777216"
    "memorysetup-cache-allocator-block-size=4194304"
    "memorysetup-typetree-allocator-block-size=2097152"
    "memorysetup-profiler-bucket-allocator-granularity=16"
    "memorysetup-profiler-bucket-allocator-bucket-count=8"
    "memorysetup-profiler-bucket-allocator-block-size=33554432"
    "memorysetup-profiler-bucket-allocator-block-count=8"
    "memorysetup-profiler-allocator-block-size=16777216"
    "memorysetup-profiler-editor-allocator-block-size=1048576"
    "memorysetup-temp-allocator-size-main=16777216"
    "memorysetup-job-temp-allocator-block-size=2097152"
    "memorysetup-job-temp-allocator-block-size-background=1048576"
    "memorysetup-job-temp-allocator-reduction-small-platforms=262144"
    "memorysetup-allocator-temp-initial-block-size-main=262144"
    "memorysetup-allocator-temp-initial-block-size-worker=262144"
    "memorysetup-temp-allocator-size-background-worker=32768"
    "memorysetup-temp-allocator-size-job-worker=262144"
    "memorysetup-temp-allocator-size-preload-manager=33554432"
    "memorysetup-temp-allocator-size-nav-mesh-worker=65536"
    "memorysetup-temp-allocator-size-audio-worker=65536"
    "memorysetup-temp-allocator-size-cloud-worker=32768"
    "memorysetup-temp-allocator-size-gi-baking-worker=262144"
    "memorysetup-temp-allocator-size-gfx=262144"
Player connection [1408]  Target information:

Player connection [1408]  * "[IP] 192.168.1.137 [Port] 0 [Flags] 2 [Guid] 2766247231 [EditorId] 2766247231 [Version] 1048832 [Id] WindowsEditor(7,LAPTOP-OJ53L34I) [Debug] 1 [PackageName] WindowsEditor [ProjectName] Editor" 

Player connection [1408] Host joined multi-casting on [225.0.0.222:54997]...
Player connection [1408] Host joined alternative multi-casting on [225.0.0.222:34997]...
[PhysX] Initialized MultithreadedTaskDispatcher with 8 workers.
Refreshing native plugins compatible for Editor in 31.74 ms, found 4 plugins.
Preloading 0 native plugins for Editor in 0.00 ms.
Initialize engine version: 2022.3.46f1 (8e9b8558c41a)
[Subsystems] Discovering subsystems at path C:/Program Files/Unity/Hub/Editor/2022.3.46f1/Editor/Data/Resources/UnitySubsystems
[Subsystems] Discovering subsystems at path C:/Users/34654/ProyectoUT2MatiasRojas/Proyecto2DMatiasRojas/Assets
GfxDevice: creating device client; threaded=0; jobified=0
Direct3D:
    Version:  Direct3D 11.0 [level 11.1]
    Renderer: Intel(R) Iris(R) Xe Graphics (ID=0x9a49)
    Vendor:   Intel
    VRAM:     3985 MB
    Driver:   30.0.101.1404
Initialize mono
Mono path[0] = 'C:/Program Files/Unity/Hub/Editor/2022.3.46f1/Editor/Data/Managed'
Mono path[1] = 'C:/Program Files/Unity/Hub/Editor/2022.3.46f1/Editor/Data/MonoBleedingEdge/lib/mono/unityjit-win32'
Mono config path = 'C:/Program Files/Unity/Hub/Editor/2022.3.46f1/Editor/Data/MonoBleedingEdge/etc'
Using monoOptions --debugger-agent=transport=dt_socket,embedding=1,server=y,suspend=n,address=127.0.0.1:56352
Begin MonoManager ReloadAssembly
Registering precompiled unity dll's ...
Register platform support module: C:/Program Files/Unity/Hub/Editor/2022.3.46f1/Editor/Data/PlaybackEngines/WindowsStandaloneSupport/UnityEditor.WindowsStandalone.Extensions.dll
Registered in 0.014088 seconds.
- Loaded All Assemblies, in  0.792 seconds
Native extension for WindowsStandalone target not found
Mono: successfully reloaded assembly
- Finished resetting the current domain, in  0.551 seconds
Domain Reload Profiling: 1341ms
	BeginReloadAssembly (238ms)
		ExecutionOrderSort (0ms)
		DisableScriptedObjects (0ms)
		BackupInstance (0ms)
		ReleaseScriptingObjects (0ms)
		CreateAndSetChildDomain (2ms)
	RebuildCommonClasses (83ms)
	RebuildNativeTypeToScriptingClass (23ms)
	initialDomainReloadingComplete (138ms)
	LoadAllAssembliesAndSetupDomain (306ms)
		LoadAssemblies (239ms)
		RebuildTransferFunctionScriptingTraits (0ms)
		AnalyzeDomain (297ms)
			TypeCache.Refresh (294ms)
				TypeCache.ScanAssembly (269ms)
			ScanForSourceGeneratedMonoScriptInfo (1ms)
			ResolveRequiredComponents (1ms)
	FinalizeReload (552ms)
		ReleaseScriptCaches (0ms)
		RebuildScriptCaches (0ms)
		SetupLoadedEditorAssemblies (456ms)
			LogAssemblyErrors (0ms)
			InitializePlatformSupportModulesInManaged (21ms)
			SetLoadedEditorAssemblies (16ms)
			RefreshPlugins (0ms)
			BeforeProcessingInitializeOnLoad (5ms)
			ProcessInitializeOnLoadAttributes (317ms)
			ProcessInitializeOnLoadMethodAttributes (97ms)
			AfterProcessingInitializeOnLoad (0ms)
			EditorAssembliesLoaded (0ms)
		ExecutionOrderSort2 (0ms)
		AwakeInstancesAfterBackupRestoration (0ms)
========================================================================
Worker process is ready to serve import requests
Caller must complete domain reload
Begin MonoManager ReloadAssembly
- Loaded All Assemblies, in  1.411 seconds
Native extension for WindowsStandalone target not found
Package Manager log level set to [2]
[Package Manager] Server::EnsureServerProcessIsRunning -- launch failed, reason: Unity was launched with the -noUpm command-line argument
[Package Manager] UpmClient::Send -- Unable to send message (not connected to UPM process).
[Package Manager] Cannot connect to Unity Package Manager local server
Mono: successfully reloaded assembly
- Finished resetting the current domain, in  1.587 seconds
Domain Reload Profiling: 2994ms
	BeginReloadAssembly (298ms)
		ExecutionOrderSort (0ms)
		DisableScriptedObjects (12ms)
		BackupInstance (0ms)
		ReleaseScriptingObjects (1ms)
		CreateAndSetChildDomain (43ms)
	RebuildCommonClasses (87ms)
	RebuildNativeTypeToScriptingClass (21ms)
	initialDomainReloadingComplete (84ms)
	LoadAllAssembliesAndSetupDomain (916ms)
		LoadAssemblies (680ms)
		RebuildTransferFunctionScriptingTraits (0ms)
		AnalyzeDomain (406ms)
			TypeCache.Refresh (339ms)
				TypeCache.ScanAssembly (306ms)
			ScanForSourceGeneratedMonoScriptInfo (51ms)
			ResolveRequiredComponents (14ms)
	FinalizeReload (1588ms)
		ReleaseScriptCaches (0ms)
		RebuildScriptCaches (0ms)
		SetupLoadedEditorAssemblies (1241ms)
			LogAssemblyErrors (0ms)
			InitializePlatformSupportModulesInManaged (15ms)
			SetLoadedEditorAssemblies (7ms)
			RefreshPlugins (0ms)
			BeforeProcessingInitializeOnLoad (149ms)
			ProcessInitializeOnLoadAttributes (981ms)
			ProcessInitializeOnLoadMethodAttributes (76ms)
			AfterProcessingInitializeOnLoad (12ms)
			EditorAssembliesLoaded (1ms)
		ExecutionOrderSort2 (0ms)
		AwakeInstancesAfterBackupRestoration (11ms)
Launched and connected shader compiler UnityShaderCompiler.exe after 0.11 seconds
Refreshing native plugins compatible for Editor in 11.60 ms, found 4 plugins.
Preloading 0 native plugins for Editor in 0.00 ms.
Unloading 4576 Unused Serialized files (Serialized files now loaded: 0)
Unloading 47 unused Assets / (130.9 KB). Loaded Objects now: 5046.
Memory consumption went from 151.2 MB to 151.1 MB.
Total: 7.665300 ms (FindLiveObjects: 0.489600 ms CreateObjectMapping: 0.908200 ms MarkObjects: 6.096600 ms  DeleteObjects: 0.168400 ms)

AssetImportParameters requested are different than current active one (requested -> active):
  custom:container-demuxer-ogg: 62fdf1f143b41e24485cea50d1cbac27 -> 
  custom:video-decoder-ogg-theora: a1e56fd34408186e4bbccfd4996cb3dc -> 
  custom:framework-win-MediaFoundation: 216162199b28c13a410421893ffa2e32 -> 
  custom:CustomObjectIndexerAttribute: 9a22284fe3817be447336de3de66b15e -> 
  custom:container-demuxer-webm: 4f35f7cbe854078d1ac9338744f61a02 -> 
  custom:container-muxer-webm: aa71ff27fc2769a1b78a27578f13a17b -> 
  custom:video-decoder-webm-vp8: 9c59270c3fd7afecdb556c50c9e8de78 -> 
  custom:SearchIndexIgnoredProperties: e643bd26f0fe6173181afceb89e7c659 -> 
  custom:AudioImporter_EditorPlatform: d09bf68614088b80899f8185d706f6e7 -> 
  custom:video-encoder-webm-vp8: eb34c28f22e8b96e1ab97ce403110664 -> 
  custom:audio-decoder-ogg-vorbis: bf7c407c2cedff20999df2af8eb42d56 -> 
  custom:audio-encoder-webm-vorbis: bf7c407c2cedff20999df2af8eb42d56 -> 
========================================================================
Received Prepare
Caller must complete domain reload
Begin MonoManager ReloadAssembly
- Loaded All Assemblies, in  1.570 seconds
Native extension for WindowsStandalone target not found
[Package Manager] Server::EnsureServerProcessIsRunning -- launch failed, reason: Unity was launched with the -noUpm command-line argument
[Package Manager] UpmClient::Send -- Unable to send message (not connected to UPM process).
[Package Manager] Cannot connect to Unity Package Manager local server
Mono: successfully reloaded assembly
- Finished resetting the current domain, in  1.505 seconds
Domain Reload Profiling: 3071ms
	BeginReloadAssembly (1000ms)
		ExecutionOrderSort (0ms)
		DisableScriptedObjects (787ms)
		BackupInstance (0ms)
		ReleaseScriptingObjects (0ms)
		CreateAndSetChildDomain (53ms)
	RebuildCommonClasses (54ms)
	RebuildNativeTypeToScriptingClass (19ms)
	initialDomainReloadingComplete (54ms)
	LoadAllAssembliesAndSetupDomain (437ms)
		LoadAssemblies (524ms)
		RebuildTransferFunctionScriptingTraits (0ms)
		AnalyzeDomain (28ms)
			TypeCache.Refresh (11ms)
				TypeCache.ScanAssembly (0ms)
			ScanForSourceGeneratedMonoScriptInfo (0ms)
			ResolveRequiredComponents (15ms)
	FinalizeReload (1506ms)
		ReleaseScriptCaches (0ms)
		RebuildScriptCaches (0ms)
		SetupLoadedEditorAssemblies (1141ms)
			LogAssemblyErrors (0ms)
			InitializePlatformSupportModulesInManaged (12ms)
			SetLoadedEditorAssemblies (7ms)
			RefreshPlugins (0ms)
			BeforeProcessingInitializeOnLoad (136ms)
			ProcessInitializeOnLoadAttributes (907ms)
			ProcessInitializeOnLoadMethodAttributes (64ms)
			AfterProcessingInitializeOnLoad (14ms)
			EditorAssembliesLoaded (1ms)
		ExecutionOrderSort2 (0ms)
		AwakeInstancesAfterBackupRestoration (27ms)
Refreshing native plugins compatible for Editor in 10.88 ms, found 4 plugins.
Preloading 0 native plugins for Editor in 0.00 ms.
Unloading 4563 Unused Serialized files (Serialized files now loaded: 0)
Unloading 20 unused Assets / (102.4 KB). Loaded Objects now: 5063.
Memory consumption went from 148.7 MB to 148.6 MB.
Total: 5.460600 ms (FindLiveObjects: 0.525500 ms CreateObjectMapping: 0.799300 ms MarkObjects: 4.015000 ms  DeleteObjects: 0.119200 ms)

Prepare: number of updated asset objects reloaded= 0
AssetImportParameters requested are different than current active one (requested -> active):
  custom:container-demuxer-ogg: 62fdf1f143b41e24485cea50d1cbac27 -> 
  custom:video-decoder-ogg-theora: a1e56fd34408186e4bbccfd4996cb3dc -> 
  custom:framework-win-MediaFoundation: 216162199b28c13a410421893ffa2e32 -> 
  custom:CustomObjectIndexerAttribute: 9a22284fe3817be447336de3de66b15e -> 
  custom:container-demuxer-webm: 4f35f7cbe854078d1ac9338744f61a02 -> 
  custom:container-muxer-webm: aa71ff27fc2769a1b78a27578f13a17b -> 
  custom:video-decoder-webm-vp8: 9c59270c3fd7afecdb556c50c9e8de78 -> 
  custom:SearchIndexIgnoredProperties: e643bd26f0fe6173181afceb89e7c659 -> 
  custom:AudioImporter_EditorPlatform: d09bf68614088b80899f8185d706f6e7 -> 
  custom:video-encoder-webm-vp8: eb34c28f22e8b96e1ab97ce403110664 -> 
  custom:audio-decoder-ogg-vorbis: bf7c407c2cedff20999df2af8eb42d56 -> 
  custom:audio-encoder-webm-vorbis: bf7c407c2cedff20999df2af8eb42d56 -> 
========================================================================
Received Prepare
Caller must complete domain reload
Begin MonoManager ReloadAssembly
- Loaded All Assemblies, in  0.663 seconds
Native extension for WindowsStandalone target not found
[Package Manager] Server::EnsureServerProcessIsRunning -- launch failed, reason: Unity was launched with the -noUpm command-line argument
[Package Manager] UpmClient::Send -- Unable to send message (not connected to UPM process).
[Package Manager] Cannot connect to Unity Package Manager local server
Mono: successfully reloaded assembly
- Finished resetting the current domain, in  2.136 seconds
Domain Reload Profiling: 2796ms
	BeginReloadAssembly (215ms)
		ExecutionOrderSort (0ms)
		DisableScriptedObjects (16ms)
		BackupInstance (0ms)
		ReleaseScriptingObjects (0ms)
		CreateAndSetChildDomain (50ms)
	RebuildCommonClasses (51ms)
	RebuildNativeTypeToScriptingClass (18ms)
	initialDomainReloadingComplete (45ms)
	LoadAllAssembliesAndSetupDomain (330ms)
		LoadAssemblies (411ms)
		RebuildTransferFunctionScriptingTraits (0ms)
		AnalyzeDomain (27ms)
			TypeCache.Refresh (9ms)
				TypeCache.ScanAssembly (0ms)
			ScanForSourceGeneratedMonoScriptInfo (0ms)
			ResolveRequiredComponents (14ms)
	FinalizeReload (2137ms)
		ReleaseScriptCaches (0ms)
		RebuildScriptCaches (0ms)
		SetupLoadedEditorAssemblies (1049ms)
			LogAssemblyErrors (0ms)
			InitializePlatformSupportModulesInManaged (20ms)
			SetLoadedEditorAssemblies (6ms)
			RefreshPlugins (0ms)
			BeforeProcessingInitializeOnLoad (129ms)
			ProcessInitializeOnLoadAttributes (817ms)
			ProcessInitializeOnLoadMethodAttributes (64ms)
			AfterProcessingInitializeOnLoad (12ms)
			EditorAssembliesLoaded (1ms)
		ExecutionOrderSort2 (0ms)
		AwakeInstancesAfterBackupRestoration (23ms)
Refreshing native plugins compatible for Editor in 11.60 ms, found 4 plugins.
Preloading 0 native plugins for Editor in 0.00 ms.
Unloading 4563 Unused Serialized files (Serialized files now loaded: 0)
Unloading 20 unused Assets / (102.4 KB). Loaded Objects now: 5079.
Memory consumption went from 148.7 MB to 148.6 MB.
Total: 8.205400 ms (FindLiveObjects: 0.753600 ms CreateObjectMapping: 0.790000 ms MarkObjects: 6.536100 ms  DeleteObjects: 0.123700 ms)

Prepare: number of updated asset objects reloaded= 0
AssetImportParameters requested are different than current active one (requested -> active):
  custom:container-demuxer-ogg: 62fdf1f143b41e24485cea50d1cbac27 -> 
  custom:video-decoder-ogg-theora: a1e56fd34408186e4bbccfd4996cb3dc -> 
  custom:framework-win-MediaFoundation: 216162199b28c13a410421893ffa2e32 -> 
  custom:CustomObjectIndexerAttribute: 9a22284fe3817be447336de3de66b15e -> 
  custom:container-demuxer-webm: 4f35f7cbe854078d1ac9338744f61a02 -> 
  custom:container-muxer-webm: aa71ff27fc2769a1b78a27578f13a17b -> 
  custom:video-decoder-webm-vp8: 9c59270c3fd7afecdb556c50c9e8de78 -> 
  custom:SearchIndexIgnoredProperties: e643bd26f0fe6173181afceb89e7c659 -> 
  custom:AudioImporter_EditorPlatform: d09bf68614088b80899f8185d706f6e7 -> 
  custom:video-encoder-webm-vp8: eb34c28f22e8b96e1ab97ce403110664 -> 
  custom:audio-decoder-ogg-vorbis: bf7c407c2cedff20999df2af8eb42d56 -> 
  custom:audio-encoder-webm-vorbis: bf7c407c2cedff20999df2af8eb42d56 -> 
========================================================================
Received Import Request.
  Time since last request: 533953.295445 seconds.
  path: Assets/Tilesets/TilesEscena2/Cueva1/tileset-cave_37.asset
  artifactKey: Guid(89a91efeea928164081ab33476616005) Importer(815301076,1909f56bfc062723c751e8b465ee728b)
Start importing Assets/Tilesets/TilesEscena2/Cueva1/tileset-cave_37.asset using Guid(89a91efeea928164081ab33476616005) Importer(815301076,1909f56bfc062723c751e8b465ee728b) [PhysX] Initialized MultithreadedTaskDispatcher with 8 workers.
 -> (artifact id: '0d6bfc1684ffa4e548f26b5df1e495f2') in 0.138025 seconds
Number of updated asset objects reloaded before import = 0
Number of asset objects unloaded after import = 3
========================================================================
Received Import Request.
  Time since last request: 0.000131 seconds.
  path: Assets/Tilesets/TilesEscena2/Cueva1/tileset-cave_40.asset
  artifactKey: Guid(ea54368cd9a53044ba6e7f30f5b27733) Importer(815301076,1909f56bfc062723c751e8b465ee728b)
Start importing Assets/Tilesets/TilesEscena2/Cueva1/tileset-cave_40.asset using Guid(ea54368cd9a53044ba6e7f30f5b27733) Importer(815301076,1909f56bfc062723c751e8b465ee728b) [PhysX] Initialized MultithreadedTaskDispatcher with 8 workers.
 -> (artifact id: 'ff71b3711ba1a99914ff7dcb8e69b1b9') in 0.009815 seconds
Number of updated asset objects reloaded before import = 0
Number of asset objects unloaded after import = 3
========================================================================
Received Import Request.
  Time since last request: 0.000028 seconds.
  path: Assets/Tilesets/TilesEscena2/Cueva1/tileset-cave_38.asset
  artifactKey: Guid(9e368d92377f9874f88993eee1beaef2) Importer(815301076,1909f56bfc062723c751e8b465ee728b)
Start importing Assets/Tilesets/TilesEscena2/Cueva1/tileset-cave_38.asset using Guid(9e368d92377f9874f88993eee1beaef2) Importer(815301076,1909f56bfc062723c751e8b465ee728b) [PhysX] Initialized MultithreadedTaskDispatcher with 8 workers.
 -> (artifact id: 'b87e48ae5479594c16e4feeeffcf52c8') in 0.011002 seconds
Number of updated asset objects reloaded before import = 0
Number of asset objects unloaded after import = 3
========================================================================
Received Import Request.
  Time since last request: 0.000026 seconds.
  path: Assets/Tilesets/TilesEscena2/Cueva1/tileset-cave_49.asset
  artifactKey: Guid(31ffdfb516c406a45806cf06ae9390f0) Importer(815301076,1909f56bfc062723c751e8b465ee728b)
Start importing Assets/Tilesets/TilesEscena2/Cueva1/tileset-cave_49.asset using Guid(31ffdfb516c406a45806cf06ae9390f0) Importer(815301076,1909f56bfc062723c751e8b465ee728b) [PhysX] Initialized MultithreadedTaskDispatcher with 8 workers.
 -> (artifact id: '55079f47907df3b739419af4b180026f') in 0.011531 seconds
Number of updated asset objects reloaded before import = 0
Number of asset objects unloaded after import = 3
========================================================================
Received Import Request.
  Time since last request: 0.000027 seconds.
  path: Assets/Tilesets/TilesEscena2/Cueva1/tileset-cave_46.asset
  artifactKey: Guid(2ef2f1c38cee6724080fc7ff2306920f) Importer(815301076,1909f56bfc062723c751e8b465ee728b)
Start importing Assets/Tilesets/TilesEscena2/Cueva1/tileset-cave_46.asset using Guid(2ef2f1c38cee6724080fc7ff2306920f) Importer(815301076,1909f56bfc062723c751e8b465ee728b) [PhysX] Initialized MultithreadedTaskDispatcher with 8 workers.
 -> (artifact id: '59884bd671a9f48a42df247fbf4ad96e') in 0.013312 seconds
Number of updated asset objects reloaded before import = 0
Number of asset objects unloaded after import = 3
========================================================================
Received Import Request.
  Time since last request: 0.000026 seconds.
  path: Assets/Tilesets/TilesEscena2/Cueva1/tileset-cave_48.asset
  artifactKey: Guid(0cf75c5cd10c7b241a08d8c5f6fb39e7) Importer(815301076,1909f56bfc062723c751e8b465ee728b)
Start importing Assets/Tilesets/TilesEscena2/Cueva1/tileset-cave_48.asset using Guid(0cf75c5cd10c7b241a08d8c5f6fb39e7) Importer(815301076,1909f56bfc062723c751e8b465ee728b) [PhysX] Initialized MultithreadedTaskDispatcher with 8 workers.
 -> (artifact id: 'f71f0153886ff6d8de0286bfaf96a491') in 0.009712 seconds
Number of updated asset objects reloaded before import = 0
Number of asset objects unloaded after import = 3
========================================================================
Received Import Request.
  Time since last request: 0.000022 seconds.
  path: Assets/Tilesets/TilesEscena2/Cueva1/tileset-cave_53.asset
  artifactKey: Guid(3f785c8381afcea41a537ae8abe6bd6f) Importer(815301076,1909f56bfc062723c751e8b465ee728b)
Start importing Assets/Tilesets/TilesEscena2/Cueva1/tileset-cave_53.asset using Guid(3f785c8381afcea41a537ae8abe6bd6f) Importer(815301076,1909f56bfc062723c751e8b465ee728b) [PhysX] Initialized MultithreadedTaskDispatcher with 8 workers.
 -> (artifact id: 'ac7aed492b1a0cb1d7fa16f30b58c3e3') in 0.013078 seconds
Number of updated asset objects reloaded before import = 0
Number of asset objects unloaded after import = 3
========================================================================
Received Import Request.
  Time since last request: 0.000036 seconds.
  path: Assets/Tilesets/TilesEscena2/Cueva1/tileset-cave_47.asset
  artifactKey: Guid(f10884bac18e65c4093f14329cd12e76) Importer(815301076,1909f56bfc062723c751e8b465ee728b)
Start importing Assets/Tilesets/TilesEscena2/Cueva1/tileset-cave_47.asset using Guid(f10884bac18e65c4093f14329cd12e76) Importer(815301076,1909f56bfc062723c751e8b465ee728b) [PhysX] Initialized MultithreadedTaskDispatcher with 8 workers.
 -> (artifact id: 'b609d04f4a0ee359cc1072d5c57558cf') in 0.010102 seconds
Number of updated asset objects reloaded before import = 0
Number of asset objects unloaded after import = 3
========================================================================
Received Import Request.
  Time since last request: 0.000024 seconds.
  path: Assets/Tilesets/TilesEscena2/Cueva1/tileset-cave_39.asset
  artifactKey: Guid(914e8498be9a56444b3b804612791018) Importer(815301076,1909f56bfc062723c751e8b465ee728b)
Start importing Assets/Tilesets/TilesEscena2/Cueva1/tileset-cave_39.asset using Guid(914e8498be9a56444b3b804612791018) Importer(815301076,1909f56bfc062723c751e8b465ee728b) [PhysX] Initialized MultithreadedTaskDispatcher with 8 workers.
 -> (artifact id: '178bd1d16a927e74323bca1e79706275') in 0.012303 seconds
Number of updated asset objects reloaded before import = 0
Number of asset objects unloaded after import = 3
========================================================================
Received Import Request.
  Time since last request: 0.304899 seconds.
  path: Assets/Tilesets/TilesEscena2/Cueva1/tileset-cave_56.asset
  artifactKey: Guid(65e6925dd783c1849b16672448e8bd4f) Importer(815301076,1909f56bfc062723c751e8b465ee728b)
Start importing Assets/Tilesets/TilesEscena2/Cueva1/tileset-cave_56.asset using Guid(65e6925dd783c1849b16672448e8bd4f) Importer(815301076,1909f56bfc062723c751e8b465ee728b) [PhysX] Initialized MultithreadedTaskDispatcher with 8 workers.
 -> (artifact id: '04f263c02a703476f916a790a2a914e6') in 0.009478 seconds
Number of updated asset objects reloaded before import = 0
Number of asset objects unloaded after import = 3
========================================================================
Received Import Request.
  Time since last request: 0.000026 seconds.
  path: Assets/Tilesets/TilesEscena2/Cueva1/tileset-cave_58.asset
  artifactKey: Guid(4c66e9e28e968dc419837109aeb55edd) Importer(815301076,1909f56bfc062723c751e8b465ee728b)
Start importing Assets/Tilesets/TilesEscena2/Cueva1/tileset-cave_58.asset using Guid(4c66e9e28e968dc419837109aeb55edd) Importer(815301076,1909f56bfc062723c751e8b465ee728b) [PhysX] Initialized MultithreadedTaskDispatcher with 8 workers.
 -> (artifact id: '2207e9b79ee0dff76247af6f57be2e54') in 0.009749 seconds
Number of updated asset objects reloaded before import = 0
Number of asset objects unloaded after import = 3
========================================================================
Received Import Request.
  Time since last request: 0.000023 seconds.
  path: Assets/Tilesets/TilesEscena2/Cueva1/tileset-cave_60.asset
  artifactKey: Guid(df7466431c90a564cbf8455b2902da5e) Importer(815301076,1909f56bfc062723c751e8b465ee728b)
Start importing Assets/Tilesets/TilesEscena2/Cueva1/tileset-cave_60.asset using Guid(df7466431c90a564cbf8455b2902da5e) Importer(815301076,1909f56bfc062723c751e8b465ee728b) [PhysX] Initialized MultithreadedTaskDispatcher with 8 workers.
 -> (artifact id: 'c92902a2668110a86624d924df91643b') in 0.012908 seconds
Number of updated asset objects reloaded before import = 0
Number of asset objects unloaded after import = 3
========================================================================
Received Import Request.
  Time since last request: 0.000059 seconds.
  path: Assets/Tilesets/TilesEscena2/Cueva1/tileset-cave_64.asset
  artifactKey: Guid(4f9be941f87ea0c4c96d6be9ccc6c58e) Importer(815301076,1909f56bfc062723c751e8b465ee728b)
Start importing Assets/Tilesets/TilesEscena2/Cueva1/tileset-cave_64.asset using Guid(4f9be941f87ea0c4c96d6be9ccc6c58e) Importer(815301076,1909f56bfc062723c751e8b465ee728b) [PhysX] Initialized MultithreadedTaskDispatcher with 8 workers.
 -> (artifact id: '7e19dd6a2047fbf0da406f429c6d314b') in 0.011031 seconds
Number of updated asset objects reloaded before import = 0
Number of asset objects unloaded after import = 3
========================================================================
Received Import Request.
  Time since last request: 0.000038 seconds.
  path: Assets/Tilesets/TilesEscena2/Cueva1/tileset-cave_57.asset
  artifactKey: Guid(68b242ffdcee65f40bbe65dd0799f9d8) Importer(815301076,1909f56bfc062723c751e8b465ee728b)
Start importing Assets/Tilesets/TilesEscena2/Cueva1/tileset-cave_57.asset using Guid(68b242ffdcee65f40bbe65dd0799f9d8) Importer(815301076,1909f56bfc062723c751e8b465ee728b) [PhysX] Initialized MultithreadedTaskDispatcher with 8 workers.
 -> (artifact id: '60d8597b0c3227c23e62403e2aa2f4c4') in 0.023753 seconds
Number of updated asset objects reloaded before import = 0
Number of asset objects unloaded after import = 3
========================================================================
Received Import Request.
  Time since last request: 0.000026 seconds.
  path: Assets/Tilesets/TilesEscena2/Cueva1/tileset-cave_78.asset
  artifactKey: Guid(c07ce0897a86ca94c8444a726c957d35) Importer(815301076,1909f56bfc062723c751e8b465ee728b)
Start importing Assets/Tilesets/TilesEscena2/Cueva1/tileset-cave_78.asset using Guid(c07ce0897a86ca94c8444a726c957d35) Importer(815301076,1909f56bfc062723c751e8b465ee728b) [PhysX] Initialized MultithreadedTaskDispatcher with 8 workers.
 -> (artifact id: '13fb95dc6dc53fa2a38fffbab66eb1c3') in 0.011425 seconds
Number of updated asset objects reloaded before import = 0
Number of asset objects unloaded after import = 3
========================================================================
Received Import Request.
  Time since last request: 0.000022 seconds.
  path: Assets/Tilesets/TilesEscena2/Cueva1/tileset-cave_72.asset
  artifactKey: Guid(e251c2f05710eda4bb4ce71650c76cf5) Importer(815301076,1909f56bfc062723c751e8b465ee728b)
Start importing Assets/Tilesets/TilesEscena2/Cueva1/tileset-cave_72.asset using Guid(e251c2f05710eda4bb4ce71650c76cf5) Importer(815301076,1909f56bfc062723c751e8b465ee728b) [PhysX] Initialized MultithreadedTaskDispatcher with 8 workers.
 -> (artifact id: '672ded1a1deed2cd1d34e486477f0fbb') in 0.022401 seconds
Number of updated asset objects reloaded before import = 0
Number of asset objects unloaded after import = 3
========================================================================
Received Import Request.
  Time since last request: 0.000028 seconds.
  path: Assets/Tilesets/TilesEscena2/Cueva1/tileset-cave_84.asset
  artifactKey: Guid(0ceff98d9e1e1714ea915c45401ae991) Importer(815301076,1909f56bfc062723c751e8b465ee728b)
Start importing Assets/Tilesets/TilesEscena2/Cueva1/tileset-cave_84.asset using Guid(0ceff98d9e1e1714ea915c45401ae991) Importer(815301076,1909f56bfc062723c751e8b465ee728b) [PhysX] Initialized MultithreadedTaskDispatcher with 8 workers.
 -> (artifact id: '1fc2131f1978944f0b0e7857ba80a84c') in 0.009548 seconds
Number of updated asset objects reloaded before import = 0
Number of asset objects unloaded after import = 3
========================================================================
Received Import Request.
  Time since last request: 0.000040 seconds.
  path: Assets/Tilesets/TilesEscena2/Cueva1/tileset-cave_86.asset
  artifactKey: Guid(c1085ab105edf6b4dae6e1c31c3bd268) Importer(815301076,1909f56bfc062723c751e8b465ee728b)
Start importing Assets/Tilesets/TilesEscena2/Cueva1/tileset-cave_86.asset using Guid(c1085ab105edf6b4dae6e1c31c3bd268) Importer(815301076,1909f56bfc062723c751e8b465ee728b) [PhysX] Initialized MultithreadedTaskDispatcher with 8 workers.
 -> (artifact id: '7dccafe9c07d91415e1fe2ae987ce457') in 0.010275 seconds
Number of updated asset objects reloaded before import = 0
Number of asset objects unloaded after import = 3
========================================================================
Received Import Request.
  Time since last request: 0.000026 seconds.
  path: Assets/Tilesets/TilesEscena2/Cueva1/tileset-cave_70.asset
  artifactKey: Guid(669e3ea1f3b6fb54a9903d89b4a73a7f) Importer(815301076,1909f56bfc062723c751e8b465ee728b)
Start importing Assets/Tilesets/TilesEscena2/Cueva1/tileset-cave_70.asset using Guid(669e3ea1f3b6fb54a9903d89b4a73a7f) Importer(815301076,1909f56bfc062723c751e8b465ee728b) [PhysX] Initialized MultithreadedTaskDispatcher with 8 workers.
 -> (artifact id: '8831638bb754a91e0b357ee05a507310') in 0.010674 seconds
Number of updated asset objects reloaded before import = 0
Number of asset objects unloaded after import = 3
========================================================================
Received Import Request.
  Time since last request: 0.000025 seconds.
  path: Assets/Tilesets/TilesEscena2/Cueva1/tileset-cave_74.asset
  artifactKey: Guid(51b2105b17052d640a1f6b24bfef9e0e) Importer(815301076,1909f56bfc062723c751e8b465ee728b)
Start importing Assets/Tilesets/TilesEscena2/Cueva1/tileset-cave_74.asset using Guid(51b2105b17052d640a1f6b24bfef9e0e) Importer(815301076,1909f56bfc062723c751e8b465ee728b) [PhysX] Initialized MultithreadedTaskDispatcher with 8 workers.
 -> (artifact id: '35f31e8d19b4feb6f8a9af31d0a85772') in 0.012694 seconds
Number of updated asset objects reloaded before import = 0
Number of asset objects unloaded after import = 3
========================================================================
Received Import Request.
  Time since last request: 0.000027 seconds.
  path: Assets/Tilesets/TilesEscena2/Cueva1/tileset-cave_90.asset
  artifactKey: Guid(91d874d3bff04b643a05a6d5aeacb320) Importer(815301076,1909f56bfc062723c751e8b465ee728b)
Start importing Assets/Tilesets/TilesEscena2/Cueva1/tileset-cave_90.asset using Guid(91d874d3bff04b643a05a6d5aeacb320) Importer(815301076,1909f56bfc062723c751e8b465ee728b) [PhysX] Initialized MultithreadedTaskDispatcher with 8 workers.
 -> (artifact id: 'a7b11e0a626793067745596504a0e248') in 0.010247 seconds
Number of updated asset objects reloaded before import = 0
Number of asset objects unloaded after import = 3
========================================================================
Received Import Request.
  Time since last request: 0.000030 seconds.
  path: Assets/Tilesets/TilesEscena2/Cueva1/tileset-cave_65.asset
  artifactKey: Guid(43f3a286d30dd714d95d518aec6e190e) Importer(815301076,1909f56bfc062723c751e8b465ee728b)
Start importing Assets/Tilesets/TilesEscena2/Cueva1/tileset-cave_65.asset using Guid(43f3a286d30dd714d95d518aec6e190e) Importer(815301076,1909f56bfc062723c751e8b465ee728b) [PhysX] Initialized MultithreadedTaskDispatcher with 8 workers.
 -> (artifact id: 'e8b891c35668ca133bf74b06e3ea193a') in 0.014819 seconds
Number of updated asset objects reloaded before import = 0
Number of asset objects unloaded after import = 3
========================================================================
Received Import Request.
  Time since last request: 0.000027 seconds.
  path: Assets/Tilesets/TilesEscena2/Cueva1/tileset-cave_66.asset
  artifactKey: Guid(3bd257805997a7f44bd02f832f174e46) Importer(815301076,1909f56bfc062723c751e8b465ee728b)
Start importing Assets/Tilesets/TilesEscena2/Cueva1/tileset-cave_66.asset using Guid(3bd257805997a7f44bd02f832f174e46) Importer(815301076,1909f56bfc062723c751e8b465ee728b) [PhysX] Initialized MultithreadedTaskDispatcher with 8 workers.
 -> (artifact id: 'fd3ed2fdc3105a520921c3298289ab7d') in 0.012101 seconds
Number of updated asset objects reloaded before import = 0
Number of asset objects unloaded after import = 3
========================================================================
Received Import Request.
  Time since last request: 0.000024 seconds.
  path: Assets/Tilesets/TilesEscena2/Cueva1/tileset-cave_99.asset
  artifactKey: Guid(5f6f0a26cdeb85347b93d7662991e2e5) Importer(815301076,1909f56bfc062723c751e8b465ee728b)
Start importing Assets/Tilesets/TilesEscena2/Cueva1/tileset-cave_99.asset using Guid(5f6f0a26cdeb85347b93d7662991e2e5) Importer(815301076,1909f56bfc062723c751e8b465ee728b) [PhysX] Initialized MultithreadedTaskDispatcher with 8 workers.
 -> (artifact id: '5c1fa50706ef7e143d5332597d991e91') in 0.011692 seconds
Number of updated asset objects reloaded before import = 0
Number of asset objects unloaded after import = 3
========================================================================
Received Import Request.
  Time since last request: 0.000028 seconds.
  path: Assets/Tilesets/TilesEscena2/Cueva1/tileset-cave_101.asset
  artifactKey: Guid(e8dac48ab3b89994e8745871206c979b) Importer(815301076,1909f56bfc062723c751e8b465ee728b)
Start importing Assets/Tilesets/TilesEscena2/Cueva1/tileset-cave_101.asset using Guid(e8dac48ab3b89994e8745871206c979b) Importer(815301076,1909f56bfc062723c751e8b465ee728b) [PhysX] Initialized MultithreadedTaskDispatcher with 8 workers.
 -> (artifact id: '6d61c7f4cf35c4fa9c82d0301063e5e2') in 0.011502 seconds
Number of updated asset objects reloaded before import = 0
Number of asset objects unloaded after import = 3
========================================================================
Received Import Request.
  Time since last request: 0.000029 seconds.
  path: Assets/Tilesets/TilesEscena2/Cueva1/tileset-cave_88.asset
  artifactKey: Guid(72ec1b0ae25606146bd06ebec1b55219) Importer(815301076,1909f56bfc062723c751e8b465ee728b)
Start importing Assets/Tilesets/TilesEscena2/Cueva1/tileset-cave_88.asset using Guid(72ec1b0ae25606146bd06ebec1b55219) Importer(815301076,1909f56bfc062723c751e8b465ee728b) [PhysX] Initialized MultithreadedTaskDispatcher with 8 workers.
 -> (artifact id: '1669afcf017690b615661d276aea3e53') in 0.011697 seconds
Number of updated asset objects reloaded before import = 0
Number of asset objects unloaded after import = 3
========================================================================
Received Import Request.
  Time since last request: 0.000029 seconds.
  path: Assets/Tilesets/TilesEscena2/Cueva1/tileset-cave_75.asset
  artifactKey: Guid(e5081e44586bbf3498d47f5105054eea) Importer(815301076,1909f56bfc062723c751e8b465ee728b)
Start importing Assets/Tilesets/TilesEscena2/Cueva1/tileset-cave_75.asset using Guid(e5081e44586bbf3498d47f5105054eea) Importer(815301076,1909f56bfc062723c751e8b465ee728b) [PhysX] Initialized MultithreadedTaskDispatcher with 8 workers.
 -> (artifact id: 'dad918cdd8537d09403f7ac48f32b5f4') in 0.012102 seconds
Number of updated asset objects reloaded before import = 0
Number of asset objects unloaded after import = 3
========================================================================
Received Import Request.
  Time since last request: 0.000032 seconds.
  path: Assets/Tilesets/TilesEscena2/Cueva1/tileset-cave_93.asset
  artifactKey: Guid(35fa628f3df740e429d8d718ae18e4ee) Importer(815301076,1909f56bfc062723c751e8b465ee728b)
Start importing Assets/Tilesets/TilesEscena2/Cueva1/tileset-cave_93.asset using Guid(35fa628f3df740e429d8d718ae18e4ee) Importer(815301076,1909f56bfc062723c751e8b465ee728b) [PhysX] Initialized MultithreadedTaskDispatcher with 8 workers.
 -> (artifact id: 'c282d5ede03c7411c5c771227a2fd3ea') in 0.012140 seconds
Number of updated asset objects reloaded before import = 0
Number of asset objects unloaded after import = 3
========================================================================
Received Import Request.
  Time since last request: 0.000053 seconds.
  path: Assets/Tilesets/TilesEscena2/Cueva1/tileset-cave_89.asset
  artifactKey: Guid(f15003557b9fc024388c0067abc23e93) Importer(815301076,1909f56bfc062723c751e8b465ee728b)
Start importing Assets/Tilesets/TilesEscena2/Cueva1/tileset-cave_89.asset using Guid(f15003557b9fc024388c0067abc23e93) Importer(815301076,1909f56bfc062723c751e8b465ee728b) [PhysX] Initialized MultithreadedTaskDispatcher with 8 workers.
 -> (artifact id: '4424be83300f8865baeb63cd64f208be') in 0.011566 seconds
Number of updated asset objects reloaded before import = 0
Number of asset objects unloaded after import = 3
========================================================================
Received Import Request.
  Time since last request: 0.000027 seconds.
  path: Assets/Tilesets/TilesEscena2/Cueva1/tileset-cave_91.asset
  artifactKey: Guid(db3565cf56c9ce24795b99366ba7a039) Importer(815301076,1909f56bfc062723c751e8b465ee728b)
Start importing Assets/Tilesets/TilesEscena2/Cueva1/tileset-cave_91.asset using Guid(db3565cf56c9ce24795b99366ba7a039) Importer(815301076,1909f56bfc062723c751e8b465ee728b) [PhysX] Initialized MultithreadedTaskDispatcher with 8 workers.
 -> (artifact id: '90318e4cd3e11e33d1a6331bb7725035') in 0.011300 seconds
Number of updated asset objects reloaded before import = 0
Number of asset objects unloaded after import = 3
========================================================================
Received Import Request.
  Time since last request: 0.000043 seconds.
  path: Assets/Tilesets/TilesEscena2/Cueva1/tileset-cave_87.asset
  artifactKey: Guid(3d586452ae4b98c41974d3d7b379d8c7) Importer(815301076,1909f56bfc062723c751e8b465ee728b)
Start importing Assets/Tilesets/TilesEscena2/Cueva1/tileset-cave_87.asset using Guid(3d586452ae4b98c41974d3d7b379d8c7) Importer(815301076,1909f56bfc062723c751e8b465ee728b) [PhysX] Initialized MultithreadedTaskDispatcher with 8 workers.
 -> (artifact id: '7e7500d617214cf03f81288b09456a9f') in 0.010909 seconds
Number of updated asset objects reloaded before import = 0
Number of asset objects unloaded after import = 3
========================================================================
Received Import Request.
  Time since last request: 0.000025 seconds.
  path: Assets/Tilesets/TilesEscena2/Cueva1/tileset-cave_97.asset
  artifactKey: Guid(eeb0484629b8f7c43a57b4c078b6ff19) Importer(815301076,1909f56bfc062723c751e8b465ee728b)
Start importing Assets/Tilesets/TilesEscena2/Cueva1/tileset-cave_97.asset using Guid(eeb0484629b8f7c43a57b4c078b6ff19) Importer(815301076,1909f56bfc062723c751e8b465ee728b) [PhysX] Initialized MultithreadedTaskDispatcher with 8 workers.
 -> (artifact id: '10414b8bb88be5a19ba42b3b360af33e') in 0.013038 seconds
Number of updated asset objects reloaded before import = 0
Number of asset objects unloaded after import = 3
========================================================================
Received Import Request.
  Time since last request: 0.000037 seconds.
  path: Assets/Tilesets/TilesEscena2/Cueva1/tileset-cave_67.asset
  artifactKey: Guid(0695146d32a9fc341989dbd74a4d4422) Importer(815301076,1909f56bfc062723c751e8b465ee728b)
Start importing Assets/Tilesets/TilesEscena2/Cueva1/tileset-cave_67.asset using Guid(0695146d32a9fc341989dbd74a4d4422) Importer(815301076,1909f56bfc062723c751e8b465ee728b) [PhysX] Initialized MultithreadedTaskDispatcher with 8 workers.
 -> (artifact id: '022239b879ef7842ab7662f2c80c7d47') in 0.027699 seconds
Number of updated asset objects reloaded before import = 0
Number of asset objects unloaded after import = 3
Editor requested this worker to shutdown with reason: Scaling down because of idle timeout
TcpMessagingSession - receive error: operation aborted. errorcode: 995, details: La operación de E/S se anuló por una salida de subproceso o por una solicitud de aplicación.
AssetImportWorker is now disconnected from the server
Process exiting
Exiting without the bug reporter. Application will terminate with return code 0