Using pre-set license
Built from '2022.3/staging' branch; Version is '2022.3.46f1 (8e9b8558c41a) revision 9345925'; Using compiler version '192829333'; Build Type 'Release'
OS: 'Windows 11  (10.0.22631) 64bit Core' Language: 'es' Physical Memory: 7971 MB
BatchMode: 1, IsHumanControllingUs: 0, StartBugReporterOnCrash: 0, Is64bit: 1, IsPro: 1

COMMAND LINE ARGUMENTS:
C:\Program Files\Unity\Hub\Editor\2022.3.46f1\Editor\Unity.exe
-adb2
-batchMode
-noUpm
-name
AssetImportWorker3
-projectPath
C:/Users/34654/ProyectoUT2MatiasRojas/Proyecto2DMatiasRojas
-logFile
Logs/AssetImportWorker3.log
-srvPort
62035
Successfully changed project path to: C:/Users/34654/ProyectoUT2MatiasRojas/Proyecto2DMatiasRojas
C:/Users/34654/ProyectoUT2MatiasRojas/Proyecto2DMatiasRojas
[UnityMemory] Configuration Parameters - Can be set up in boot.config
    "memorysetup-bucket-allocator-granularity=16"
    "memorysetup-bucket-allocator-bucket-count=8"
    "memorysetup-bucket-allocator-block-size=33554432"
    "memorysetup-bucket-allocator-block-count=8"
    "memorysetup-main-allocator-block-size=16777216"
    "memorysetup-thread-allocator-block-size=16777216"
    "memorysetup-gfx-main-allocator-block-size=16777216"
    "memorysetup-gfx-thread-allocator-block-size=16777216"
    "memorysetup-cache-allocator-block-size=4194304"
    "memorysetup-typetree-allocator-block-size=2097152"
    "memorysetup-profiler-bucket-allocator-granularity=16"
    "memorysetup-profiler-bucket-allocator-bucket-count=8"
    "memorysetup-profiler-bucket-allocator-block-size=33554432"
    "memorysetup-profiler-bucket-allocator-block-count=8"
    "memorysetup-profiler-allocator-block-size=16777216"
    "memorysetup-profiler-editor-allocator-block-size=1048576"
    "memorysetup-temp-allocator-size-main=16777216"
    "memorysetup-job-temp-allocator-block-size=2097152"
    "memorysetup-job-temp-allocator-block-size-background=1048576"
    "memorysetup-job-temp-allocator-reduction-small-platforms=262144"
    "memorysetup-allocator-temp-initial-block-size-main=262144"
    "memorysetup-allocator-temp-initial-block-size-worker=262144"
    "memorysetup-temp-allocator-size-background-worker=32768"
    "memorysetup-temp-allocator-size-job-worker=262144"
    "memorysetup-temp-allocator-size-preload-manager=33554432"
    "memorysetup-temp-allocator-size-nav-mesh-worker=65536"
    "memorysetup-temp-allocator-size-audio-worker=65536"
    "memorysetup-temp-allocator-size-cloud-worker=32768"
    "memorysetup-temp-allocator-size-gi-baking-worker=262144"
    "memorysetup-temp-allocator-size-gfx=262144"
Player connection [22520]  Target information:

Player connection [22520]  * "[IP] 192.168.56.1 [Port] 0 [Flags] 2 [Guid] 3012819714 [EditorId] 3012819714 [Version] 1048832 [Id] WindowsEditor(7,LAPTOP-OJ53L34I) [Debug] 1 [PackageName] WindowsEditor [ProjectName] Editor" 

Player connection [22520]  * "[IP] 192.168.1.132 [Port] 0 [Flags] 2 [Guid] 3012819714 [EditorId] 3012819714 [Version] 1048832 [Id] WindowsEditor(7,LAPTOP-OJ53L34I) [Debug] 1 [PackageName] WindowsEditor [ProjectName] Editor" 

Player connection [22520] Host joined multi-casting on [225.0.0.222:54997]...
Player connection [22520] Host joined alternative multi-casting on [225.0.0.222:34997]...
[PhysX] Initialized MultithreadedTaskDispatcher with 8 workers.
Refreshing native plugins compatible for Editor in 15.56 ms, found 4 plugins.
Preloading 0 native plugins for Editor in 0.00 ms.
Initialize engine version: 2022.3.46f1 (8e9b8558c41a)
[Subsystems] Discovering subsystems at path C:/Program Files/Unity/Hub/Editor/2022.3.46f1/Editor/Data/Resources/UnitySubsystems
[Subsystems] Discovering subsystems at path C:/Users/34654/ProyectoUT2MatiasRojas/Proyecto2DMatiasRojas/Assets
GfxDevice: creating device client; threaded=0; jobified=0
Direct3D:
    Version:  Direct3D 11.0 [level 11.1]
    Renderer: Intel(R) Iris(R) Xe Graphics (ID=0x9a49)
    Vendor:   Intel
    VRAM:     3985 MB
    Driver:   30.0.101.1404
Initialize mono
Mono path[0] = 'C:/Program Files/Unity/Hub/Editor/2022.3.46f1/Editor/Data/Managed'
Mono path[1] = 'C:/Program Files/Unity/Hub/Editor/2022.3.46f1/Editor/Data/MonoBleedingEdge/lib/mono/unityjit-win32'
Mono config path = 'C:/Program Files/Unity/Hub/Editor/2022.3.46f1/Editor/Data/MonoBleedingEdge/etc'
Using monoOptions --debugger-agent=transport=dt_socket,embedding=1,server=y,suspend=n,address=127.0.0.1:56756
Begin MonoManager ReloadAssembly
Registering precompiled unity dll's ...
Register platform support module: C:/Program Files/Unity/Hub/Editor/2022.3.46f1/Editor/Data/PlaybackEngines/WindowsStandaloneSupport/UnityEditor.WindowsStandalone.Extensions.dll
Registered in 0.005064 seconds.
- Loaded All Assemblies, in  0.306 seconds
Native extension for WindowsStandalone target not found
Mono: successfully reloaded assembly
- Finished resetting the current domain, in  0.370 seconds
Domain Reload Profiling: 676ms
	BeginReloadAssembly (109ms)
		ExecutionOrderSort (0ms)
		DisableScriptedObjects (0ms)
		BackupInstance (0ms)
		ReleaseScriptingObjects (0ms)
		CreateAndSetChildDomain (1ms)
	RebuildCommonClasses (31ms)
	RebuildNativeTypeToScriptingClass (9ms)
	initialDomainReloadingComplete (47ms)
	LoadAllAssembliesAndSetupDomain (109ms)
		LoadAssemblies (107ms)
		RebuildTransferFunctionScriptingTraits (0ms)
		AnalyzeDomain (107ms)
			TypeCache.Refresh (106ms)
				TypeCache.ScanAssembly (96ms)
			ScanForSourceGeneratedMonoScriptInfo (0ms)
			ResolveRequiredComponents (0ms)
	FinalizeReload (371ms)
		ReleaseScriptCaches (0ms)
		RebuildScriptCaches (0ms)
		SetupLoadedEditorAssemblies (318ms)
			LogAssemblyErrors (0ms)
			InitializePlatformSupportModulesInManaged (10ms)
			SetLoadedEditorAssemblies (9ms)
			RefreshPlugins (0ms)
			BeforeProcessingInitializeOnLoad (4ms)
			ProcessInitializeOnLoadAttributes (243ms)
			ProcessInitializeOnLoadMethodAttributes (52ms)
			AfterProcessingInitializeOnLoad (0ms)
			EditorAssembliesLoaded (0ms)
		ExecutionOrderSort2 (0ms)
		AwakeInstancesAfterBackupRestoration (0ms)
========================================================================
Worker process is ready to serve import requests
Caller must complete domain reload
Begin MonoManager ReloadAssembly
- Loaded All Assemblies, in  0.688 seconds
Native extension for WindowsStandalone target not found
Package Manager log level set to [2]
[Package Manager] Server::EnsureServerProcessIsRunning -- launch failed, reason: Unity was launched with the -noUpm command-line argument
[Package Manager] UpmClient::Send -- Unable to send message (not connected to UPM process).
[Package Manager] Cannot connect to Unity Package Manager local server
Mono: successfully reloaded assembly
- Finished resetting the current domain, in  0.579 seconds
Domain Reload Profiling: 1264ms
	BeginReloadAssembly (159ms)
		ExecutionOrderSort (0ms)
		DisableScriptedObjects (5ms)
		BackupInstance (0ms)
		ReleaseScriptingObjects (0ms)
		CreateAndSetChildDomain (24ms)
	RebuildCommonClasses (29ms)
	RebuildNativeTypeToScriptingClass (9ms)
	initialDomainReloadingComplete (37ms)
	LoadAllAssembliesAndSetupDomain (451ms)
		LoadAssemblies (380ms)
		RebuildTransferFunctionScriptingTraits (0ms)
		AnalyzeDomain (161ms)
			TypeCache.Refresh (130ms)
				TypeCache.ScanAssembly (114ms)
			ScanForSourceGeneratedMonoScriptInfo (19ms)
			ResolveRequiredComponents (10ms)
	FinalizeReload (580ms)
		ReleaseScriptCaches (0ms)
		RebuildScriptCaches (0ms)
		SetupLoadedEditorAssemblies (462ms)
			LogAssemblyErrors (0ms)
			InitializePlatformSupportModulesInManaged (5ms)
			SetLoadedEditorAssemblies (3ms)
			RefreshPlugins (0ms)
			BeforeProcessingInitializeOnLoad (59ms)
			ProcessInitializeOnLoadAttributes (363ms)
			ProcessInitializeOnLoadMethodAttributes (28ms)
			AfterProcessingInitializeOnLoad (5ms)
			EditorAssembliesLoaded (0ms)
		ExecutionOrderSort2 (0ms)
		AwakeInstancesAfterBackupRestoration (5ms)
Launched and connected shader compiler UnityShaderCompiler.exe after 0.08 seconds
Refreshing native plugins compatible for Editor in 6.87 ms, found 4 plugins.
Preloading 0 native plugins for Editor in 0.00 ms.
Unloading 4406 Unused Serialized files (Serialized files now loaded: 0)
Unloading 34 unused Assets / (57.1 KB). Loaded Objects now: 4877.
Memory consumption went from 147.5 MB to 147.4 MB.
Total: 4.500900 ms (FindLiveObjects: 0.535700 ms CreateObjectMapping: 0.268800 ms MarkObjects: 3.568900 ms  DeleteObjects: 0.126500 ms)

AssetImportParameters requested are different than current active one (requested -> active):
  custom:container-demuxer-ogg: 62fdf1f143b41e24485cea50d1cbac27 -> 
  custom:video-decoder-ogg-theora: a1e56fd34408186e4bbccfd4996cb3dc -> 
  custom:framework-win-MediaFoundation: 216162199b28c13a410421893ffa2e32 -> 
  custom:CustomObjectIndexerAttribute: 9a22284fe3817be447336de3de66b15e -> 
  custom:container-demuxer-webm: 4f35f7cbe854078d1ac9338744f61a02 -> 
  custom:container-muxer-webm: aa71ff27fc2769a1b78a27578f13a17b -> 
  custom:video-decoder-webm-vp8: 9c59270c3fd7afecdb556c50c9e8de78 -> 
  custom:SearchIndexIgnoredProperties: e643bd26f0fe6173181afceb89e7c659 -> 
  custom:AudioImporter_EditorPlatform: d09bf68614088b80899f8185d706f6e7 -> 
  custom:video-encoder-webm-vp8: eb34c28f22e8b96e1ab97ce403110664 -> 
  custom:audio-decoder-ogg-vorbis: bf7c407c2cedff20999df2af8eb42d56 -> 
  custom:audio-encoder-webm-vorbis: bf7c407c2cedff20999df2af8eb42d56 -> 
========================================================================
Received Import Request.
  Time since last request: 324457.185761 seconds.
  path: Assets/Basic_Platformer/Tiles/tile_0033.png
  artifactKey: Guid(6e56d6b8b72d49647835d966a88a67fd) Importer(815301076,1909f56bfc062723c751e8b465ee728b)
Start importing Assets/Basic_Platformer/Tiles/tile_0033.png using Guid(6e56d6b8b72d49647835d966a88a67fd) Importer(815301076,1909f56bfc062723c751e8b465ee728b) [PhysX] Initialized MultithreadedTaskDispatcher with 8 workers.
[PhysX] Initialized MultithreadedTaskDispatcher with 8 workers.
 -> (artifact id: '46821d28fd0bb454164731a4fa689136') in 0.148641 seconds
Number of updated asset objects reloaded before import = 0
Number of asset objects unloaded after import = 3
========================================================================
Received Import Request.
  Time since last request: 0.561306 seconds.
  path: Assets/Basic_Platformer/Tiles/tile_0042.png
  artifactKey: Guid(b61e1355af996384da8df924c2c89cd5) Importer(815301076,1909f56bfc062723c751e8b465ee728b)
Start importing Assets/Basic_Platformer/Tiles/tile_0042.png using Guid(b61e1355af996384da8df924c2c89cd5) Importer(815301076,1909f56bfc062723c751e8b465ee728b) [PhysX] Initialized MultithreadedTaskDispatcher with 8 workers.
[PhysX] Initialized MultithreadedTaskDispatcher with 8 workers.
 -> (artifact id: '4bd926aa2d1fb6e7def7b16f0947cdb2') in 0.025336 seconds
Number of updated asset objects reloaded before import = 0
Number of asset objects unloaded after import = 3
========================================================================
Received Import Request.
  Time since last request: 0.000036 seconds.
  path: Assets/Basic_Platformer/Tiles/tile_0057.png
  artifactKey: Guid(7a099dd800fdcd747864d384487a03e5) Importer(815301076,1909f56bfc062723c751e8b465ee728b)
Start importing Assets/Basic_Platformer/Tiles/tile_0057.png using Guid(7a099dd800fdcd747864d384487a03e5) Importer(815301076,1909f56bfc062723c751e8b465ee728b) [PhysX] Initialized MultithreadedTaskDispatcher with 8 workers.
[PhysX] Initialized MultithreadedTaskDispatcher with 8 workers.
 -> (artifact id: 'e86634d73f959e46a85e72eef533b4a2') in 0.024777 seconds
Number of updated asset objects reloaded before import = 0
Number of asset objects unloaded after import = 3
========================================================================
Received Import Request.
  Time since last request: 0.000025 seconds.
  path: Assets/Basic_Platformer/Tiles/tile_0063.png
  artifactKey: Guid(164a70eb0eec84445b2ac3caff49e0da) Importer(815301076,1909f56bfc062723c751e8b465ee728b)
Start importing Assets/Basic_Platformer/Tiles/tile_0063.png using Guid(164a70eb0eec84445b2ac3caff49e0da) Importer(815301076,1909f56bfc062723c751e8b465ee728b) [PhysX] Initialized MultithreadedTaskDispatcher with 8 workers.
[PhysX] Initialized MultithreadedTaskDispatcher with 8 workers.
 -> (artifact id: 'd111d259be5079b6f3c6f36bd1c7906f') in 0.027663 seconds
Number of updated asset objects reloaded before import = 0
Number of asset objects unloaded after import = 3
========================================================================
Received Import Request.
  Time since last request: 0.000121 seconds.
  path: Assets/Basic_Platformer/Tiles/tile_0066.png
  artifactKey: Guid(d2235e2f1aed9e647a8744e2f68fb7cf) Importer(815301076,1909f56bfc062723c751e8b465ee728b)
Start importing Assets/Basic_Platformer/Tiles/tile_0066.png using Guid(d2235e2f1aed9e647a8744e2f68fb7cf) Importer(815301076,1909f56bfc062723c751e8b465ee728b) [PhysX] Initialized MultithreadedTaskDispatcher with 8 workers.
[PhysX] Initialized MultithreadedTaskDispatcher with 8 workers.
 -> (artifact id: '55cb6faf24e2685e9e57de281321f471') in 0.021370 seconds
Number of updated asset objects reloaded before import = 0
Number of asset objects unloaded after import = 3
========================================================================
Received Import Request.
  Time since last request: 0.000025 seconds.
  path: Assets/Basic_Platformer/Tiles/tile_0058.png
  artifactKey: Guid(739f4348562145c4ab8773ee9e3d11ab) Importer(815301076,1909f56bfc062723c751e8b465ee728b)
Start importing Assets/Basic_Platformer/Tiles/tile_0058.png using Guid(739f4348562145c4ab8773ee9e3d11ab) Importer(815301076,1909f56bfc062723c751e8b465ee728b) [PhysX] Initialized MultithreadedTaskDispatcher with 8 workers.
[PhysX] Initialized MultithreadedTaskDispatcher with 8 workers.
 -> (artifact id: '26f7be0bfa0ace87f68a77a1bb76bc0f') in 0.024691 seconds
Number of updated asset objects reloaded before import = 0
Number of asset objects unloaded after import = 3
========================================================================
Received Import Request.
  Time since last request: 0.000028 seconds.
  path: Assets/Basic_Platformer/Tiles/tile_0071.png
  artifactKey: Guid(d7df7cb215b34124c8ff8c03e888be6f) Importer(815301076,1909f56bfc062723c751e8b465ee728b)
Start importing Assets/Basic_Platformer/Tiles/tile_0071.png using Guid(d7df7cb215b34124c8ff8c03e888be6f) Importer(815301076,1909f56bfc062723c751e8b465ee728b) [PhysX] Initialized MultithreadedTaskDispatcher with 8 workers.
[PhysX] Initialized MultithreadedTaskDispatcher with 8 workers.
 -> (artifact id: 'c0c6f0ee62f8aedd5472e2991e9834cc') in 0.023205 seconds
Number of updated asset objects reloaded before import = 0
Number of asset objects unloaded after import = 3
========================================================================
Received Import Request.
  Time since last request: 0.000021 seconds.
  path: Assets/Basic_Platformer/Tiles/tile_0080.png
  artifactKey: Guid(9ae4d8000210bac4c8da32925e3f3c4a) Importer(815301076,1909f56bfc062723c751e8b465ee728b)
Start importing Assets/Basic_Platformer/Tiles/tile_0080.png using Guid(9ae4d8000210bac4c8da32925e3f3c4a) Importer(815301076,1909f56bfc062723c751e8b465ee728b) [PhysX] Initialized MultithreadedTaskDispatcher with 8 workers.
[PhysX] Initialized MultithreadedTaskDispatcher with 8 workers.
 -> (artifact id: '0890b19ae668ff175966252c09877c20') in 0.026135 seconds
Number of updated asset objects reloaded before import = 0
Number of asset objects unloaded after import = 3
========================================================================
Received Import Request.
  Time since last request: 0.000024 seconds.
  path: Assets/Basic_Platformer/Tiles/tile_0060.png
  artifactKey: Guid(51415477086fb49498e69e7cb82b8696) Importer(815301076,1909f56bfc062723c751e8b465ee728b)
Start importing Assets/Basic_Platformer/Tiles/tile_0060.png using Guid(51415477086fb49498e69e7cb82b8696) Importer(815301076,1909f56bfc062723c751e8b465ee728b) [PhysX] Initialized MultithreadedTaskDispatcher with 8 workers.
[PhysX] Initialized MultithreadedTaskDispatcher with 8 workers.
 -> (artifact id: 'b015f4f9e8ace3a76762be0b3214457f') in 0.020193 seconds
Number of updated asset objects reloaded before import = 0
Number of asset objects unloaded after import = 3
========================================================================
Received Import Request.
  Time since last request: 0.000020 seconds.
  path: Assets/Basic_Platformer/Tiles/tile_0068.png
  artifactKey: Guid(5e160af09751705488a5e52367753edd) Importer(815301076,1909f56bfc062723c751e8b465ee728b)
Start importing Assets/Basic_Platformer/Tiles/tile_0068.png using Guid(5e160af09751705488a5e52367753edd) Importer(815301076,1909f56bfc062723c751e8b465ee728b) [PhysX] Initialized MultithreadedTaskDispatcher with 8 workers.
[PhysX] Initialized MultithreadedTaskDispatcher with 8 workers.
 -> (artifact id: '2c20fb405b7e5c8f0504c76262d9e545') in 0.023853 seconds
Number of updated asset objects reloaded before import = 0
Number of asset objects unloaded after import = 3
========================================================================
Received Import Request.
  Time since last request: 0.000033 seconds.
  path: Assets/Basic_Platformer/Tiles/tile_0052.png
  artifactKey: Guid(10d3f03295a06e844b86592b2b5e0053) Importer(815301076,1909f56bfc062723c751e8b465ee728b)
Start importing Assets/Basic_Platformer/Tiles/tile_0052.png using Guid(10d3f03295a06e844b86592b2b5e0053) Importer(815301076,1909f56bfc062723c751e8b465ee728b) [PhysX] Initialized MultithreadedTaskDispatcher with 8 workers.
[PhysX] Initialized MultithreadedTaskDispatcher with 8 workers.
 -> (artifact id: '236d1b6074815fd16eb34a2678f04365') in 0.022371 seconds
Number of updated asset objects reloaded before import = 0
Number of asset objects unloaded after import = 3
========================================================================
Received Import Request.
  Time since last request: 0.000025 seconds.
  path: Assets/Basic_Platformer/Tiles/tile_0076.png
  artifactKey: Guid(278e3a7ce042aea4f8374a6919b2ab35) Importer(815301076,1909f56bfc062723c751e8b465ee728b)
Start importing Assets/Basic_Platformer/Tiles/tile_0076.png using Guid(278e3a7ce042aea4f8374a6919b2ab35) Importer(815301076,1909f56bfc062723c751e8b465ee728b) [PhysX] Initialized MultithreadedTaskDispatcher with 8 workers.
[PhysX] Initialized MultithreadedTaskDispatcher with 8 workers.
 -> (artifact id: '2ee0bd8c1723fe7c45007d66f414cd8a') in 0.022365 seconds
Number of updated asset objects reloaded before import = 0
Number of asset objects unloaded after import = 3
========================================================================
Received Import Request.
  Time since last request: 0.000033 seconds.
  path: Assets/Basic_Platformer/Tiles/tile_0055.png
  artifactKey: Guid(b9c9220031334e64ea06ff89b01c6b31) Importer(815301076,1909f56bfc062723c751e8b465ee728b)
Start importing Assets/Basic_Platformer/Tiles/tile_0055.png using Guid(b9c9220031334e64ea06ff89b01c6b31) Importer(815301076,1909f56bfc062723c751e8b465ee728b) [PhysX] Initialized MultithreadedTaskDispatcher with 8 workers.
[PhysX] Initialized MultithreadedTaskDispatcher with 8 workers.
 -> (artifact id: '0bc27c19e0c207b7f61b6d08ad0cc0d7') in 0.020842 seconds
Number of updated asset objects reloaded before import = 0
Number of asset objects unloaded after import = 3
========================================================================
Received Import Request.
  Time since last request: 0.000048 seconds.
  path: Assets/Basic_Platformer/Tiles/tile_0084.png
  artifactKey: Guid(f28c532dfbc2d5349bd730dc4391adae) Importer(815301076,1909f56bfc062723c751e8b465ee728b)
Start importing Assets/Basic_Platformer/Tiles/tile_0084.png using Guid(f28c532dfbc2d5349bd730dc4391adae) Importer(815301076,1909f56bfc062723c751e8b465ee728b) [PhysX] Initialized MultithreadedTaskDispatcher with 8 workers.
[PhysX] Initialized MultithreadedTaskDispatcher with 8 workers.
 -> (artifact id: '6268d3896b86ecdae3b805e327dd36f0') in 0.022817 seconds
Number of updated asset objects reloaded before import = 0
Number of asset objects unloaded after import = 3
========================================================================
Received Import Request.
  Time since last request: 0.000048 seconds.
  path: Assets/Basic_Platformer/Tiles/tile_0054.png
  artifactKey: Guid(af018311f1c19ed46ad7fa878b4345ca) Importer(815301076,1909f56bfc062723c751e8b465ee728b)
Start importing Assets/Basic_Platformer/Tiles/tile_0054.png using Guid(af018311f1c19ed46ad7fa878b4345ca) Importer(815301076,1909f56bfc062723c751e8b465ee728b) [PhysX] Initialized MultithreadedTaskDispatcher with 8 workers.
[PhysX] Initialized MultithreadedTaskDispatcher with 8 workers.
 -> (artifact id: '5d183bcbe7cd6e51d561d4b334e00230') in 0.025638 seconds
Number of updated asset objects reloaded before import = 0
Number of asset objects unloaded after import = 3
========================================================================
Received Import Request.
  Time since last request: 0.000023 seconds.
  path: Assets/Basic_Platformer/Tiles/tile_0050.png
  artifactKey: Guid(8fd976a11d986ff48ad3aad53933671d) Importer(815301076,1909f56bfc062723c751e8b465ee728b)
Start importing Assets/Basic_Platformer/Tiles/tile_0050.png using Guid(8fd976a11d986ff48ad3aad53933671d) Importer(815301076,1909f56bfc062723c751e8b465ee728b) [PhysX] Initialized MultithreadedTaskDispatcher with 8 workers.
[PhysX] Initialized MultithreadedTaskDispatcher with 8 workers.
 -> (artifact id: '0820e9549b15af51b3500aa90b453910') in 0.020605 seconds
Number of updated asset objects reloaded before import = 0
Number of asset objects unloaded after import = 3
========================================================================
Received Import Request.
  Time since last request: 0.000027 seconds.
  path: Assets/Basic_Platformer/Tiles/tile_0087.png
  artifactKey: Guid(8a70100c9d83825438e637c93c2ac544) Importer(815301076,1909f56bfc062723c751e8b465ee728b)
Start importing Assets/Basic_Platformer/Tiles/tile_0087.png using Guid(8a70100c9d83825438e637c93c2ac544) Importer(815301076,1909f56bfc062723c751e8b465ee728b) [PhysX] Initialized MultithreadedTaskDispatcher with 8 workers.
[PhysX] Initialized MultithreadedTaskDispatcher with 8 workers.
 -> (artifact id: '46d8df153340f6228747bbfbbb7b7e3d') in 0.023907 seconds
Number of updated asset objects reloaded before import = 0
Number of asset objects unloaded after import = 3
========================================================================
Received Import Request.
  Time since last request: 0.000030 seconds.
  path: Assets/Basic_Platformer/Tiles/tile_0085.png
  artifactKey: Guid(b5e0a040614d8f54486f8304d57a8d5b) Importer(815301076,1909f56bfc062723c751e8b465ee728b)
Start importing Assets/Basic_Platformer/Tiles/tile_0085.png using Guid(b5e0a040614d8f54486f8304d57a8d5b) Importer(815301076,1909f56bfc062723c751e8b465ee728b) [PhysX] Initialized MultithreadedTaskDispatcher with 8 workers.
[PhysX] Initialized MultithreadedTaskDispatcher with 8 workers.
 -> (artifact id: '49cd5f344a1f4eca8c39c2ac11dcfe8e') in 0.021420 seconds
Number of updated asset objects reloaded before import = 0
Number of asset objects unloaded after import = 3
========================================================================
Received Import Request.
  Time since last request: 0.169442 seconds.
  path: Assets/Basic_Platformer/Tiles/tile_0093.png
  artifactKey: Guid(cf7ea8bba1069644e899a6e0bb3ae69a) Importer(815301076,1909f56bfc062723c751e8b465ee728b)
Start importing Assets/Basic_Platformer/Tiles/tile_0093.png using Guid(cf7ea8bba1069644e899a6e0bb3ae69a) Importer(815301076,1909f56bfc062723c751e8b465ee728b) [PhysX] Initialized MultithreadedTaskDispatcher with 8 workers.
[PhysX] Initialized MultithreadedTaskDispatcher with 8 workers.
 -> (artifact id: 'a5c6efee7e2f1ae01c831d4a4e10ab16') in 0.021078 seconds
Number of updated asset objects reloaded before import = 0
Number of asset objects unloaded after import = 3
========================================================================
Received Import Request.
  Time since last request: 0.000027 seconds.
  path: Assets/Basic_Platformer/Tiles/tile_0095.png
  artifactKey: Guid(976ebee6bc11c5546b569c561f279eea) Importer(815301076,1909f56bfc062723c751e8b465ee728b)
Start importing Assets/Basic_Platformer/Tiles/tile_0095.png using Guid(976ebee6bc11c5546b569c561f279eea) Importer(815301076,1909f56bfc062723c751e8b465ee728b) [PhysX] Initialized MultithreadedTaskDispatcher with 8 workers.
[PhysX] Initialized MultithreadedTaskDispatcher with 8 workers.
 -> (artifact id: '2a85ad06d519e0dbca6e8190fac80105') in 0.028296 seconds
Number of updated asset objects reloaded before import = 0
Number of asset objects unloaded after import = 3
========================================================================
Received Import Request.
  Time since last request: 0.006071 seconds.
  path: Assets/Basic_Platformer/Tiles/tile_0098.png
  artifactKey: Guid(0c4abb5d27b80a441bff6d7f2f483daa) Importer(815301076,1909f56bfc062723c751e8b465ee728b)
Start importing Assets/Basic_Platformer/Tiles/tile_0098.png using Guid(0c4abb5d27b80a441bff6d7f2f483daa) Importer(815301076,1909f56bfc062723c751e8b465ee728b) [PhysX] Initialized MultithreadedTaskDispatcher with 8 workers.
[PhysX] Initialized MultithreadedTaskDispatcher with 8 workers.
 -> (artifact id: '01a359972f3bd3c4298889298c7c088d') in 0.025666 seconds
Number of updated asset objects reloaded before import = 0
Number of asset objects unloaded after import = 3
========================================================================
Received Import Request.
  Time since last request: 0.013613 seconds.
  path: Assets/Basic_Platformer/Tiles/tile_0101.png
  artifactKey: Guid(f3b2f6066b856184e86c5bd1ee6fdf9f) Importer(815301076,1909f56bfc062723c751e8b465ee728b)
Start importing Assets/Basic_Platformer/Tiles/tile_0101.png using Guid(f3b2f6066b856184e86c5bd1ee6fdf9f) Importer(815301076,1909f56bfc062723c751e8b465ee728b) [PhysX] Initialized MultithreadedTaskDispatcher with 8 workers.
[PhysX] Initialized MultithreadedTaskDispatcher with 8 workers.
 -> (artifact id: 'ec2a493a86ff2b06b34cf2bacb87850c') in 0.028771 seconds
Number of updated asset objects reloaded before import = 0
Number of asset objects unloaded after import = 3
========================================================================
Received Import Request.
  Time since last request: 0.000023 seconds.
  path: Assets/Basic_Platformer/Tiles/tile_0102.png
  artifactKey: Guid(39d5cf5df76027f408149ca7eef92a04) Importer(815301076,1909f56bfc062723c751e8b465ee728b)
Start importing Assets/Basic_Platformer/Tiles/tile_0102.png using Guid(39d5cf5df76027f408149ca7eef92a04) Importer(815301076,1909f56bfc062723c751e8b465ee728b) [PhysX] Initialized MultithreadedTaskDispatcher with 8 workers.
[PhysX] Initialized MultithreadedTaskDispatcher with 8 workers.
 -> (artifact id: '441d7a7e7ecbe48b89c8d95383c77857') in 0.025004 seconds
Number of updated asset objects reloaded before import = 0
Number of asset objects unloaded after import = 3
========================================================================
Received Import Request.
  Time since last request: 0.557546 seconds.
  path: Assets/Basic_Platformer/Tiles/tile_0108.png
  artifactKey: Guid(53358fbc3e8468f40b7ba26d327e2caa) Importer(815301076,1909f56bfc062723c751e8b465ee728b)
Start importing Assets/Basic_Platformer/Tiles/tile_0108.png using Guid(53358fbc3e8468f40b7ba26d327e2caa) Importer(815301076,1909f56bfc062723c751e8b465ee728b) [PhysX] Initialized MultithreadedTaskDispatcher with 8 workers.
[PhysX] Initialized MultithreadedTaskDispatcher with 8 workers.
 -> (artifact id: '06b72c1f307e911cd2dfd3602ad11a85') in 0.026465 seconds
Number of updated asset objects reloaded before import = 0
Number of asset objects unloaded after import = 3
========================================================================
Received Import Request.
  Time since last request: 0.000035 seconds.
  path: Assets/Basic_Platformer/Tiles/tile_0109.png
  artifactKey: Guid(c5144b82890f9e44f8a478010db51b00) Importer(815301076,1909f56bfc062723c751e8b465ee728b)
Start importing Assets/Basic_Platformer/Tiles/tile_0109.png using Guid(c5144b82890f9e44f8a478010db51b00) Importer(815301076,1909f56bfc062723c751e8b465ee728b) [PhysX] Initialized MultithreadedTaskDispatcher with 8 workers.
[PhysX] Initialized MultithreadedTaskDispatcher with 8 workers.
 -> (artifact id: 'd24bd9dca102f2f2513b79a7ab086ca8') in 0.022280 seconds
Number of updated asset objects reloaded before import = 0
Number of asset objects unloaded after import = 3
========================================================================
Received Import Request.
  Time since last request: 0.025949 seconds.
  path: Assets/Basic_Platformer/Tiles/tile_0113.png
  artifactKey: Guid(0d2ada9d99a50944f95641159bc5288a) Importer(815301076,1909f56bfc062723c751e8b465ee728b)
Start importing Assets/Basic_Platformer/Tiles/tile_0113.png using Guid(0d2ada9d99a50944f95641159bc5288a) Importer(815301076,1909f56bfc062723c751e8b465ee728b) [PhysX] Initialized MultithreadedTaskDispatcher with 8 workers.
[PhysX] Initialized MultithreadedTaskDispatcher with 8 workers.
 -> (artifact id: '633f0f960e06db3e0e65642a6437a01a') in 0.026145 seconds
Number of updated asset objects reloaded before import = 0
Number of asset objects unloaded after import = 3
========================================================================
Received Import Request.
  Time since last request: 0.000047 seconds.
  path: Assets/Basic_Platformer/Tiles/tile_0119.png
  artifactKey: Guid(687c7c19232c232409410606f95d58c4) Importer(815301076,1909f56bfc062723c751e8b465ee728b)
Start importing Assets/Basic_Platformer/Tiles/tile_0119.png using Guid(687c7c19232c232409410606f95d58c4) Importer(815301076,1909f56bfc062723c751e8b465ee728b) [PhysX] Initialized MultithreadedTaskDispatcher with 8 workers.
[PhysX] Initialized MultithreadedTaskDispatcher with 8 workers.
 -> (artifact id: '68730c750688b6d13c1019a27ba71065') in 0.023842 seconds
Number of updated asset objects reloaded before import = 0
Number of asset objects unloaded after import = 3
========================================================================
Received Import Request.
  Time since last request: 0.000027 seconds.
  path: Assets/Basic_Platformer/Tiles/tile_0116.png
  artifactKey: Guid(84ea250b9c05bb449b5d5941850ec7de) Importer(815301076,1909f56bfc062723c751e8b465ee728b)
Start importing Assets/Basic_Platformer/Tiles/tile_0116.png using Guid(84ea250b9c05bb449b5d5941850ec7de) Importer(815301076,1909f56bfc062723c751e8b465ee728b) [PhysX] Initialized MultithreadedTaskDispatcher with 8 workers.
[PhysX] Initialized MultithreadedTaskDispatcher with 8 workers.
 -> (artifact id: 'c7e385cc82befc985e7f66940c3463c5') in 0.025245 seconds
Number of updated asset objects reloaded before import = 0
Number of asset objects unloaded after import = 3
========================================================================
Received Import Request.
  Time since last request: 0.000030 seconds.
  path: Assets/Basic_Platformer/Tiles/tile_0114.png
  artifactKey: Guid(efb7051dfa7f8dc4b804154b4e65ed36) Importer(815301076,1909f56bfc062723c751e8b465ee728b)
Start importing Assets/Basic_Platformer/Tiles/tile_0114.png using Guid(efb7051dfa7f8dc4b804154b4e65ed36) Importer(815301076,1909f56bfc062723c751e8b465ee728b) [PhysX] Initialized MultithreadedTaskDispatcher with 8 workers.
[PhysX] Initialized MultithreadedTaskDispatcher with 8 workers.
 -> (artifact id: '0b564997e1c8d5a8dbc299b01aa8e230') in 0.026347 seconds
Number of updated asset objects reloaded before import = 0
Number of asset objects unloaded after import = 3
========================================================================
Received Import Request.
  Time since last request: 0.000029 seconds.
  path: Assets/Basic_Platformer/Tiles/tile_0121.png
  artifactKey: Guid(df89c6140f7a5e34796921fbad1a6b40) Importer(815301076,1909f56bfc062723c751e8b465ee728b)
Start importing Assets/Basic_Platformer/Tiles/tile_0121.png using Guid(df89c6140f7a5e34796921fbad1a6b40) Importer(815301076,1909f56bfc062723c751e8b465ee728b) [PhysX] Initialized MultithreadedTaskDispatcher with 8 workers.
[PhysX] Initialized MultithreadedTaskDispatcher with 8 workers.
 -> (artifact id: 'e232b17e465b85ba399e367beb45c925') in 0.024896 seconds
Number of updated asset objects reloaded before import = 0
Number of asset objects unloaded after import = 3
========================================================================
Received Import Request.
  Time since last request: 0.000049 seconds.
  path: Assets/Basic_Platformer/Tiles/tile_0130.png
  artifactKey: Guid(df2783dc3329a97488aa8ea44e049bf4) Importer(815301076,1909f56bfc062723c751e8b465ee728b)
Start importing Assets/Basic_Platformer/Tiles/tile_0130.png using Guid(df2783dc3329a97488aa8ea44e049bf4) Importer(815301076,1909f56bfc062723c751e8b465ee728b) [PhysX] Initialized MultithreadedTaskDispatcher with 8 workers.
[PhysX] Initialized MultithreadedTaskDispatcher with 8 workers.
 -> (artifact id: '0fa5dbc554c2fd850c7e9a4b3fe4d0a3') in 0.024674 seconds
Number of updated asset objects reloaded before import = 0
Number of asset objects unloaded after import = 3
========================================================================
Received Import Request.
  Time since last request: 0.013331 seconds.
  path: Assets/Basic_Platformer/Tiles/tile_0131.png
  artifactKey: Guid(c1837969e4fe78c44961a4c580d68ef1) Importer(815301076,1909f56bfc062723c751e8b465ee728b)
Start importing Assets/Basic_Platformer/Tiles/tile_0131.png using Guid(c1837969e4fe78c44961a4c580d68ef1) Importer(815301076,1909f56bfc062723c751e8b465ee728b) [PhysX] Initialized MultithreadedTaskDispatcher with 8 workers.
[PhysX] Initialized MultithreadedTaskDispatcher with 8 workers.
 -> (artifact id: '365742d9f0c2ddd607a1c27cf961acaa') in 0.025930 seconds
Number of updated asset objects reloaded before import = 0
Number of asset objects unloaded after import = 3
========================================================================
Received Import Request.
  Time since last request: 0.009978 seconds.
  path: Assets/Basic_Platformer/Tiles/tile_0136.png
  artifactKey: Guid(22e24e79510ed9c4a84f7e131c0067f6) Importer(815301076,1909f56bfc062723c751e8b465ee728b)
Start importing Assets/Basic_Platformer/Tiles/tile_0136.png using Guid(22e24e79510ed9c4a84f7e131c0067f6) Importer(815301076,1909f56bfc062723c751e8b465ee728b) [PhysX] Initialized MultithreadedTaskDispatcher with 8 workers.
[PhysX] Initialized MultithreadedTaskDispatcher with 8 workers.
 -> (artifact id: 'ec3fea074f5308a20694fcf673a7be36') in 0.026988 seconds
Number of updated asset objects reloaded before import = 0
Number of asset objects unloaded after import = 3
========================================================================
Received Import Request.
  Time since last request: 0.000042 seconds.
  path: Assets/Basic_Platformer/Tiles/tile_0139.png
  artifactKey: Guid(3f05d691987586e41baf0f386715f5ee) Importer(815301076,1909f56bfc062723c751e8b465ee728b)
Start importing Assets/Basic_Platformer/Tiles/tile_0139.png using Guid(3f05d691987586e41baf0f386715f5ee) Importer(815301076,1909f56bfc062723c751e8b465ee728b) [PhysX] Initialized MultithreadedTaskDispatcher with 8 workers.
[PhysX] Initialized MultithreadedTaskDispatcher with 8 workers.
 -> (artifact id: '2cfeff5be43c7d5d48bb226648d087a9') in 0.023401 seconds
Number of updated asset objects reloaded before import = 0
Number of asset objects unloaded after import = 3
========================================================================
Received Import Request.
  Time since last request: 0.011670 seconds.
  path: Assets/Basic_Platformer/Tiles/tile_0142.png
  artifactKey: Guid(c7040682d1deecc42bd029bd90bf914f) Importer(815301076,1909f56bfc062723c751e8b465ee728b)
Start importing Assets/Basic_Platformer/Tiles/tile_0142.png using Guid(c7040682d1deecc42bd029bd90bf914f) Importer(815301076,1909f56bfc062723c751e8b465ee728b) [PhysX] Initialized MultithreadedTaskDispatcher with 8 workers.
[PhysX] Initialized MultithreadedTaskDispatcher with 8 workers.
 -> (artifact id: '73f579b268c3123fc902a02701be9624') in 0.024803 seconds
Number of updated asset objects reloaded before import = 0
Number of asset objects unloaded after import = 3
========================================================================
Received Import Request.
  Time since last request: 0.000027 seconds.
  path: Assets/Basic_Platformer/Tiles/tile_0145.png
  artifactKey: Guid(05524bfa5a7082f4e988c5a4a3a607a8) Importer(815301076,1909f56bfc062723c751e8b465ee728b)
Start importing Assets/Basic_Platformer/Tiles/tile_0145.png using Guid(05524bfa5a7082f4e988c5a4a3a607a8) Importer(815301076,1909f56bfc062723c751e8b465ee728b) [PhysX] Initialized MultithreadedTaskDispatcher with 8 workers.
[PhysX] Initialized MultithreadedTaskDispatcher with 8 workers.
 -> (artifact id: '8491a3f56e756b9e85864549583e4154') in 0.023378 seconds
Number of updated asset objects reloaded before import = 0
Number of asset objects unloaded after import = 3
========================================================================
Received Import Request.
  Time since last request: 0.607751 seconds.
  path: Assets/Basic_Platformer/Tiles/tile_0148.png
  artifactKey: Guid(cfe588235cbc1ba48a4c3f465f22c5d2) Importer(815301076,1909f56bfc062723c751e8b465ee728b)
Start importing Assets/Basic_Platformer/Tiles/tile_0148.png using Guid(cfe588235cbc1ba48a4c3f465f22c5d2) Importer(815301076,1909f56bfc062723c751e8b465ee728b) [PhysX] Initialized MultithreadedTaskDispatcher with 8 workers.
[PhysX] Initialized MultithreadedTaskDispatcher with 8 workers.
 -> (artifact id: 'e62e60277515c0f3bb92dd26306f0170') in 0.025906 seconds
Number of updated asset objects reloaded before import = 0
Number of asset objects unloaded after import = 3
========================================================================
Received Import Request.
  Time since last request: 0.000040 seconds.
  path: Assets/Basic_Platformer/Tiles/tile_0150.png
  artifactKey: Guid(8a42bfa45e50a6b4ca90a0d8b16da595) Importer(815301076,1909f56bfc062723c751e8b465ee728b)
Start importing Assets/Basic_Platformer/Tiles/tile_0150.png using Guid(8a42bfa45e50a6b4ca90a0d8b16da595) Importer(815301076,1909f56bfc062723c751e8b465ee728b) [PhysX] Initialized MultithreadedTaskDispatcher with 8 workers.
[PhysX] Initialized MultithreadedTaskDispatcher with 8 workers.
 -> (artifact id: 'd9c60082d295182f34bdd0153609d8ac') in 0.023572 seconds
Number of updated asset objects reloaded before import = 0
Number of asset objects unloaded after import = 3
========================================================================
Received Import Request.
  Time since last request: 0.000023 seconds.
  path: Assets/Basic_Platformer/Tiles/tile_0149.png
  artifactKey: Guid(da002d763540ddc48abe250d6a5cb68f) Importer(815301076,1909f56bfc062723c751e8b465ee728b)
Start importing Assets/Basic_Platformer/Tiles/tile_0149.png using Guid(da002d763540ddc48abe250d6a5cb68f) Importer(815301076,1909f56bfc062723c751e8b465ee728b) [PhysX] Initialized MultithreadedTaskDispatcher with 8 workers.
[PhysX] Initialized MultithreadedTaskDispatcher with 8 workers.
 -> (artifact id: 'cf1cbceeddcaa24b850ecc5e4dc0bc92') in 0.023616 seconds
Number of updated asset objects reloaded before import = 0
Number of asset objects unloaded after import = 3
========================================================================
Received Import Request.
  Time since last request: 0.000021 seconds.
  path: Assets/Basic_Platformer/Tiles/tile_0158.png
  artifactKey: Guid(dc20442d010d194458731bc01cdd1be3) Importer(815301076,1909f56bfc062723c751e8b465ee728b)
Start importing Assets/Basic_Platformer/Tiles/tile_0158.png using Guid(dc20442d010d194458731bc01cdd1be3) Importer(815301076,1909f56bfc062723c751e8b465ee728b) [PhysX] Initialized MultithreadedTaskDispatcher with 8 workers.
[PhysX] Initialized MultithreadedTaskDispatcher with 8 workers.
 -> (artifact id: '677f3d573147bf180a1f59fb01c512a6') in 0.030318 seconds
Number of updated asset objects reloaded before import = 0
Number of asset objects unloaded after import = 3
========================================================================
Received Import Request.
  Time since last request: 0.780849 seconds.
  path: Assets/Basic_Platformer/Tiles/tile_0038.png
  artifactKey: Guid(ac8b6ce8ed6d2f74c8af86a45dadcc85) Importer(815301076,1909f56bfc062723c751e8b465ee728b)
Start importing Assets/Basic_Platformer/Tiles/tile_0038.png using Guid(ac8b6ce8ed6d2f74c8af86a45dadcc85) Importer(815301076,1909f56bfc062723c751e8b465ee728b) [PhysX] Initialized MultithreadedTaskDispatcher with 8 workers.
[PhysX] Initialized MultithreadedTaskDispatcher with 8 workers.
 -> (artifact id: '275996e60631a8cadfe7935e6eefd8ef') in 0.027908 seconds
Number of updated asset objects reloaded before import = 0
Number of asset objects unloaded after import = 3
========================================================================
Received Import Request.
  Time since last request: 4.695026 seconds.
  path: Assets/Tile Palettes/Fondos/Fondo2.prefab
  artifactKey: Guid(1ab10d4784b338845892e5f44211181c) Importer(815301076,1909f56bfc062723c751e8b465ee728b)
Start importing Assets/Tile Palettes/Fondos/Fondo2.prefab using Guid(1ab10d4784b338845892e5f44211181c) Importer(815301076,1909f56bfc062723c751e8b465ee728b) [PhysX] Initialized MultithreadedTaskDispatcher with 8 workers.
[PhysX] Initialized MultithreadedTaskDispatcher with 8 workers.
 -> (artifact id: 'fbcbe60540e46292ca39dadcb30578b6') in 0.082139 seconds
Number of updated asset objects reloaded before import = 0
Number of asset objects unloaded after import = 10
Editor requested this worker to shutdown with reason: Scaling down because of idle timeout
TcpMessagingSession - receive error: operation aborted. errorcode: 995, details: La operación de E/S se anuló por una salida de subproceso o por una solicitud de aplicación.
AssetImportWorker is now disconnected from the server
Process exiting
Exiting without the bug reporter. Application will terminate with return code 0