Using pre-set license
Built from '2022.3/staging' branch; Version is '2022.3.46f1 (8e9b8558c41a) revision 9345925'; Using compiler version '192829333'; Build Type 'Release'
OS: 'Windows 11  (10.0.22631) 64bit Core' Language: 'es' Physical Memory: 7971 MB
BatchMode: 1, IsHumanControllingUs: 0, StartBugReporterOnCrash: 0, Is64bit: 1, IsPro: 1

COMMAND LINE ARGUMENTS:
C:\Program Files\Unity\Hub\Editor\2022.3.46f1\Editor\Unity.exe
-adb2
-batchMode
-noUpm
-name
AssetImportWorker6
-projectPath
C:/Users/34654/ProyectoUT2MatiasRojas/Proyecto2DMatiasRojas
-logFile
Logs/AssetImportWorker6.log
-srvPort
51788
Successfully changed project path to: C:/Users/34654/ProyectoUT2MatiasRojas/Proyecto2DMatiasRojas
C:/Users/34654/ProyectoUT2MatiasRojas/Proyecto2DMatiasRojas
[UnityMemory] Configuration Parameters - Can be set up in boot.config
    "memorysetup-bucket-allocator-granularity=16"
    "memorysetup-bucket-allocator-bucket-count=8"
    "memorysetup-bucket-allocator-block-size=33554432"
    "memorysetup-bucket-allocator-block-count=8"
    "memorysetup-main-allocator-block-size=16777216"
    "memorysetup-thread-allocator-block-size=16777216"
    "memorysetup-gfx-main-allocator-block-size=16777216"
    "memorysetup-gfx-thread-allocator-block-size=16777216"
    "memorysetup-cache-allocator-block-size=4194304"
    "memorysetup-typetree-allocator-block-size=2097152"
    "memorysetup-profiler-bucket-allocator-granularity=16"
    "memorysetup-profiler-bucket-allocator-bucket-count=8"
    "memorysetup-profiler-bucket-allocator-block-size=33554432"
    "memorysetup-profiler-bucket-allocator-block-count=8"
    "memorysetup-profiler-allocator-block-size=16777216"
    "memorysetup-profiler-editor-allocator-block-size=1048576"
    "memorysetup-temp-allocator-size-main=16777216"
    "memorysetup-job-temp-allocator-block-size=2097152"
    "memorysetup-job-temp-allocator-block-size-background=1048576"
    "memorysetup-job-temp-allocator-reduction-small-platforms=262144"
    "memorysetup-allocator-temp-initial-block-size-main=262144"
    "memorysetup-allocator-temp-initial-block-size-worker=262144"
    "memorysetup-temp-allocator-size-background-worker=32768"
    "memorysetup-temp-allocator-size-job-worker=262144"
    "memorysetup-temp-allocator-size-preload-manager=33554432"
    "memorysetup-temp-allocator-size-nav-mesh-worker=65536"
    "memorysetup-temp-allocator-size-audio-worker=65536"
    "memorysetup-temp-allocator-size-cloud-worker=32768"
    "memorysetup-temp-allocator-size-gi-baking-worker=262144"
    "memorysetup-temp-allocator-size-gfx=262144"
Player connection [10304]  Target information:

Player connection [10304]  * "[IP] 192.168.56.1 [Port] 0 [Flags] 2 [Guid] 3412043843 [EditorId] 3412043843 [Version] 1048832 [Id] WindowsEditor(7,LAPTOP-OJ53L34I) [Debug] 1 [PackageName] WindowsEditor [ProjectName] Editor" 

Player connection [10304]  * "[IP] 192.168.1.132 [Port] 0 [Flags] 2 [Guid] 3412043843 [EditorId] 3412043843 [Version] 1048832 [Id] WindowsEditor(7,LAPTOP-OJ53L34I) [Debug] 1 [PackageName] WindowsEditor [ProjectName] Editor" 

Player connection [10304] Host joined multi-casting on [225.0.0.222:54997]...
Player connection [10304] Host joined alternative multi-casting on [225.0.0.222:34997]...
[PhysX] Initialized MultithreadedTaskDispatcher with 8 workers.
Refreshing native plugins compatible for Editor in 26.56 ms, found 4 plugins.
Preloading 0 native plugins for Editor in 0.00 ms.
Initialize engine version: 2022.3.46f1 (8e9b8558c41a)
[Subsystems] Discovering subsystems at path C:/Program Files/Unity/Hub/Editor/2022.3.46f1/Editor/Data/Resources/UnitySubsystems
[Subsystems] Discovering subsystems at path C:/Users/34654/ProyectoUT2MatiasRojas/Proyecto2DMatiasRojas/Assets
GfxDevice: creating device client; threaded=0; jobified=0
Direct3D:
    Version:  Direct3D 11.0 [level 11.1]
    Renderer: Intel(R) Iris(R) Xe Graphics (ID=0x9a49)
    Vendor:   Intel
    VRAM:     3985 MB
    Driver:   30.0.101.1404
Initialize mono
Mono path[0] = 'C:/Program Files/Unity/Hub/Editor/2022.3.46f1/Editor/Data/Managed'
Mono path[1] = 'C:/Program Files/Unity/Hub/Editor/2022.3.46f1/Editor/Data/MonoBleedingEdge/lib/mono/unityjit-win32'
Mono config path = 'C:/Program Files/Unity/Hub/Editor/2022.3.46f1/Editor/Data/MonoBleedingEdge/etc'
Using monoOptions --debugger-agent=transport=dt_socket,embedding=1,server=y,suspend=n,address=127.0.0.1:56828
Begin MonoManager ReloadAssembly
Registering precompiled unity dll's ...
Register platform support module: C:/Program Files/Unity/Hub/Editor/2022.3.46f1/Editor/Data/PlaybackEngines/WindowsStandaloneSupport/UnityEditor.WindowsStandalone.Extensions.dll
Registered in 0.006965 seconds.
- Loaded All Assemblies, in  0.405 seconds
Native extension for WindowsStandalone target not found
Mono: successfully reloaded assembly
- Finished resetting the current domain, in  0.356 seconds
Domain Reload Profiling: 761ms
	BeginReloadAssembly (123ms)
		ExecutionOrderSort (0ms)
		DisableScriptedObjects (0ms)
		BackupInstance (0ms)
		ReleaseScriptingObjects (0ms)
		CreateAndSetChildDomain (1ms)
	RebuildCommonClasses (35ms)
	RebuildNativeTypeToScriptingClass (12ms)
	initialDomainReloadingComplete (63ms)
	LoadAllAssembliesAndSetupDomain (170ms)
		LoadAssemblies (121ms)
		RebuildTransferFunctionScriptingTraits (0ms)
		AnalyzeDomain (168ms)
			TypeCache.Refresh (167ms)
				TypeCache.ScanAssembly (152ms)
			ScanForSourceGeneratedMonoScriptInfo (0ms)
			ResolveRequiredComponents (1ms)
	FinalizeReload (358ms)
		ReleaseScriptCaches (0ms)
		RebuildScriptCaches (0ms)
		SetupLoadedEditorAssemblies (290ms)
			LogAssemblyErrors (0ms)
			InitializePlatformSupportModulesInManaged (12ms)
			SetLoadedEditorAssemblies (9ms)
			RefreshPlugins (0ms)
			BeforeProcessingInitializeOnLoad (2ms)
			ProcessInitializeOnLoadAttributes (179ms)
			ProcessInitializeOnLoadMethodAttributes (87ms)
			AfterProcessingInitializeOnLoad (0ms)
			EditorAssembliesLoaded (0ms)
		ExecutionOrderSort2 (0ms)
		AwakeInstancesAfterBackupRestoration (0ms)
========================================================================
Worker process is ready to serve import requests
Caller must complete domain reload
Begin MonoManager ReloadAssembly
- Loaded All Assemblies, in  0.827 seconds
Native extension for WindowsStandalone target not found
Package Manager log level set to [2]
[Package Manager] Server::EnsureServerProcessIsRunning -- launch failed, reason: Unity was launched with the -noUpm command-line argument
[Package Manager] UpmClient::Send -- Unable to send message (not connected to UPM process).
[Package Manager] Cannot connect to Unity Package Manager local server
Mono: successfully reloaded assembly
- Finished resetting the current domain, in  0.993 seconds
Domain Reload Profiling: 1817ms
	BeginReloadAssembly (193ms)
		ExecutionOrderSort (0ms)
		DisableScriptedObjects (8ms)
		BackupInstance (0ms)
		ReleaseScriptingObjects (0ms)
		CreateAndSetChildDomain (24ms)
	RebuildCommonClasses (46ms)
	RebuildNativeTypeToScriptingClass (14ms)
	initialDomainReloadingComplete (52ms)
	LoadAllAssembliesAndSetupDomain (519ms)
		LoadAssemblies (414ms)
		RebuildTransferFunctionScriptingTraits (0ms)
		AnalyzeDomain (215ms)
			TypeCache.Refresh (179ms)
				TypeCache.ScanAssembly (161ms)
			ScanForSourceGeneratedMonoScriptInfo (27ms)
			ResolveRequiredComponents (8ms)
	FinalizeReload (993ms)
		ReleaseScriptCaches (0ms)
		RebuildScriptCaches (0ms)
		SetupLoadedEditorAssemblies (795ms)
			LogAssemblyErrors (0ms)
			InitializePlatformSupportModulesInManaged (7ms)
			SetLoadedEditorAssemblies (5ms)
			RefreshPlugins (0ms)
			BeforeProcessingInitializeOnLoad (88ms)
			ProcessInitializeOnLoadAttributes (641ms)
			ProcessInitializeOnLoadMethodAttributes (48ms)
			AfterProcessingInitializeOnLoad (7ms)
			EditorAssembliesLoaded (0ms)
		ExecutionOrderSort2 (0ms)
		AwakeInstancesAfterBackupRestoration (6ms)
Launched and connected shader compiler UnityShaderCompiler.exe after 0.07 seconds
Refreshing native plugins compatible for Editor in 6.28 ms, found 4 plugins.
Preloading 0 native plugins for Editor in 0.00 ms.
Unloading 4572 Unused Serialized files (Serialized files now loaded: 0)
Unloading 47 unused Assets / (130.5 KB). Loaded Objects now: 5042.
Memory consumption went from 151.2 MB to 151.1 MB.
Total: 3.812300 ms (FindLiveObjects: 0.303400 ms CreateObjectMapping: 0.161100 ms MarkObjects: 3.203800 ms  DeleteObjects: 0.142800 ms)

AssetImportParameters requested are different than current active one (requested -> active):
  custom:container-demuxer-ogg: 62fdf1f143b41e24485cea50d1cbac27 -> 
  custom:video-decoder-ogg-theora: a1e56fd34408186e4bbccfd4996cb3dc -> 
  custom:framework-win-MediaFoundation: 216162199b28c13a410421893ffa2e32 -> 
  custom:CustomObjectIndexerAttribute: 9a22284fe3817be447336de3de66b15e -> 
  custom:container-demuxer-webm: 4f35f7cbe854078d1ac9338744f61a02 -> 
  custom:container-muxer-webm: aa71ff27fc2769a1b78a27578f13a17b -> 
  custom:video-decoder-webm-vp8: 9c59270c3fd7afecdb556c50c9e8de78 -> 
  custom:SearchIndexIgnoredProperties: e643bd26f0fe6173181afceb89e7c659 -> 
  custom:AudioImporter_EditorPlatform: d09bf68614088b80899f8185d706f6e7 -> 
  custom:video-encoder-webm-vp8: eb34c28f22e8b96e1ab97ce403110664 -> 
  custom:audio-decoder-ogg-vorbis: bf7c407c2cedff20999df2af8eb42d56 -> 
  custom:audio-encoder-webm-vorbis: bf7c407c2cedff20999df2af8eb42d56 -> 
========================================================================
Received Import Request.
  Time since last request: 682330.624491 seconds.
  path: Assets/Basic_Platformer/Tilemap/Bandera2.asset
  artifactKey: Guid(f3934d458a372f04f8770e9363d12cac) Importer(815301076,1909f56bfc062723c751e8b465ee728b)
Start importing Assets/Basic_Platformer/Tilemap/Bandera2.asset using Guid(f3934d458a372f04f8770e9363d12cac) Importer(815301076,1909f56bfc062723c751e8b465ee728b) [PhysX] Initialized MultithreadedTaskDispatcher with 8 workers.
 -> (artifact id: '02d00278b45924e48503edf1710d84a4') in 0.204824 seconds
Number of updated asset objects reloaded before import = 0
Number of asset objects unloaded after import = 3
========================================================================
Received Import Request.
  Time since last request: 0.000053 seconds.
  path: Assets/Basic_Platformer/Tilemap/Hierba_Rosa3.asset
  artifactKey: Guid(c80df67b4dbe61945bb3d9363fa07f4a) Importer(815301076,1909f56bfc062723c751e8b465ee728b)
Start importing Assets/Basic_Platformer/Tilemap/Hierba_Rosa3.asset using Guid(c80df67b4dbe61945bb3d9363fa07f4a) Importer(815301076,1909f56bfc062723c751e8b465ee728b) [PhysX] Initialized MultithreadedTaskDispatcher with 8 workers.
 -> (artifact id: 'd404a40c57f08009631135c31cd3ee61') in 0.020709 seconds
Number of updated asset objects reloaded before import = 0
Number of asset objects unloaded after import = 3
========================================================================
Received Import Request.
  Time since last request: 0.000091 seconds.
  path: Assets/Basic_Platformer/Tilemap/Bloque_Piedra3.asset
  artifactKey: Guid(0ed7022c11680624f83c26f7b1b7fa1d) Importer(815301076,1909f56bfc062723c751e8b465ee728b)
Start importing Assets/Basic_Platformer/Tilemap/Bloque_Piedra3.asset using Guid(0ed7022c11680624f83c26f7b1b7fa1d) Importer(815301076,1909f56bfc062723c751e8b465ee728b) [PhysX] Initialized MultithreadedTaskDispatcher with 8 workers.
 -> (artifact id: 'ed350b1f04eb8bc63453e22cac2fa2b6') in 0.018334 seconds
Number of updated asset objects reloaded before import = 0
Number of asset objects unloaded after import = 3
========================================================================
Received Import Request.
  Time since last request: 0.000134 seconds.
  path: Assets/Basic_Platformer/Tilemap/Boton_Pulsado.asset
  artifactKey: Guid(d75c447410251ca478a529323a3f2d8c) Importer(815301076,1909f56bfc062723c751e8b465ee728b)
Start importing Assets/Basic_Platformer/Tilemap/Boton_Pulsado.asset using Guid(d75c447410251ca478a529323a3f2d8c) Importer(815301076,1909f56bfc062723c751e8b465ee728b) [PhysX] Initialized MultithreadedTaskDispatcher with 8 workers.
 -> (artifact id: '41384afaa3f087c88cd3d26a144eca6a') in 0.018857 seconds
Number of updated asset objects reloaded before import = 0
Number of asset objects unloaded after import = 3
========================================================================
Received Import Request.
  Time since last request: 0.000035 seconds.
  path: Assets/Basic_Platformer/Tilemap/Cartel_flecha_abajo.asset
  artifactKey: Guid(f652434cfbe620b478fb8e034fec0d67) Importer(815301076,1909f56bfc062723c751e8b465ee728b)
Start importing Assets/Basic_Platformer/Tilemap/Cartel_flecha_abajo.asset using Guid(f652434cfbe620b478fb8e034fec0d67) Importer(815301076,1909f56bfc062723c751e8b465ee728b) [PhysX] Initialized MultithreadedTaskDispatcher with 8 workers.
 -> (artifact id: '4616835bf0b03efa1c9f69337f3ca077') in 0.008444 seconds
Number of updated asset objects reloaded before import = 0
Number of asset objects unloaded after import = 3
========================================================================
Received Import Request.
  Time since last request: 0.000045 seconds.
  path: Assets/Basic_Platformer/Tilemap/Bloque_Piedra2.asset
  artifactKey: Guid(c1345f83d7f46154abe367f3b3fcf281) Importer(815301076,1909f56bfc062723c751e8b465ee728b)
Start importing Assets/Basic_Platformer/Tilemap/Bloque_Piedra2.asset using Guid(c1345f83d7f46154abe367f3b3fcf281) Importer(815301076,1909f56bfc062723c751e8b465ee728b) [PhysX] Initialized MultithreadedTaskDispatcher with 8 workers.
 -> (artifact id: 'a89a0a1b11ec32b1c82f0835c4ed4bad') in 0.019570 seconds
Number of updated asset objects reloaded before import = 0
Number of asset objects unloaded after import = 3
========================================================================
Received Import Request.
  Time since last request: 0.000036 seconds.
  path: Assets/Basic_Platformer/Tilemap/Corazon.asset
  artifactKey: Guid(7e7f218f67a0bf046859e5523679b576) Importer(815301076,1909f56bfc062723c751e8b465ee728b)
Start importing Assets/Basic_Platformer/Tilemap/Corazon.asset using Guid(7e7f218f67a0bf046859e5523679b576) Importer(815301076,1909f56bfc062723c751e8b465ee728b) [PhysX] Initialized MultithreadedTaskDispatcher with 8 workers.
 -> (artifact id: '32b9a3e8ce4148f59c888c489980bfef') in 0.009224 seconds
Number of updated asset objects reloaded before import = 0
Number of asset objects unloaded after import = 3
========================================================================
Received Import Request.
  Time since last request: 0.000038 seconds.
  path: Assets/Basic_Platformer/Tilemap/Caja_carton.asset
  artifactKey: Guid(456550ac49c759e46837314f79c2314c) Importer(815301076,1909f56bfc062723c751e8b465ee728b)
Start importing Assets/Basic_Platformer/Tilemap/Caja_carton.asset using Guid(456550ac49c759e46837314f79c2314c) Importer(815301076,1909f56bfc062723c751e8b465ee728b) [PhysX] Initialized MultithreadedTaskDispatcher with 8 workers.
 -> (artifact id: '13f29777318760d0a229f6bccea81974') in 0.011202 seconds
Number of updated asset objects reloaded before import = 0
Number of asset objects unloaded after import = 3
========================================================================
Received Import Request.
  Time since last request: 0.000030 seconds.
  path: Assets/Basic_Platformer/Tilemap/Espada.asset
  artifactKey: Guid(b6c2a375f029fe64fa5b185dbbf94c6e) Importer(815301076,1909f56bfc062723c751e8b465ee728b)
Start importing Assets/Basic_Platformer/Tilemap/Espada.asset using Guid(b6c2a375f029fe64fa5b185dbbf94c6e) Importer(815301076,1909f56bfc062723c751e8b465ee728b) [PhysX] Initialized MultithreadedTaskDispatcher with 8 workers.
 -> (artifact id: 'ea948457193a36e8e36369f548a32d7f') in 0.021619 seconds
Number of updated asset objects reloaded before import = 0
Number of asset objects unloaded after import = 3
========================================================================
Received Import Request.
  Time since last request: 0.000037 seconds.
  path: Assets/Basic_Platformer/Tilemap/Cartel_flecha_Izquierda.asset
  artifactKey: Guid(945b02fb2b3cc434c92d552f22835967) Importer(815301076,1909f56bfc062723c751e8b465ee728b)
Start importing Assets/Basic_Platformer/Tilemap/Cartel_flecha_Izquierda.asset using Guid(945b02fb2b3cc434c92d552f22835967) Importer(815301076,1909f56bfc062723c751e8b465ee728b) [PhysX] Initialized MultithreadedTaskDispatcher with 8 workers.
 -> (artifact id: 'fa004bce555e0adad2b33750656f5129') in 0.009776 seconds
Number of updated asset objects reloaded before import = 0
Number of asset objects unloaded after import = 3
========================================================================
Received Import Request.
  Time since last request: 0.000032 seconds.
  path: Assets/Basic_Platformer/Tilemap/Caja_Madera3.asset
  artifactKey: Guid(3827c31a721a8f6438c217eb1ea761c7) Importer(815301076,1909f56bfc062723c751e8b465ee728b)
Start importing Assets/Basic_Platformer/Tilemap/Caja_Madera3.asset using Guid(3827c31a721a8f6438c217eb1ea761c7) Importer(815301076,1909f56bfc062723c751e8b465ee728b) [PhysX] Initialized MultithreadedTaskDispatcher with 8 workers.
 -> (artifact id: 'e241f7309c701e0017f073bd94f71726') in 0.020026 seconds
Number of updated asset objects reloaded before import = 0
Number of asset objects unloaded after import = 3
========================================================================
Received Import Request.
  Time since last request: 0.000055 seconds.
  path: Assets/Basic_Platformer/Tilemap/Copa_Arbol_Grande.asset
  artifactKey: Guid(2590db60f706cad4d87ab71582d2edc9) Importer(815301076,1909f56bfc062723c751e8b465ee728b)
Start importing Assets/Basic_Platformer/Tilemap/Copa_Arbol_Grande.asset using Guid(2590db60f706cad4d87ab71582d2edc9) Importer(815301076,1909f56bfc062723c751e8b465ee728b) [PhysX] Initialized MultithreadedTaskDispatcher with 8 workers.
 -> (artifact id: '14d2eb7f02cfccd12e85b1a6a1cef797') in 0.020827 seconds
Number of updated asset objects reloaded before import = 0
Number of asset objects unloaded after import = 3
========================================================================
Received Import Request.
  Time since last request: 0.000029 seconds.
  path: Assets/Basic_Platformer/Tilemap/Caja_Madera4.asset
  artifactKey: Guid(b480e26edff801943a31363536fb2df9) Importer(815301076,1909f56bfc062723c751e8b465ee728b)
Start importing Assets/Basic_Platformer/Tilemap/Caja_Madera4.asset using Guid(b480e26edff801943a31363536fb2df9) Importer(815301076,1909f56bfc062723c751e8b465ee728b) [PhysX] Initialized MultithreadedTaskDispatcher with 8 workers.
 -> (artifact id: '98bb490e3a15a7194cb483f647edd109') in 0.007275 seconds
Number of updated asset objects reloaded before import = 0
Number of asset objects unloaded after import = 3
========================================================================
Received Import Request.
  Time since last request: 0.000025 seconds.
  path: Assets/Basic_Platformer/Tilemap/Flores2.asset
  artifactKey: Guid(9c27e97d83232e9428d3850e556c1aa5) Importer(815301076,1909f56bfc062723c751e8b465ee728b)
Start importing Assets/Basic_Platformer/Tilemap/Flores2.asset using Guid(9c27e97d83232e9428d3850e556c1aa5) Importer(815301076,1909f56bfc062723c751e8b465ee728b) [PhysX] Initialized MultithreadedTaskDispatcher with 8 workers.
 -> (artifact id: '5ee3045ca276488a1c2e40b2d5a0912f') in 0.019789 seconds
Number of updated asset objects reloaded before import = 0
Number of asset objects unloaded after import = 3
========================================================================
Received Import Request.
  Time since last request: 17.179883 seconds.
  path: Assets/Basic_Platformer/Tilemap/Puerta_Abierta.asset
  artifactKey: Guid(71bc5a97ec3bd7341a75ccbd98d8b25a) Importer(815301076,1909f56bfc062723c751e8b465ee728b)
Start importing Assets/Basic_Platformer/Tilemap/Puerta_Abierta.asset using Guid(71bc5a97ec3bd7341a75ccbd98d8b25a) Importer(815301076,1909f56bfc062723c751e8b465ee728b) [PhysX] Initialized MultithreadedTaskDispatcher with 8 workers.
 -> (artifact id: '9075f46f7acf06d7a25ea57acee7a1fd') in 0.029032 seconds
Number of updated asset objects reloaded before import = 0
Number of asset objects unloaded after import = 3
========================================================================
Received Import Request.
  Time since last request: 0.000040 seconds.
  path: Assets/Basic_Platformer/Tilemap/tilemap_packed_0.asset
  artifactKey: Guid(5c4a2de6342ade240a6efd7e30e47578) Importer(815301076,1909f56bfc062723c751e8b465ee728b)
Start importing Assets/Basic_Platformer/Tilemap/tilemap_packed_0.asset using Guid(5c4a2de6342ade240a6efd7e30e47578) Importer(815301076,1909f56bfc062723c751e8b465ee728b) [PhysX] Initialized MultithreadedTaskDispatcher with 8 workers.
 -> (artifact id: 'd38a0f0e160a556e0579aa46b2472b7f') in 0.025505 seconds
Number of updated asset objects reloaded before import = 0
Number of asset objects unloaded after import = 3
========================================================================
Received Import Request.
  Time since last request: 0.000850 seconds.
  path: Assets/Basic_Platformer/Tilemap/Suelo3.asset
  artifactKey: Guid(d8d0f5d6063d7b5489d02c0cf867c149) Importer(815301076,1909f56bfc062723c751e8b465ee728b)
Start importing Assets/Basic_Platformer/Tilemap/Suelo3.asset using Guid(d8d0f5d6063d7b5489d02c0cf867c149) Importer(815301076,1909f56bfc062723c751e8b465ee728b) [PhysX] Initialized MultithreadedTaskDispatcher with 8 workers.
 -> (artifact id: '1187651f81b7b8d57aed41878413ae6a') in 0.019521 seconds
Number of updated asset objects reloaded before import = 0
Number of asset objects unloaded after import = 3
========================================================================
Received Import Request.
  Time since last request: 0.000385 seconds.
  path: Assets/Basic_Platformer/Tilemap/Rama_Arbol2.asset
  artifactKey: Guid(622c29820e82f5c43a029146b102c349) Importer(815301076,1909f56bfc062723c751e8b465ee728b)
Start importing Assets/Basic_Platformer/Tilemap/Rama_Arbol2.asset using Guid(622c29820e82f5c43a029146b102c349) Importer(815301076,1909f56bfc062723c751e8b465ee728b) [PhysX] Initialized MultithreadedTaskDispatcher with 8 workers.
 -> (artifact id: '7c05478bdc08901f957f0a50f5ed56d8') in 0.019554 seconds
Number of updated asset objects reloaded before import = 0
Number of asset objects unloaded after import = 3
========================================================================
Received Import Request.
  Time since last request: 0.000025 seconds.
  path: Assets/Basic_Platformer/Tilemap/Suelo2.asset
  artifactKey: Guid(58e23e2d56aa83b4fb015afa554cfa85) Importer(815301076,1909f56bfc062723c751e8b465ee728b)
Start importing Assets/Basic_Platformer/Tilemap/Suelo2.asset using Guid(58e23e2d56aa83b4fb015afa554cfa85) Importer(815301076,1909f56bfc062723c751e8b465ee728b) [PhysX] Initialized MultithreadedTaskDispatcher with 8 workers.
 -> (artifact id: 'c42a5ac610aff064d27d89249d1c1619') in 0.020756 seconds
Number of updated asset objects reloaded before import = 0
Number of asset objects unloaded after import = 3
========================================================================
Received Import Request.
  Time since last request: 0.000037 seconds.
  path: Assets/Basic_Platformer/Tilemap/Tronco2.asset
  artifactKey: Guid(5fae54b82b7935b46a47f61f9d2a609e) Importer(815301076,1909f56bfc062723c751e8b465ee728b)
Start importing Assets/Basic_Platformer/Tilemap/Tronco2.asset using Guid(5fae54b82b7935b46a47f61f9d2a609e) Importer(815301076,1909f56bfc062723c751e8b465ee728b) [PhysX] Initialized MultithreadedTaskDispatcher with 8 workers.
 -> (artifact id: '3a75d117568296e45002693177baf6ed') in 0.021043 seconds
Number of updated asset objects reloaded before import = 0
Number of asset objects unloaded after import = 3
========================================================================
Received Import Request.
  Time since last request: 0.000040 seconds.
  path: Assets/Basic_Platformer/Tilemap/Sierra.asset
  artifactKey: Guid(73446471bcffc3f4881871fcf1a2e6bf) Importer(815301076,1909f56bfc062723c751e8b465ee728b)
Start importing Assets/Basic_Platformer/Tilemap/Sierra.asset using Guid(73446471bcffc3f4881871fcf1a2e6bf) Importer(815301076,1909f56bfc062723c751e8b465ee728b) [PhysX] Initialized MultithreadedTaskDispatcher with 8 workers.
 -> (artifact id: '0214daf9213abbbbc9ee360e52e81a48') in 0.020052 seconds
Number of updated asset objects reloaded before import = 0
Number of asset objects unloaded after import = 3
========================================================================
Received Import Request.
  Time since last request: 0.000029 seconds.
  path: Assets/Basic_Platformer/Tilemap/Tronco_Grande.asset
  artifactKey: Guid(dd0b85e0d8125984e9d48205092eaba5) Importer(815301076,1909f56bfc062723c751e8b465ee728b)
Start importing Assets/Basic_Platformer/Tilemap/Tronco_Grande.asset using Guid(dd0b85e0d8125984e9d48205092eaba5) Importer(815301076,1909f56bfc062723c751e8b465ee728b) [PhysX] Initialized MultithreadedTaskDispatcher with 8 workers.
 -> (artifact id: '9e17088c696c97e716aeedcde2d8fe55') in 0.017087 seconds
Number of updated asset objects reloaded before import = 0
Number of asset objects unloaded after import = 3
========================================================================
Received Import Request.
  Time since last request: 182.237938 seconds.
  path: Assets/Basic_Platformer/Tilemap/Llave_Dorada.asset
  artifactKey: Guid(e9cf30ed418232a4cb87a2af27758c8e) Importer(815301076,1909f56bfc062723c751e8b465ee728b)
Start importing Assets/Basic_Platformer/Tilemap/Llave_Dorada.asset using Guid(e9cf30ed418232a4cb87a2af27758c8e) Importer(815301076,1909f56bfc062723c751e8b465ee728b) [PhysX] Initialized MultithreadedTaskDispatcher with 8 workers.
 -> (artifact id: '04d21b271ff0b23402a84563b5e35aa8') in 0.027753 seconds
Number of updated asset objects reloaded before import = 0
Number of asset objects unloaded after import = 3
========================================================================
Received Import Request.
  Time since last request: 0.000026 seconds.
  path: Assets/Basic_Platformer/Tilemap/Multipuerta_Cerrada.asset
  artifactKey: Guid(157539f284611b247ac9b05f2c3ee223) Importer(815301076,1909f56bfc062723c751e8b465ee728b)
Start importing Assets/Basic_Platformer/Tilemap/Multipuerta_Cerrada.asset using Guid(157539f284611b247ac9b05f2c3ee223) Importer(815301076,1909f56bfc062723c751e8b465ee728b) [PhysX] Initialized MultithreadedTaskDispatcher with 8 workers.
 -> (artifact id: 'f8dad60385146a9a9b016992a5226edd') in 0.033173 seconds
Number of updated asset objects reloaded before import = 0
Number of asset objects unloaded after import = 3
========================================================================
Received Import Request.
  Time since last request: 0.000041 seconds.
  path: Assets/Basic_Platformer/Tilemap/Multisuelo2.asset
  artifactKey: Guid(3f170a7830539ce4ea1543afbc44057e) Importer(815301076,1909f56bfc062723c751e8b465ee728b)
Start importing Assets/Basic_Platformer/Tilemap/Multisuelo2.asset using Guid(3f170a7830539ce4ea1543afbc44057e) Importer(815301076,1909f56bfc062723c751e8b465ee728b) [PhysX] Initialized MultithreadedTaskDispatcher with 8 workers.
 -> (artifact id: '56067002863a962cef64694dc96ae0fc') in 0.023099 seconds
Number of updated asset objects reloaded before import = 0
Number of asset objects unloaded after import = 3
========================================================================
Received Import Request.
  Time since last request: 0.000042 seconds.
  path: Assets/Basic_Platformer/Tilemap/Palanca_Centro.asset
  artifactKey: Guid(dbe40d77946cb9e4e9b35ef949ed0881) Importer(815301076,1909f56bfc062723c751e8b465ee728b)
Start importing Assets/Basic_Platformer/Tilemap/Palanca_Centro.asset using Guid(dbe40d77946cb9e4e9b35ef949ed0881) Importer(815301076,1909f56bfc062723c751e8b465ee728b) [PhysX] Initialized MultithreadedTaskDispatcher with 8 workers.
 -> (artifact id: '6bb2cb9b996a8b2a286ef1dbb9bd21b3') in 0.025760 seconds
Number of updated asset objects reloaded before import = 0
Number of asset objects unloaded after import = 3
========================================================================
Received Import Request.
  Time since last request: 0.000034 seconds.
  path: Assets/Basic_Platformer/Tilemap/Multisuelo4.asset
  artifactKey: Guid(964d027478395144f99fb695711d9d95) Importer(815301076,1909f56bfc062723c751e8b465ee728b)
Start importing Assets/Basic_Platformer/Tilemap/Multisuelo4.asset using Guid(964d027478395144f99fb695711d9d95) Importer(815301076,1909f56bfc062723c751e8b465ee728b) [PhysX] Initialized MultithreadedTaskDispatcher with 8 workers.
 -> (artifact id: '45b655edf20bd012a10128d8b0eb1adf') in 0.021553 seconds
Number of updated asset objects reloaded before import = 0
Number of asset objects unloaded after import = 3
========================================================================
Received Import Request.
  Time since last request: 0.000029 seconds.
  path: Assets/Basic_Platformer/Tilemap/Multisuelo1.asset
  artifactKey: Guid(70882c7e4a9432049b2dea00ad50bb99) Importer(815301076,1909f56bfc062723c751e8b465ee728b)
Start importing Assets/Basic_Platformer/Tilemap/Multisuelo1.asset using Guid(70882c7e4a9432049b2dea00ad50bb99) Importer(815301076,1909f56bfc062723c751e8b465ee728b) [PhysX] Initialized MultithreadedTaskDispatcher with 8 workers.
 -> (artifact id: '8b339f6bdd6d69660375902253f1354c') in 0.021561 seconds
Number of updated asset objects reloaded before import = 0
Number of asset objects unloaded after import = 3
========================================================================
Received Import Request.
  Time since last request: 0.000030 seconds.
  path: Assets/Basic_Platformer/Tilemap/Pincho.asset
  artifactKey: Guid(ed33ec99d7fa25549b58f70d017397b0) Importer(815301076,1909f56bfc062723c751e8b465ee728b)
Start importing Assets/Basic_Platformer/Tilemap/Pincho.asset using Guid(ed33ec99d7fa25549b58f70d017397b0) Importer(815301076,1909f56bfc062723c751e8b465ee728b) [PhysX] Initialized MultithreadedTaskDispatcher with 8 workers.
 -> (artifact id: '5be4bbb0fb252c7bdff1ffce5b8e5f36') in 0.023484 seconds
Number of updated asset objects reloaded before import = 0
Number of asset objects unloaded after import = 3
========================================================================
Received Import Request.
  Time since last request: 0.000047 seconds.
  path: Assets/Basic_Platformer/Tilemap/Multisuelo3.asset
  artifactKey: Guid(14cc4228ddc999245be1fbcc5f3cb404) Importer(815301076,1909f56bfc062723c751e8b465ee728b)
Start importing Assets/Basic_Platformer/Tilemap/Multisuelo3.asset using Guid(14cc4228ddc999245be1fbcc5f3cb404) Importer(815301076,1909f56bfc062723c751e8b465ee728b) [PhysX] Initialized MultithreadedTaskDispatcher with 8 workers.
 -> (artifact id: '54cfcac41fd1b5e371719243a4613463') in 0.020265 seconds
Number of updated asset objects reloaded before import = 0
Number of asset objects unloaded after import = 3
========================================================================
Received Import Request.
  Time since last request: 0.000037 seconds.
  path: Assets/Basic_Platformer/Tilemap/Palanca_Izquierda.asset
  artifactKey: Guid(c049c5d008f05cf4d983b67d910c0149) Importer(815301076,1909f56bfc062723c751e8b465ee728b)
Start importing Assets/Basic_Platformer/Tilemap/Palanca_Izquierda.asset using Guid(c049c5d008f05cf4d983b67d910c0149) Importer(815301076,1909f56bfc062723c751e8b465ee728b) [PhysX] Initialized MultithreadedTaskDispatcher with 8 workers.
 -> (artifact id: 'd7dde399187643a6eedf8445fb93d282') in 0.020490 seconds
Number of updated asset objects reloaded before import = 0
Number of asset objects unloaded after import = 3
Editor requested this worker to shutdown with reason: Scaling down because of idle timeout
TcpMessagingSession - receive error: operation aborted. errorcode: 995, details: La operación de E/S se anuló por una salida de subproceso o por una solicitud de aplicación.
AssetImportWorker is now disconnected from the server
Process exiting
Exiting without the bug reporter. Application will terminate with return code 0