Using pre-set license
Built from '2022.3/staging' branch; Version is '2022.3.46f1 (8e9b8558c41a) revision 9345925'; Using compiler version '192829333'; Build Type 'Release'
OS: 'Windows 11  (10.0.22631) 64bit Core' Language: 'es' Physical Memory: 7971 MB
BatchMode: 1, IsHumanControllingUs: 0, StartBugReporterOnCrash: 0, Is64bit: 1, IsPro: 1

COMMAND LINE ARGUMENTS:
C:\Program Files\Unity\Hub\Editor\2022.3.46f1\Editor\Unity.exe
-adb2
-batchMode
-noUpm
-name
AssetImportWorker8
-projectPath
C:/Users/34654/ProyectoUT2MatiasRojas/Proyecto2DMatiasRojas
-logFile
Logs/AssetImportWorker8.log
-srvPort
51788
Successfully changed project path to: C:/Users/34654/ProyectoUT2MatiasRojas/Proyecto2DMatiasRojas
C:/Users/34654/ProyectoUT2MatiasRojas/Proyecto2DMatiasRojas
[UnityMemory] Configuration Parameters - Can be set up in boot.config
    "memorysetup-bucket-allocator-granularity=16"
    "memorysetup-bucket-allocator-bucket-count=8"
    "memorysetup-bucket-allocator-block-size=33554432"
    "memorysetup-bucket-allocator-block-count=8"
    "memorysetup-main-allocator-block-size=16777216"
    "memorysetup-thread-allocator-block-size=16777216"
    "memorysetup-gfx-main-allocator-block-size=16777216"
    "memorysetup-gfx-thread-allocator-block-size=16777216"
    "memorysetup-cache-allocator-block-size=4194304"
    "memorysetup-typetree-allocator-block-size=2097152"
    "memorysetup-profiler-bucket-allocator-granularity=16"
    "memorysetup-profiler-bucket-allocator-bucket-count=8"
    "memorysetup-profiler-bucket-allocator-block-size=33554432"
    "memorysetup-profiler-bucket-allocator-block-count=8"
    "memorysetup-profiler-allocator-block-size=16777216"
    "memorysetup-profiler-editor-allocator-block-size=1048576"
    "memorysetup-temp-allocator-size-main=16777216"
    "memorysetup-job-temp-allocator-block-size=2097152"
    "memorysetup-job-temp-allocator-block-size-background=1048576"
    "memorysetup-job-temp-allocator-reduction-small-platforms=262144"
    "memorysetup-allocator-temp-initial-block-size-main=262144"
    "memorysetup-allocator-temp-initial-block-size-worker=262144"
    "memorysetup-temp-allocator-size-background-worker=32768"
    "memorysetup-temp-allocator-size-job-worker=262144"
    "memorysetup-temp-allocator-size-preload-manager=33554432"
    "memorysetup-temp-allocator-size-nav-mesh-worker=65536"
    "memorysetup-temp-allocator-size-audio-worker=65536"
    "memorysetup-temp-allocator-size-cloud-worker=32768"
    "memorysetup-temp-allocator-size-gi-baking-worker=262144"
    "memorysetup-temp-allocator-size-gfx=262144"
Player connection [13436]  Target information:

Player connection [13436]  * "[IP] 192.168.56.1 [Port] 0 [Flags] 2 [Guid] 3850501582 [EditorId] 3850501582 [Version] 1048832 [Id] WindowsEditor(7,LAPTOP-OJ53L34I) [Debug] 1 [PackageName] WindowsEditor [ProjectName] Editor" 

Player connection [13436]  * "[IP] 192.168.1.132 [Port] 0 [Flags] 2 [Guid] 3850501582 [EditorId] 3850501582 [Version] 1048832 [Id] WindowsEditor(7,LAPTOP-OJ53L34I) [Debug] 1 [PackageName] WindowsEditor [ProjectName] Editor" 

Player connection [13436] Host joined multi-casting on [225.0.0.222:54997]...
Player connection [13436] Host joined alternative multi-casting on [225.0.0.222:34997]...
[PhysX] Initialized MultithreadedTaskDispatcher with 8 workers.
Refreshing native plugins compatible for Editor in 19.19 ms, found 4 plugins.
Preloading 0 native plugins for Editor in 0.00 ms.
Initialize engine version: 2022.3.46f1 (8e9b8558c41a)
[Subsystems] Discovering subsystems at path C:/Program Files/Unity/Hub/Editor/2022.3.46f1/Editor/Data/Resources/UnitySubsystems
[Subsystems] Discovering subsystems at path C:/Users/34654/ProyectoUT2MatiasRojas/Proyecto2DMatiasRojas/Assets
GfxDevice: creating device client; threaded=0; jobified=0
Direct3D:
    Version:  Direct3D 11.0 [level 11.1]
    Renderer: Intel(R) Iris(R) Xe Graphics (ID=0x9a49)
    Vendor:   Intel
    VRAM:     3985 MB
    Driver:   30.0.101.1404
Initialize mono
Mono path[0] = 'C:/Program Files/Unity/Hub/Editor/2022.3.46f1/Editor/Data/Managed'
Mono path[1] = 'C:/Program Files/Unity/Hub/Editor/2022.3.46f1/Editor/Data/MonoBleedingEdge/lib/mono/unityjit-win32'
Mono config path = 'C:/Program Files/Unity/Hub/Editor/2022.3.46f1/Editor/Data/MonoBleedingEdge/etc'
Using monoOptions --debugger-agent=transport=dt_socket,embedding=1,server=y,suspend=n,address=127.0.0.1:56864
Begin MonoManager ReloadAssembly
Registering precompiled unity dll's ...
Register platform support module: C:/Program Files/Unity/Hub/Editor/2022.3.46f1/Editor/Data/PlaybackEngines/WindowsStandaloneSupport/UnityEditor.WindowsStandalone.Extensions.dll
Registered in 0.009613 seconds.
- Loaded All Assemblies, in  0.476 seconds
Native extension for WindowsStandalone target not found
Mono: successfully reloaded assembly
- Finished resetting the current domain, in  0.314 seconds
Domain Reload Profiling: 788ms
	BeginReloadAssembly (194ms)
		ExecutionOrderSort (0ms)
		DisableScriptedObjects (0ms)
		BackupInstance (0ms)
		ReleaseScriptingObjects (0ms)
		CreateAndSetChildDomain (1ms)
	RebuildCommonClasses (41ms)
	RebuildNativeTypeToScriptingClass (15ms)
	initialDomainReloadingComplete (72ms)
	LoadAllAssembliesAndSetupDomain (151ms)
		LoadAssemblies (191ms)
		RebuildTransferFunctionScriptingTraits (0ms)
		AnalyzeDomain (148ms)
			TypeCache.Refresh (147ms)
				TypeCache.ScanAssembly (133ms)
			ScanForSourceGeneratedMonoScriptInfo (0ms)
			ResolveRequiredComponents (0ms)
	FinalizeReload (314ms)
		ReleaseScriptCaches (0ms)
		RebuildScriptCaches (0ms)
		SetupLoadedEditorAssemblies (264ms)
			LogAssemblyErrors (0ms)
			InitializePlatformSupportModulesInManaged (11ms)
			SetLoadedEditorAssemblies (9ms)
			RefreshPlugins (0ms)
			BeforeProcessingInitializeOnLoad (4ms)
			ProcessInitializeOnLoadAttributes (186ms)
			ProcessInitializeOnLoadMethodAttributes (54ms)
			AfterProcessingInitializeOnLoad (0ms)
			EditorAssembliesLoaded (0ms)
		ExecutionOrderSort2 (0ms)
		AwakeInstancesAfterBackupRestoration (0ms)
========================================================================
Worker process is ready to serve import requests
Caller must complete domain reload
Begin MonoManager ReloadAssembly
- Loaded All Assemblies, in  0.906 seconds
Native extension for WindowsStandalone target not found
Package Manager log level set to [2]
[Package Manager] Server::EnsureServerProcessIsRunning -- launch failed, reason: Unity was launched with the -noUpm command-line argument
[Package Manager] UpmClient::Send -- Unable to send message (not connected to UPM process).
[Package Manager] Cannot connect to Unity Package Manager local server
Mono: successfully reloaded assembly
- Finished resetting the current domain, in  1.314 seconds
Domain Reload Profiling: 2219ms
	BeginReloadAssembly (176ms)
		ExecutionOrderSort (0ms)
		DisableScriptedObjects (6ms)
		BackupInstance (0ms)
		ReleaseScriptingObjects (0ms)
		CreateAndSetChildDomain (29ms)
	RebuildCommonClasses (34ms)
	RebuildNativeTypeToScriptingClass (11ms)
	initialDomainReloadingComplete (45ms)
	LoadAllAssembliesAndSetupDomain (639ms)
		LoadAssemblies (492ms)
		RebuildTransferFunctionScriptingTraits (0ms)
		AnalyzeDomain (240ms)
			TypeCache.Refresh (190ms)
				TypeCache.ScanAssembly (172ms)
			ScanForSourceGeneratedMonoScriptInfo (37ms)
			ResolveRequiredComponents (10ms)
	FinalizeReload (1314ms)
		ReleaseScriptCaches (0ms)
		RebuildScriptCaches (0ms)
		SetupLoadedEditorAssemblies (1118ms)
			LogAssemblyErrors (0ms)
			InitializePlatformSupportModulesInManaged (7ms)
			SetLoadedEditorAssemblies (4ms)
			RefreshPlugins (0ms)
			BeforeProcessingInitializeOnLoad (84ms)
			ProcessInitializeOnLoadAttributes (970ms)
			ProcessInitializeOnLoadMethodAttributes (44ms)
			AfterProcessingInitializeOnLoad (9ms)
			EditorAssembliesLoaded (0ms)
		ExecutionOrderSort2 (0ms)
		AwakeInstancesAfterBackupRestoration (14ms)
Launched and connected shader compiler UnityShaderCompiler.exe after 0.07 seconds
Refreshing native plugins compatible for Editor in 5.69 ms, found 4 plugins.
Preloading 0 native plugins for Editor in 0.00 ms.
Unloading 4572 Unused Serialized files (Serialized files now loaded: 0)
Unloading 47 unused Assets / (130.5 KB). Loaded Objects now: 5042.
Memory consumption went from 151.1 MB to 151.0 MB.
Total: 4.767900 ms (FindLiveObjects: 0.365300 ms CreateObjectMapping: 0.159000 ms MarkObjects: 3.474100 ms  DeleteObjects: 0.768400 ms)

AssetImportParameters requested are different than current active one (requested -> active):
  custom:container-demuxer-ogg: 62fdf1f143b41e24485cea50d1cbac27 -> 
  custom:video-decoder-ogg-theora: a1e56fd34408186e4bbccfd4996cb3dc -> 
  custom:framework-win-MediaFoundation: 216162199b28c13a410421893ffa2e32 -> 
  custom:CustomObjectIndexerAttribute: 9a22284fe3817be447336de3de66b15e -> 
  custom:container-demuxer-webm: 4f35f7cbe854078d1ac9338744f61a02 -> 
  custom:container-muxer-webm: aa71ff27fc2769a1b78a27578f13a17b -> 
  custom:video-decoder-webm-vp8: 9c59270c3fd7afecdb556c50c9e8de78 -> 
  custom:SearchIndexIgnoredProperties: e643bd26f0fe6173181afceb89e7c659 -> 
  custom:AudioImporter_EditorPlatform: d09bf68614088b80899f8185d706f6e7 -> 
  custom:video-encoder-webm-vp8: eb34c28f22e8b96e1ab97ce403110664 -> 
  custom:audio-decoder-ogg-vorbis: bf7c407c2cedff20999df2af8eb42d56 -> 
  custom:audio-encoder-webm-vorbis: bf7c407c2cedff20999df2af8eb42d56 -> 
========================================================================
Received Prepare
Caller must complete domain reload
Begin MonoManager ReloadAssembly
- Loaded All Assemblies, in 28.130 seconds
Native extension for WindowsStandalone target not found
[Package Manager] Server::EnsureServerProcessIsRunning -- launch failed, reason: Unity was launched with the -noUpm command-line argument
[Package Manager] UpmClient::Send -- Unable to send message (not connected to UPM process).
[Package Manager] Cannot connect to Unity Package Manager local server
Mono: successfully reloaded assembly
- Finished resetting the current domain, in  1.138 seconds
Domain Reload Profiling: 29267ms
	BeginReloadAssembly (23491ms)
		ExecutionOrderSort (0ms)
		DisableScriptedObjects (22867ms)
		BackupInstance (0ms)
		ReleaseScriptingObjects (1ms)
		CreateAndSetChildDomain (261ms)
	RebuildCommonClasses (317ms)
	RebuildNativeTypeToScriptingClass (12ms)
	initialDomainReloadingComplete (42ms)
	LoadAllAssembliesAndSetupDomain (4266ms)
		LoadAssemblies (4498ms)
		RebuildTransferFunctionScriptingTraits (0ms)
		AnalyzeDomain (31ms)
			TypeCache.Refresh (17ms)
				TypeCache.ScanAssembly (0ms)
			ScanForSourceGeneratedMonoScriptInfo (0ms)
			ResolveRequiredComponents (12ms)
	FinalizeReload (1139ms)
		ReleaseScriptCaches (0ms)
		RebuildScriptCaches (0ms)
		SetupLoadedEditorAssemblies (849ms)
			LogAssemblyErrors (0ms)
			InitializePlatformSupportModulesInManaged (10ms)
			SetLoadedEditorAssemblies (10ms)
			RefreshPlugins (0ms)
			BeforeProcessingInitializeOnLoad (111ms)
			ProcessInitializeOnLoadAttributes (671ms)
			ProcessInitializeOnLoadMethodAttributes (40ms)
			AfterProcessingInitializeOnLoad (8ms)
			EditorAssembliesLoaded (0ms)
		ExecutionOrderSort2 (0ms)
		AwakeInstancesAfterBackupRestoration (14ms)
Refreshing native plugins compatible for Editor in 8.26 ms, found 4 plugins.
Preloading 0 native plugins for Editor in 0.00 ms.
Unloading 4559 Unused Serialized files (Serialized files now loaded: 0)
Unloading 20 unused Assets / (102.4 KB). Loaded Objects now: 5059.
Memory consumption went from 148.7 MB to 148.6 MB.
Total: 6.764700 ms (FindLiveObjects: 0.398600 ms CreateObjectMapping: 0.213000 ms MarkObjects: 6.033900 ms  DeleteObjects: 0.117700 ms)

Prepare: number of updated asset objects reloaded= 0
AssetImportParameters requested are different than current active one (requested -> active):
  custom:container-demuxer-ogg: 62fdf1f143b41e24485cea50d1cbac27 -> 
  custom:video-decoder-ogg-theora: a1e56fd34408186e4bbccfd4996cb3dc -> 
  custom:framework-win-MediaFoundation: 216162199b28c13a410421893ffa2e32 -> 
  custom:CustomObjectIndexerAttribute: 9a22284fe3817be447336de3de66b15e -> 
  custom:container-demuxer-webm: 4f35f7cbe854078d1ac9338744f61a02 -> 
  custom:container-muxer-webm: aa71ff27fc2769a1b78a27578f13a17b -> 
  custom:video-decoder-webm-vp8: 9c59270c3fd7afecdb556c50c9e8de78 -> 
  custom:SearchIndexIgnoredProperties: e643bd26f0fe6173181afceb89e7c659 -> 
  custom:AudioImporter_EditorPlatform: d09bf68614088b80899f8185d706f6e7 -> 
  custom:video-encoder-webm-vp8: eb34c28f22e8b96e1ab97ce403110664 -> 
  custom:audio-decoder-ogg-vorbis: bf7c407c2cedff20999df2af8eb42d56 -> 
  custom:audio-encoder-webm-vorbis: bf7c407c2cedff20999df2af8eb42d56 -> 
========================================================================
Received Prepare
Caller must complete domain reload
Begin MonoManager ReloadAssembly
- Loaded All Assemblies, in  0.565 seconds
Native extension for WindowsStandalone target not found
[Package Manager] Server::EnsureServerProcessIsRunning -- launch failed, reason: Unity was launched with the -noUpm command-line argument
[Package Manager] UpmClient::Send -- Unable to send message (not connected to UPM process).
[Package Manager] Cannot connect to Unity Package Manager local server
Mono: successfully reloaded assembly
- Finished resetting the current domain, in  2.257 seconds
Domain Reload Profiling: 2820ms
	BeginReloadAssembly (187ms)
		ExecutionOrderSort (0ms)
		DisableScriptedObjects (11ms)
		BackupInstance (0ms)
		ReleaseScriptingObjects (0ms)
		CreateAndSetChildDomain (50ms)
	RebuildCommonClasses (38ms)
	RebuildNativeTypeToScriptingClass (11ms)
	initialDomainReloadingComplete (34ms)
	LoadAllAssembliesAndSetupDomain (292ms)
		LoadAssemblies (366ms)
		RebuildTransferFunctionScriptingTraits (0ms)
		AnalyzeDomain (20ms)
			TypeCache.Refresh (8ms)
				TypeCache.ScanAssembly (0ms)
			ScanForSourceGeneratedMonoScriptInfo (0ms)
			ResolveRequiredComponents (10ms)
	FinalizeReload (2258ms)
		ReleaseScriptCaches (0ms)
		RebuildScriptCaches (0ms)
		SetupLoadedEditorAssemblies (779ms)
			LogAssemblyErrors (0ms)
			InitializePlatformSupportModulesInManaged (10ms)
			SetLoadedEditorAssemblies (6ms)
			RefreshPlugins (0ms)
			BeforeProcessingInitializeOnLoad (100ms)
			ProcessInitializeOnLoadAttributes (609ms)
			ProcessInitializeOnLoadMethodAttributes (44ms)
			AfterProcessingInitializeOnLoad (10ms)
			EditorAssembliesLoaded (0ms)
		ExecutionOrderSort2 (0ms)
		AwakeInstancesAfterBackupRestoration (17ms)
Refreshing native plugins compatible for Editor in 7.83 ms, found 4 plugins.
Preloading 0 native plugins for Editor in 0.00 ms.
Unloading 4559 Unused Serialized files (Serialized files now loaded: 0)
Unloading 20 unused Assets / (102.5 KB). Loaded Objects now: 5075.
Memory consumption went from 148.7 MB to 148.6 MB.
Total: 5.852400 ms (FindLiveObjects: 0.499500 ms CreateObjectMapping: 0.608700 ms MarkObjects: 4.622400 ms  DeleteObjects: 0.119900 ms)

Prepare: number of updated asset objects reloaded= 0
AssetImportParameters requested are different than current active one (requested -> active):
  custom:container-demuxer-ogg: 62fdf1f143b41e24485cea50d1cbac27 -> 
  custom:video-decoder-ogg-theora: a1e56fd34408186e4bbccfd4996cb3dc -> 
  custom:framework-win-MediaFoundation: 216162199b28c13a410421893ffa2e32 -> 
  custom:CustomObjectIndexerAttribute: 9a22284fe3817be447336de3de66b15e -> 
  custom:container-demuxer-webm: 4f35f7cbe854078d1ac9338744f61a02 -> 
  custom:container-muxer-webm: aa71ff27fc2769a1b78a27578f13a17b -> 
  custom:video-decoder-webm-vp8: 9c59270c3fd7afecdb556c50c9e8de78 -> 
  custom:SearchIndexIgnoredProperties: e643bd26f0fe6173181afceb89e7c659 -> 
  custom:AudioImporter_EditorPlatform: d09bf68614088b80899f8185d706f6e7 -> 
  custom:video-encoder-webm-vp8: eb34c28f22e8b96e1ab97ce403110664 -> 
  custom:audio-decoder-ogg-vorbis: bf7c407c2cedff20999df2af8eb42d56 -> 
  custom:audio-encoder-webm-vorbis: bf7c407c2cedff20999df2af8eb42d56 -> 
========================================================================
Received Prepare
Caller must complete domain reload
Begin MonoManager ReloadAssembly
- Loaded All Assemblies, in  0.632 seconds
Native extension for WindowsStandalone target not found
[Package Manager] Server::EnsureServerProcessIsRunning -- launch failed, reason: Unity was launched with the -noUpm command-line argument
[Package Manager] UpmClient::Send -- Unable to send message (not connected to UPM process).
[Package Manager] Cannot connect to Unity Package Manager local server
Mono: successfully reloaded assembly
- Finished resetting the current domain, in  1.751 seconds
Domain Reload Profiling: 2379ms
	BeginReloadAssembly (212ms)
		ExecutionOrderSort (0ms)
		DisableScriptedObjects (16ms)
		BackupInstance (0ms)
		ReleaseScriptingObjects (0ms)
		CreateAndSetChildDomain (36ms)
	RebuildCommonClasses (55ms)
	RebuildNativeTypeToScriptingClass (15ms)
	initialDomainReloadingComplete (48ms)
	LoadAllAssembliesAndSetupDomain (297ms)
		LoadAssemblies (397ms)
		RebuildTransferFunctionScriptingTraits (0ms)
		AnalyzeDomain (21ms)
			TypeCache.Refresh (10ms)
				TypeCache.ScanAssembly (0ms)
			ScanForSourceGeneratedMonoScriptInfo (0ms)
			ResolveRequiredComponents (10ms)
	FinalizeReload (1752ms)
		ReleaseScriptCaches (0ms)
		RebuildScriptCaches (0ms)
		SetupLoadedEditorAssemblies (856ms)
			LogAssemblyErrors (0ms)
			InitializePlatformSupportModulesInManaged (9ms)
			SetLoadedEditorAssemblies (5ms)
			RefreshPlugins (0ms)
			BeforeProcessingInitializeOnLoad (120ms)
			ProcessInitializeOnLoadAttributes (670ms)
			ProcessInitializeOnLoadMethodAttributes (43ms)
			AfterProcessingInitializeOnLoad (8ms)
			EditorAssembliesLoaded (0ms)
		ExecutionOrderSort2 (0ms)
		AwakeInstancesAfterBackupRestoration (15ms)
Refreshing native plugins compatible for Editor in 6.49 ms, found 4 plugins.
Preloading 0 native plugins for Editor in 0.00 ms.
Unloading 4559 Unused Serialized files (Serialized files now loaded: 0)
Unloading 20 unused Assets / (102.5 KB). Loaded Objects now: 5091.
Memory consumption went from 148.7 MB to 148.6 MB.
Total: 4.153900 ms (FindLiveObjects: 0.332100 ms CreateObjectMapping: 0.156200 ms MarkObjects: 3.600000 ms  DeleteObjects: 0.063800 ms)

Prepare: number of updated asset objects reloaded= 0
AssetImportParameters requested are different than current active one (requested -> active):
  custom:container-demuxer-ogg: 62fdf1f143b41e24485cea50d1cbac27 -> 
  custom:video-decoder-ogg-theora: a1e56fd34408186e4bbccfd4996cb3dc -> 
  custom:framework-win-MediaFoundation: 216162199b28c13a410421893ffa2e32 -> 
  custom:CustomObjectIndexerAttribute: 9a22284fe3817be447336de3de66b15e -> 
  custom:container-demuxer-webm: 4f35f7cbe854078d1ac9338744f61a02 -> 
  custom:container-muxer-webm: aa71ff27fc2769a1b78a27578f13a17b -> 
  custom:video-decoder-webm-vp8: 9c59270c3fd7afecdb556c50c9e8de78 -> 
  custom:SearchIndexIgnoredProperties: e643bd26f0fe6173181afceb89e7c659 -> 
  custom:AudioImporter_EditorPlatform: d09bf68614088b80899f8185d706f6e7 -> 
  custom:video-encoder-webm-vp8: eb34c28f22e8b96e1ab97ce403110664 -> 
  custom:audio-decoder-ogg-vorbis: bf7c407c2cedff20999df2af8eb42d56 -> 
  custom:audio-encoder-webm-vorbis: bf7c407c2cedff20999df2af8eb42d56 -> 
========================================================================
Received Prepare
Caller must complete domain reload
Begin MonoManager ReloadAssembly
- Loaded All Assemblies, in  0.515 seconds
Native extension for WindowsStandalone target not found
[Package Manager] Server::EnsureServerProcessIsRunning -- launch failed, reason: Unity was launched with the -noUpm command-line argument
[Package Manager] UpmClient::Send -- Unable to send message (not connected to UPM process).
[Package Manager] Cannot connect to Unity Package Manager local server
Mono: successfully reloaded assembly
- Finished resetting the current domain, in  1.468 seconds
Domain Reload Profiling: 1981ms
	BeginReloadAssembly (167ms)
		ExecutionOrderSort (0ms)
		DisableScriptedObjects (11ms)
		BackupInstance (0ms)
		ReleaseScriptingObjects (0ms)
		CreateAndSetChildDomain (29ms)
	RebuildCommonClasses (43ms)
	RebuildNativeTypeToScriptingClass (16ms)
	initialDomainReloadingComplete (27ms)
	LoadAllAssembliesAndSetupDomain (260ms)
		LoadAssemblies (340ms)
		RebuildTransferFunctionScriptingTraits (0ms)
		AnalyzeDomain (14ms)
			TypeCache.Refresh (7ms)
				TypeCache.ScanAssembly (0ms)
			ScanForSourceGeneratedMonoScriptInfo (0ms)
			ResolveRequiredComponents (6ms)
	FinalizeReload (1469ms)
		ReleaseScriptCaches (0ms)
		RebuildScriptCaches (0ms)
		SetupLoadedEditorAssemblies (752ms)
			LogAssemblyErrors (0ms)
			InitializePlatformSupportModulesInManaged (8ms)
			SetLoadedEditorAssemblies (4ms)
			RefreshPlugins (0ms)
			BeforeProcessingInitializeOnLoad (97ms)
			ProcessInitializeOnLoadAttributes (590ms)
			ProcessInitializeOnLoadMethodAttributes (45ms)
			AfterProcessingInitializeOnLoad (8ms)
			EditorAssembliesLoaded (0ms)
		ExecutionOrderSort2 (0ms)
		AwakeInstancesAfterBackupRestoration (16ms)
Refreshing native plugins compatible for Editor in 6.31 ms, found 4 plugins.
Preloading 0 native plugins for Editor in 0.00 ms.
Unloading 4559 Unused Serialized files (Serialized files now loaded: 0)
Unloading 20 unused Assets / (102.5 KB). Loaded Objects now: 5107.
Memory consumption went from 148.7 MB to 148.6 MB.
Total: 4.345300 ms (FindLiveObjects: 0.432700 ms CreateObjectMapping: 0.284700 ms MarkObjects: 3.532600 ms  DeleteObjects: 0.093500 ms)

Prepare: number of updated asset objects reloaded= 0
AssetImportParameters requested are different than current active one (requested -> active):
  custom:container-demuxer-ogg: 62fdf1f143b41e24485cea50d1cbac27 -> 
  custom:video-decoder-ogg-theora: a1e56fd34408186e4bbccfd4996cb3dc -> 
  custom:framework-win-MediaFoundation: 216162199b28c13a410421893ffa2e32 -> 
  custom:CustomObjectIndexerAttribute: 9a22284fe3817be447336de3de66b15e -> 
  custom:container-demuxer-webm: 4f35f7cbe854078d1ac9338744f61a02 -> 
  custom:container-muxer-webm: aa71ff27fc2769a1b78a27578f13a17b -> 
  custom:video-decoder-webm-vp8: 9c59270c3fd7afecdb556c50c9e8de78 -> 
  custom:SearchIndexIgnoredProperties: e643bd26f0fe6173181afceb89e7c659 -> 
  custom:AudioImporter_EditorPlatform: d09bf68614088b80899f8185d706f6e7 -> 
  custom:video-encoder-webm-vp8: eb34c28f22e8b96e1ab97ce403110664 -> 
  custom:audio-decoder-ogg-vorbis: bf7c407c2cedff20999df2af8eb42d56 -> 
  custom:audio-encoder-webm-vorbis: bf7c407c2cedff20999df2af8eb42d56 -> 
========================================================================
Received Prepare
Caller must complete domain reload
Begin MonoManager ReloadAssembly
- Loaded All Assemblies, in  0.449 seconds
Native extension for WindowsStandalone target not found
[Package Manager] Server::EnsureServerProcessIsRunning -- launch failed, reason: Unity was launched with the -noUpm command-line argument
[Package Manager] UpmClient::Send -- Unable to send message (not connected to UPM process).
[Package Manager] Cannot connect to Unity Package Manager local server
Mono: successfully reloaded assembly
- Finished resetting the current domain, in  1.927 seconds
Domain Reload Profiling: 2375ms
	BeginReloadAssembly (159ms)
		ExecutionOrderSort (0ms)
		DisableScriptedObjects (10ms)
		BackupInstance (0ms)
		ReleaseScriptingObjects (0ms)
		CreateAndSetChildDomain (38ms)
	RebuildCommonClasses (30ms)
	RebuildNativeTypeToScriptingClass (10ms)
	initialDomainReloadingComplete (27ms)
	LoadAllAssembliesAndSetupDomain (220ms)
		LoadAssemblies (280ms)
		RebuildTransferFunctionScriptingTraits (0ms)
		AnalyzeDomain (17ms)
			TypeCache.Refresh (7ms)
				TypeCache.ScanAssembly (0ms)
			ScanForSourceGeneratedMonoScriptInfo (0ms)
			ResolveRequiredComponents (8ms)
	FinalizeReload (1928ms)
		ReleaseScriptCaches (0ms)
		RebuildScriptCaches (0ms)
		SetupLoadedEditorAssemblies (1115ms)
			LogAssemblyErrors (0ms)
			InitializePlatformSupportModulesInManaged (12ms)
			SetLoadedEditorAssemblies (6ms)
			RefreshPlugins (0ms)
			BeforeProcessingInitializeOnLoad (139ms)
			ProcessInitializeOnLoadAttributes (881ms)
			ProcessInitializeOnLoadMethodAttributes (63ms)
			AfterProcessingInitializeOnLoad (14ms)
			EditorAssembliesLoaded (1ms)
		ExecutionOrderSort2 (0ms)
		AwakeInstancesAfterBackupRestoration (27ms)
Refreshing native plugins compatible for Editor in 10.54 ms, found 4 plugins.
Preloading 0 native plugins for Editor in 0.00 ms.
Unloading 4559 Unused Serialized files (Serialized files now loaded: 0)
Unloading 20 unused Assets / (102.5 KB). Loaded Objects now: 5123.
Memory consumption went from 148.7 MB to 148.6 MB.
Total: 6.913900 ms (FindLiveObjects: 0.471200 ms CreateObjectMapping: 0.824700 ms MarkObjects: 5.492700 ms  DeleteObjects: 0.122700 ms)

Prepare: number of updated asset objects reloaded= 0
AssetImportParameters requested are different than current active one (requested -> active):
  custom:container-demuxer-ogg: 62fdf1f143b41e24485cea50d1cbac27 -> 
  custom:video-decoder-ogg-theora: a1e56fd34408186e4bbccfd4996cb3dc -> 
  custom:framework-win-MediaFoundation: 216162199b28c13a410421893ffa2e32 -> 
  custom:CustomObjectIndexerAttribute: 9a22284fe3817be447336de3de66b15e -> 
  custom:container-demuxer-webm: 4f35f7cbe854078d1ac9338744f61a02 -> 
  custom:container-muxer-webm: aa71ff27fc2769a1b78a27578f13a17b -> 
  custom:video-decoder-webm-vp8: 9c59270c3fd7afecdb556c50c9e8de78 -> 
  custom:SearchIndexIgnoredProperties: e643bd26f0fe6173181afceb89e7c659 -> 
  custom:AudioImporter_EditorPlatform: d09bf68614088b80899f8185d706f6e7 -> 
  custom:video-encoder-webm-vp8: eb34c28f22e8b96e1ab97ce403110664 -> 
  custom:audio-decoder-ogg-vorbis: bf7c407c2cedff20999df2af8eb42d56 -> 
  custom:audio-encoder-webm-vorbis: bf7c407c2cedff20999df2af8eb42d56 -> 
========================================================================
Received Prepare
Caller must complete domain reload
Begin MonoManager ReloadAssembly
- Loaded All Assemblies, in  0.658 seconds
Native extension for WindowsStandalone target not found
[Package Manager] Server::EnsureServerProcessIsRunning -- launch failed, reason: Unity was launched with the -noUpm command-line argument
[Package Manager] UpmClient::Send -- Unable to send message (not connected to UPM process).
[Package Manager] Cannot connect to Unity Package Manager local server
Mono: successfully reloaded assembly
- Finished resetting the current domain, in  2.363 seconds
Domain Reload Profiling: 3015ms
	BeginReloadAssembly (218ms)
		ExecutionOrderSort (0ms)
		DisableScriptedObjects (14ms)
		BackupInstance (0ms)
		ReleaseScriptingObjects (0ms)
		CreateAndSetChildDomain (45ms)
	RebuildCommonClasses (57ms)
	RebuildNativeTypeToScriptingClass (18ms)
	initialDomainReloadingComplete (39ms)
	LoadAllAssembliesAndSetupDomain (319ms)
		LoadAssemblies (417ms)
		RebuildTransferFunctionScriptingTraits (0ms)
		AnalyzeDomain (23ms)
			TypeCache.Refresh (10ms)
				TypeCache.ScanAssembly (0ms)
			ScanForSourceGeneratedMonoScriptInfo (0ms)
			ResolveRequiredComponents (11ms)
	FinalizeReload (2364ms)
		ReleaseScriptCaches (0ms)
		RebuildScriptCaches (0ms)
		SetupLoadedEditorAssemblies (1216ms)
			LogAssemblyErrors (0ms)
			InitializePlatformSupportModulesInManaged (14ms)
			SetLoadedEditorAssemblies (6ms)
			RefreshPlugins (0ms)
			BeforeProcessingInitializeOnLoad (145ms)
			ProcessInitializeOnLoadAttributes (977ms)
			ProcessInitializeOnLoadMethodAttributes (59ms)
			AfterProcessingInitializeOnLoad (13ms)
			EditorAssembliesLoaded (2ms)
		ExecutionOrderSort2 (0ms)
		AwakeInstancesAfterBackupRestoration (24ms)
Refreshing native plugins compatible for Editor in 11.39 ms, found 4 plugins.
Preloading 0 native plugins for Editor in 0.00 ms.
Unloading 4559 Unused Serialized files (Serialized files now loaded: 0)
Unloading 20 unused Assets / (102.4 KB). Loaded Objects now: 5139.
Memory consumption went from 148.7 MB to 148.6 MB.
Total: 5.744100 ms (FindLiveObjects: 0.462200 ms CreateObjectMapping: 0.213000 ms MarkObjects: 4.981300 ms  DeleteObjects: 0.086000 ms)

Prepare: number of updated asset objects reloaded= 0
AssetImportParameters requested are different than current active one (requested -> active):
  custom:container-demuxer-ogg: 62fdf1f143b41e24485cea50d1cbac27 -> 
  custom:video-decoder-ogg-theora: a1e56fd34408186e4bbccfd4996cb3dc -> 
  custom:framework-win-MediaFoundation: 216162199b28c13a410421893ffa2e32 -> 
  custom:CustomObjectIndexerAttribute: 9a22284fe3817be447336de3de66b15e -> 
  custom:container-demuxer-webm: 4f35f7cbe854078d1ac9338744f61a02 -> 
  custom:container-muxer-webm: aa71ff27fc2769a1b78a27578f13a17b -> 
  custom:video-decoder-webm-vp8: 9c59270c3fd7afecdb556c50c9e8de78 -> 
  custom:SearchIndexIgnoredProperties: e643bd26f0fe6173181afceb89e7c659 -> 
  custom:AudioImporter_EditorPlatform: d09bf68614088b80899f8185d706f6e7 -> 
  custom:video-encoder-webm-vp8: eb34c28f22e8b96e1ab97ce403110664 -> 
  custom:audio-decoder-ogg-vorbis: bf7c407c2cedff20999df2af8eb42d56 -> 
  custom:audio-encoder-webm-vorbis: bf7c407c2cedff20999df2af8eb42d56 -> 
========================================================================
Received Import Request.
  Time since last request: 690510.158406 seconds.
  path: Assets/sprites/Tiles/Suelo/tilemap_packed 1_0.asset
  artifactKey: Guid(da62f58bb3674274189ed0988fc9e972) Importer(815301076,1909f56bfc062723c751e8b465ee728b)
Start importing Assets/sprites/Tiles/Suelo/tilemap_packed 1_0.asset using Guid(da62f58bb3674274189ed0988fc9e972) Importer(815301076,1909f56bfc062723c751e8b465ee728b) [PhysX] Initialized MultithreadedTaskDispatcher with 8 workers.
 -> (artifact id: '4404baff0e53143aee3ac9d4fbdadbbc') in 0.142206 seconds
Number of updated asset objects reloaded before import = 0
Number of asset objects unloaded after import = 3
========================================================================
Received Import Request.
  Time since last request: 0.000039 seconds.
  path: Assets/sprites/Tiles/Suelo/tilemap_packed 1_4.asset
  artifactKey: Guid(ac82b96db9a2f0f498cbd628fc684a84) Importer(815301076,1909f56bfc062723c751e8b465ee728b)
Start importing Assets/sprites/Tiles/Suelo/tilemap_packed 1_4.asset using Guid(ac82b96db9a2f0f498cbd628fc684a84) Importer(815301076,1909f56bfc062723c751e8b465ee728b) [PhysX] Initialized MultithreadedTaskDispatcher with 8 workers.
 -> (artifact id: 'd9ddd9d8ad335fb824562cb3d0d8ca1b') in 0.031675 seconds
Number of updated asset objects reloaded before import = 0
Number of asset objects unloaded after import = 3
========================================================================
Received Import Request.
  Time since last request: 0.000047 seconds.
  path: Assets/sprites/Tiles/Suelo/tilemap_packed 1_13.asset
  artifactKey: Guid(633cf63973eec37419c040373f7f87f2) Importer(815301076,1909f56bfc062723c751e8b465ee728b)
Start importing Assets/sprites/Tiles/Suelo/tilemap_packed 1_13.asset using Guid(633cf63973eec37419c040373f7f87f2) Importer(815301076,1909f56bfc062723c751e8b465ee728b) [PhysX] Initialized MultithreadedTaskDispatcher with 8 workers.
 -> (artifact id: '46ba07299122c3f30b0662686948d508') in 0.024765 seconds
Number of updated asset objects reloaded before import = 0
Number of asset objects unloaded after import = 3
========================================================================
Received Import Request.
  Time since last request: 0.000035 seconds.
  path: Assets/sprites/Tiles/Suelo/tilemap_packed 1_10.asset
  artifactKey: Guid(c066ea68f8c8f9444a8d802024c75650) Importer(815301076,1909f56bfc062723c751e8b465ee728b)
Start importing Assets/sprites/Tiles/Suelo/tilemap_packed 1_10.asset using Guid(c066ea68f8c8f9444a8d802024c75650) Importer(815301076,1909f56bfc062723c751e8b465ee728b) [PhysX] Initialized MultithreadedTaskDispatcher with 8 workers.
 -> (artifact id: '5d3b004d830a41ed028a3c8e6ca6add0') in 0.025220 seconds
Number of updated asset objects reloaded before import = 0
Number of asset objects unloaded after import = 3
========================================================================
Received Import Request.
  Time since last request: 0.000049 seconds.
  path: Assets/sprites/Tiles/Suelo/tilemap_packed 1_7.asset
  artifactKey: Guid(0f068a392edc9a840b51133f945d61f3) Importer(815301076,1909f56bfc062723c751e8b465ee728b)
Start importing Assets/sprites/Tiles/Suelo/tilemap_packed 1_7.asset using Guid(0f068a392edc9a840b51133f945d61f3) Importer(815301076,1909f56bfc062723c751e8b465ee728b) [PhysX] Initialized MultithreadedTaskDispatcher with 8 workers.
 -> (artifact id: 'c13e7779d9d068932072b09c5f6eaa6c') in 0.026086 seconds
Number of updated asset objects reloaded before import = 0
Number of asset objects unloaded after import = 3
========================================================================
Received Import Request.
  Time since last request: 0.000029 seconds.
  path: Assets/sprites/Tiles/Suelo/tilemap_packed 1_9.asset
  artifactKey: Guid(14b6ff699635822428647a1fcaa183ea) Importer(815301076,1909f56bfc062723c751e8b465ee728b)
Start importing Assets/sprites/Tiles/Suelo/tilemap_packed 1_9.asset using Guid(14b6ff699635822428647a1fcaa183ea) Importer(815301076,1909f56bfc062723c751e8b465ee728b) [PhysX] Initialized MultithreadedTaskDispatcher with 8 workers.
 -> (artifact id: '77dacfd0e705d3f82f276cc2ed548d5d') in 0.020249 seconds
Number of updated asset objects reloaded before import = 0
Number of asset objects unloaded after import = 3
========================================================================
Received Import Request.
  Time since last request: 0.000053 seconds.
  path: Assets/sprites/Tiles/Suelo/tilemap_packed 1_12.asset
  artifactKey: Guid(b48edc16be7e5bd468c005f7bcf1a632) Importer(815301076,1909f56bfc062723c751e8b465ee728b)
Start importing Assets/sprites/Tiles/Suelo/tilemap_packed 1_12.asset using Guid(b48edc16be7e5bd468c005f7bcf1a632) Importer(815301076,1909f56bfc062723c751e8b465ee728b) [PhysX] Initialized MultithreadedTaskDispatcher with 8 workers.
 -> (artifact id: 'eb021e844cac4477aeea7d85dbc81f1c') in 0.016464 seconds
Number of updated asset objects reloaded before import = 0
Number of asset objects unloaded after import = 3
========================================================================
Received Import Request.
  Time since last request: 0.000042 seconds.
  path: Assets/sprites/Tiles/Suelo/tilemap_packed 1_11.asset
  artifactKey: Guid(6e2aa0ff54ba1264c86b8daf88c4df54) Importer(815301076,1909f56bfc062723c751e8b465ee728b)
Start importing Assets/sprites/Tiles/Suelo/tilemap_packed 1_11.asset using Guid(6e2aa0ff54ba1264c86b8daf88c4df54) Importer(815301076,1909f56bfc062723c751e8b465ee728b) [PhysX] Initialized MultithreadedTaskDispatcher with 8 workers.
 -> (artifact id: '7a745826ccf7bbc6bcd69e68091c4786') in 0.016211 seconds
Number of updated asset objects reloaded before import = 0
Number of asset objects unloaded after import = 3
========================================================================
Received Import Request.
  Time since last request: 0.860222 seconds.
  path: Assets/sprites/Tiles/Suelo/tilemap_packed 1_16.asset
  artifactKey: Guid(8e7be98cec7d21d4a9a048b047bcfd53) Importer(815301076,1909f56bfc062723c751e8b465ee728b)
Start importing Assets/sprites/Tiles/Suelo/tilemap_packed 1_16.asset using Guid(8e7be98cec7d21d4a9a048b047bcfd53) Importer(815301076,1909f56bfc062723c751e8b465ee728b) [PhysX] Initialized MultithreadedTaskDispatcher with 8 workers.
 -> (artifact id: '9b3364472abd9c246a34eb3c60439bb8') in 0.015515 seconds
Number of updated asset objects reloaded before import = 0
Number of asset objects unloaded after import = 3
========================================================================
Received Import Request.
  Time since last request: 0.000027 seconds.
  path: Assets/sprites/Tiles/Suelo/tilemap_packed 1_18.asset
  artifactKey: Guid(cb7cf52e7dc0e614e8bf74b91b9d39ac) Importer(815301076,1909f56bfc062723c751e8b465ee728b)
Start importing Assets/sprites/Tiles/Suelo/tilemap_packed 1_18.asset using Guid(cb7cf52e7dc0e614e8bf74b91b9d39ac) Importer(815301076,1909f56bfc062723c751e8b465ee728b) [PhysX] Initialized MultithreadedTaskDispatcher with 8 workers.
 -> (artifact id: '3e63db962b1ee5d1614b67993b097f48') in 0.017020 seconds
Number of updated asset objects reloaded before import = 0
Number of asset objects unloaded after import = 3
========================================================================
Received Import Request.
  Time since last request: 0.000024 seconds.
  path: Assets/sprites/Tiles/Suelo/tilemap_packed 1_19.asset
  artifactKey: Guid(dfce5e648ec203140a48177589bd95aa) Importer(815301076,1909f56bfc062723c751e8b465ee728b)
Start importing Assets/sprites/Tiles/Suelo/tilemap_packed 1_19.asset using Guid(dfce5e648ec203140a48177589bd95aa) Importer(815301076,1909f56bfc062723c751e8b465ee728b) [PhysX] Initialized MultithreadedTaskDispatcher with 8 workers.
 -> (artifact id: '32c286f0b527e83e6a75d890d0a1434a') in 0.015209 seconds
Number of updated asset objects reloaded before import = 0
Number of asset objects unloaded after import = 3
========================================================================
Received Import Request.
  Time since last request: 0.000568 seconds.
  path: Assets/sprites/Tiles/Suelo/tilemap_packed 1_21.asset
  artifactKey: Guid(cab90be25a22d034fae8ce71ee322293) Importer(815301076,1909f56bfc062723c751e8b465ee728b)
Start importing Assets/sprites/Tiles/Suelo/tilemap_packed 1_21.asset using Guid(cab90be25a22d034fae8ce71ee322293) Importer(815301076,1909f56bfc062723c751e8b465ee728b) [PhysX] Initialized MultithreadedTaskDispatcher with 8 workers.
 -> (artifact id: '2dabc24d1fe4d887eed652c9e3875bc3') in 0.019137 seconds
Number of updated asset objects reloaded before import = 0
Number of asset objects unloaded after import = 3
========================================================================
Received Import Request.
  Time since last request: 0.000023 seconds.
  path: Assets/sprites/Tiles/Suelo/tilemap_packed 1_23.asset
  artifactKey: Guid(0ab9cb7ed8c3340439f3ff765f4470b9) Importer(815301076,1909f56bfc062723c751e8b465ee728b)
Start importing Assets/sprites/Tiles/Suelo/tilemap_packed 1_23.asset using Guid(0ab9cb7ed8c3340439f3ff765f4470b9) Importer(815301076,1909f56bfc062723c751e8b465ee728b) [PhysX] Initialized MultithreadedTaskDispatcher with 8 workers.
 -> (artifact id: '6861d9b5235fc599ac290552e4f6e599') in 0.018756 seconds
Number of updated asset objects reloaded before import = 0
Number of asset objects unloaded after import = 3
========================================================================
Received Import Request.
  Time since last request: 0.022586 seconds.
  path: Assets/sprites/Tiles/Suelo/tilemap_packed 1_26.asset
  artifactKey: Guid(d8fd23d029f0ae0499aa7505086f9752) Importer(815301076,1909f56bfc062723c751e8b465ee728b)
Start importing Assets/sprites/Tiles/Suelo/tilemap_packed 1_26.asset using Guid(d8fd23d029f0ae0499aa7505086f9752) Importer(815301076,1909f56bfc062723c751e8b465ee728b) [PhysX] Initialized MultithreadedTaskDispatcher with 8 workers.
 -> (artifact id: '60b4a47e9804bc884a021f4974e942d3') in 0.013417 seconds
Number of updated asset objects reloaded before import = 0
Number of asset objects unloaded after import = 3
========================================================================
Received Import Request.
  Time since last request: 0.000029 seconds.
  path: Assets/sprites/Tiles/Suelo/tilemap_packed 1_29.asset
  artifactKey: Guid(e8c8048939e9c464cac4e25429e3665b) Importer(815301076,1909f56bfc062723c751e8b465ee728b)
Start importing Assets/sprites/Tiles/Suelo/tilemap_packed 1_29.asset using Guid(e8c8048939e9c464cac4e25429e3665b) Importer(815301076,1909f56bfc062723c751e8b465ee728b) [PhysX] Initialized MultithreadedTaskDispatcher with 8 workers.
 -> (artifact id: '44c5aea9a58f659d3c4034da54ee0e17') in 0.012909 seconds
Number of updated asset objects reloaded before import = 0
Number of asset objects unloaded after import = 3
========================================================================
Received Import Request.
  Time since last request: 0.000039 seconds.
  path: Assets/sprites/Tiles/Suelo/tilemap_packed 1_28.asset
  artifactKey: Guid(f8536846b5f955d4d8439fbf679c5386) Importer(815301076,1909f56bfc062723c751e8b465ee728b)
Start importing Assets/sprites/Tiles/Suelo/tilemap_packed 1_28.asset using Guid(f8536846b5f955d4d8439fbf679c5386) Importer(815301076,1909f56bfc062723c751e8b465ee728b) [PhysX] Initialized MultithreadedTaskDispatcher with 8 workers.
 -> (artifact id: '0e39fc01af5fb16b57b62aad89d78cec') in 0.016313 seconds
Number of updated asset objects reloaded before import = 0
Number of asset objects unloaded after import = 3
========================================================================
Received Import Request.
  Time since last request: 0.383635 seconds.
  path: Assets/sprites/Tiles/Suelo/tilemap_packed 1_31.asset
  artifactKey: Guid(de6b8a8c88acc074d992f0a20564ec89) Importer(815301076,1909f56bfc062723c751e8b465ee728b)
Start importing Assets/sprites/Tiles/Suelo/tilemap_packed 1_31.asset using Guid(de6b8a8c88acc074d992f0a20564ec89) Importer(815301076,1909f56bfc062723c751e8b465ee728b) [PhysX] Initialized MultithreadedTaskDispatcher with 8 workers.
 -> (artifact id: '3cdc1ee1554a6825fef855c75d5c1eb4') in 0.014640 seconds
Number of updated asset objects reloaded before import = 0
Number of asset objects unloaded after import = 3
========================================================================
Received Import Request.
  Time since last request: 0.000038 seconds.
  path: Assets/sprites/Tiles/Suelo/tilemap_packed 1_32.asset
  artifactKey: Guid(fc62e024c9f12e14397cb82ac762d6ca) Importer(815301076,1909f56bfc062723c751e8b465ee728b)
Start importing Assets/sprites/Tiles/Suelo/tilemap_packed 1_32.asset using Guid(fc62e024c9f12e14397cb82ac762d6ca) Importer(815301076,1909f56bfc062723c751e8b465ee728b) [PhysX] Initialized MultithreadedTaskDispatcher with 8 workers.
 -> (artifact id: '0ba75f0e75989fb7c04a5edeecbd7870') in 0.012376 seconds
Number of updated asset objects reloaded before import = 0
Number of asset objects unloaded after import = 3
========================================================================
Received Import Request.
  Time since last request: 0.000024 seconds.
  path: Assets/sprites/Tiles/Suelo/tilemap_packed 1_34.asset
  artifactKey: Guid(bcde56c38cce0704f9845adb8de1fa5c) Importer(815301076,1909f56bfc062723c751e8b465ee728b)
Start importing Assets/sprites/Tiles/Suelo/tilemap_packed 1_34.asset using Guid(bcde56c38cce0704f9845adb8de1fa5c) Importer(815301076,1909f56bfc062723c751e8b465ee728b) [PhysX] Initialized MultithreadedTaskDispatcher with 8 workers.
 -> (artifact id: 'c3b07f592c6a3128db8464e33fb6ffb9') in 0.015427 seconds
Number of updated asset objects reloaded before import = 0
Number of asset objects unloaded after import = 3
========================================================================
Received Import Request.
  Time since last request: 0.000028 seconds.
  path: Assets/sprites/Tiles/Suelo/tilemap_packed 1_36.asset
  artifactKey: Guid(0d7735ccba2117042af704279a523f1f) Importer(815301076,1909f56bfc062723c751e8b465ee728b)
Start importing Assets/sprites/Tiles/Suelo/tilemap_packed 1_36.asset using Guid(0d7735ccba2117042af704279a523f1f) Importer(815301076,1909f56bfc062723c751e8b465ee728b) [PhysX] Initialized MultithreadedTaskDispatcher with 8 workers.
 -> (artifact id: 'f5dbcfd979b834b12ec22a404608a35b') in 0.016048 seconds
Number of updated asset objects reloaded before import = 0
Number of asset objects unloaded after import = 3
========================================================================
Received Import Request.
  Time since last request: 0.000032 seconds.
  path: Assets/sprites/Tiles/Suelo/tilemap_packed 1_39.asset
  artifactKey: Guid(238144e35211854489d34f3efc2fbc7e) Importer(815301076,1909f56bfc062723c751e8b465ee728b)
Start importing Assets/sprites/Tiles/Suelo/tilemap_packed 1_39.asset using Guid(238144e35211854489d34f3efc2fbc7e) Importer(815301076,1909f56bfc062723c751e8b465ee728b) [PhysX] Initialized MultithreadedTaskDispatcher with 8 workers.
 -> (artifact id: '06730f80c7e94739ca0792dd797b8152') in 0.016993 seconds
Number of updated asset objects reloaded before import = 0
Number of asset objects unloaded after import = 3
========================================================================
Received Import Request.
  Time since last request: 0.000057 seconds.
  path: Assets/sprites/Tiles/Suelo/tilemap_packed 1_41.asset
  artifactKey: Guid(6e01180e8136a074085e909e6ec1f898) Importer(815301076,1909f56bfc062723c751e8b465ee728b)
Start importing Assets/sprites/Tiles/Suelo/tilemap_packed 1_41.asset using Guid(6e01180e8136a074085e909e6ec1f898) Importer(815301076,1909f56bfc062723c751e8b465ee728b) [PhysX] Initialized MultithreadedTaskDispatcher with 8 workers.
 -> (artifact id: '399637e4698a0b279c4aa716fc6ffce0') in 0.016807 seconds
Number of updated asset objects reloaded before import = 0
Number of asset objects unloaded after import = 3
========================================================================
Received Import Request.
  Time since last request: 0.000075 seconds.
  path: Assets/sprites/Tiles/Suelo/tilemap_packed 1_44.asset
  artifactKey: Guid(652adf5dad7017b4eb62cf6ae4d4a404) Importer(815301076,1909f56bfc062723c751e8b465ee728b)
Start importing Assets/sprites/Tiles/Suelo/tilemap_packed 1_44.asset using Guid(652adf5dad7017b4eb62cf6ae4d4a404) Importer(815301076,1909f56bfc062723c751e8b465ee728b) [PhysX] Initialized MultithreadedTaskDispatcher with 8 workers.
 -> (artifact id: 'a23150b36df93401d521e4a608545c67') in 0.016200 seconds
Number of updated asset objects reloaded before import = 0
Number of asset objects unloaded after import = 3
========================================================================
Received Import Request.
  Time since last request: 0.000033 seconds.
  path: Assets/sprites/Tiles/Suelo/tilemap_packed 1_45.asset
  artifactKey: Guid(43f5faef55913204fa791b05665c7385) Importer(815301076,1909f56bfc062723c751e8b465ee728b)
Start importing Assets/sprites/Tiles/Suelo/tilemap_packed 1_45.asset using Guid(43f5faef55913204fa791b05665c7385) Importer(815301076,1909f56bfc062723c751e8b465ee728b) [PhysX] Initialized MultithreadedTaskDispatcher with 8 workers.
 -> (artifact id: '353cd2aa0fdac47c10abe8361ff5cae5') in 0.015264 seconds
Number of updated asset objects reloaded before import = 0
Number of asset objects unloaded after import = 3
========================================================================
Received Import Request.
  Time since last request: 0.000071 seconds.
  path: Assets/sprites/Tiles/Suelo/tilemap_packed 1_51.asset
  artifactKey: Guid(891cff8f43fe9b34890e211310105c75) Importer(815301076,1909f56bfc062723c751e8b465ee728b)
Start importing Assets/sprites/Tiles/Suelo/tilemap_packed 1_51.asset using Guid(891cff8f43fe9b34890e211310105c75) Importer(815301076,1909f56bfc062723c751e8b465ee728b) [PhysX] Initialized MultithreadedTaskDispatcher with 8 workers.
 -> (artifact id: '6a27e34719cd19d095c96399d0949827') in 0.018522 seconds
Number of updated asset objects reloaded before import = 0
Number of asset objects unloaded after import = 3
========================================================================
Received Import Request.
  Time since last request: 0.000056 seconds.
  path: Assets/sprites/Tiles/Suelo/tilemap_packed 1_54.asset
  artifactKey: Guid(df81672e22cb22c47a71a21d11107124) Importer(815301076,1909f56bfc062723c751e8b465ee728b)
Start importing Assets/sprites/Tiles/Suelo/tilemap_packed 1_54.asset using Guid(df81672e22cb22c47a71a21d11107124) Importer(815301076,1909f56bfc062723c751e8b465ee728b) [PhysX] Initialized MultithreadedTaskDispatcher with 8 workers.
 -> (artifact id: '48d4f45301c130c5aaa6ed3956cf80d0') in 0.014475 seconds
Number of updated asset objects reloaded before import = 0
Number of asset objects unloaded after import = 3
========================================================================
Received Import Request.
  Time since last request: 0.000040 seconds.
  path: Assets/sprites/Tiles/Suelo/tilemap_packed 1_42.asset
  artifactKey: Guid(c8dc96780691aa347b4eb432dcb12719) Importer(815301076,1909f56bfc062723c751e8b465ee728b)
Start importing Assets/sprites/Tiles/Suelo/tilemap_packed 1_42.asset using Guid(c8dc96780691aa347b4eb432dcb12719) Importer(815301076,1909f56bfc062723c751e8b465ee728b) [PhysX] Initialized MultithreadedTaskDispatcher with 8 workers.
 -> (artifact id: 'f619816e9a3db05b7644852e8e9555e0') in 0.014573 seconds
Number of updated asset objects reloaded before import = 0
Number of asset objects unloaded after import = 3
========================================================================
Received Import Request.
  Time since last request: 0.000029 seconds.
  path: Assets/sprites/Tiles/Suelo/tilemap_packed 1_37.asset
  artifactKey: Guid(0651cd887075f17409e41d9f641e9283) Importer(815301076,1909f56bfc062723c751e8b465ee728b)
Start importing Assets/sprites/Tiles/Suelo/tilemap_packed 1_37.asset using Guid(0651cd887075f17409e41d9f641e9283) Importer(815301076,1909f56bfc062723c751e8b465ee728b) [PhysX] Initialized MultithreadedTaskDispatcher with 8 workers.
 -> (artifact id: '49aebfb0947b9ffa02f6d5ebc603a793') in 0.013659 seconds
Number of updated asset objects reloaded before import = 0
Number of asset objects unloaded after import = 3
========================================================================
Received Import Request.
  Time since last request: 0.000026 seconds.
  path: Assets/sprites/Tiles/Suelo/tilemap_packed 1_53.asset
  artifactKey: Guid(75f7739fe7e5c484c888c294f77aef50) Importer(815301076,1909f56bfc062723c751e8b465ee728b)
Start importing Assets/sprites/Tiles/Suelo/tilemap_packed 1_53.asset using Guid(75f7739fe7e5c484c888c294f77aef50) Importer(815301076,1909f56bfc062723c751e8b465ee728b) [PhysX] Initialized MultithreadedTaskDispatcher with 8 workers.
 -> (artifact id: '8de5b5c10636f71b11c113d727e49050') in 0.012110 seconds
Number of updated asset objects reloaded before import = 0
Number of asset objects unloaded after import = 3
========================================================================
Received Import Request.
  Time since last request: 0.142617 seconds.
  path: Assets/sprites/Tiles/Suelo/tilemap_packed 1_56.asset
  artifactKey: Guid(dfd3529a8d40dc845b7f4003a2d5c253) Importer(815301076,1909f56bfc062723c751e8b465ee728b)
Start importing Assets/sprites/Tiles/Suelo/tilemap_packed 1_56.asset using Guid(dfd3529a8d40dc845b7f4003a2d5c253) Importer(815301076,1909f56bfc062723c751e8b465ee728b) [PhysX] Initialized MultithreadedTaskDispatcher with 8 workers.
 -> (artifact id: '6ab8afb62098e5f6ba9df4653ca852d3') in 0.014581 seconds
Number of updated asset objects reloaded before import = 0
Number of asset objects unloaded after import = 3
========================================================================
Received Import Request.
  Time since last request: 0.000028 seconds.
  path: Assets/sprites/Tiles/Suelo/tilemap_packed 1_62.asset
  artifactKey: Guid(28264c09d7a25454f98d0be69498be6c) Importer(815301076,1909f56bfc062723c751e8b465ee728b)
Start importing Assets/sprites/Tiles/Suelo/tilemap_packed 1_62.asset using Guid(28264c09d7a25454f98d0be69498be6c) Importer(815301076,1909f56bfc062723c751e8b465ee728b) [PhysX] Initialized MultithreadedTaskDispatcher with 8 workers.
 -> (artifact id: '29de67217c46d0efcff43ca937fe6ca7') in 0.017448 seconds
Number of updated asset objects reloaded before import = 0
Number of asset objects unloaded after import = 3
========================================================================
Received Import Request.
  Time since last request: 0.000059 seconds.
  path: Assets/sprites/Tiles/Suelo/tilemap_packed 1_67.asset
  artifactKey: Guid(1e2665c48d77ac045a869d1716402e70) Importer(815301076,1909f56bfc062723c751e8b465ee728b)
Start importing Assets/sprites/Tiles/Suelo/tilemap_packed 1_67.asset using Guid(1e2665c48d77ac045a869d1716402e70) Importer(815301076,1909f56bfc062723c751e8b465ee728b) [PhysX] Initialized MultithreadedTaskDispatcher with 8 workers.
 -> (artifact id: 'fe8a055d712bd8d65b4d90d2e1cc80ee') in 0.021394 seconds
Number of updated asset objects reloaded before import = 0
Number of asset objects unloaded after import = 3
========================================================================
Received Import Request.
  Time since last request: 0.000040 seconds.
  path: Assets/sprites/Tiles/Suelo/tilemap_packed 1_73.asset
  artifactKey: Guid(fea78f81a4103d645b54dafadf9678f8) Importer(815301076,1909f56bfc062723c751e8b465ee728b)
Start importing Assets/sprites/Tiles/Suelo/tilemap_packed 1_73.asset using Guid(fea78f81a4103d645b54dafadf9678f8) Importer(815301076,1909f56bfc062723c751e8b465ee728b) [PhysX] Initialized MultithreadedTaskDispatcher with 8 workers.
 -> (artifact id: 'f40b9475bd1a1b4ae6e348a876b087bd') in 0.018647 seconds
Number of updated asset objects reloaded before import = 0
Number of asset objects unloaded after import = 3
========================================================================
Received Import Request.
  Time since last request: 0.000028 seconds.
  path: Assets/sprites/Tiles/Suelo/tilemap_packed 1_79.asset
  artifactKey: Guid(7769e11d28928fe4f8fb7b6aaf05ef9e) Importer(815301076,1909f56bfc062723c751e8b465ee728b)
Start importing Assets/sprites/Tiles/Suelo/tilemap_packed 1_79.asset using Guid(7769e11d28928fe4f8fb7b6aaf05ef9e) Importer(815301076,1909f56bfc062723c751e8b465ee728b) [PhysX] Initialized MultithreadedTaskDispatcher with 8 workers.
 -> (artifact id: '25ea66d0c48446bff6125b67be0ba7e0') in 0.018010 seconds
Number of updated asset objects reloaded before import = 0
Number of asset objects unloaded after import = 3
========================================================================
Received Import Request.
  Time since last request: 0.000023 seconds.
  path: Assets/sprites/Tiles/Suelo/tilemap_packed 1_64.asset
  artifactKey: Guid(d78e512190d63c241a72e70d6f1be520) Importer(815301076,1909f56bfc062723c751e8b465ee728b)
Start importing Assets/sprites/Tiles/Suelo/tilemap_packed 1_64.asset using Guid(d78e512190d63c241a72e70d6f1be520) Importer(815301076,1909f56bfc062723c751e8b465ee728b) [PhysX] Initialized MultithreadedTaskDispatcher with 8 workers.
 -> (artifact id: '929c47ee5a383831609c568c30ea0ec5') in 0.023276 seconds
Number of updated asset objects reloaded before import = 0
Number of asset objects unloaded after import = 3
========================================================================
Received Import Request.
  Time since last request: 0.000240 seconds.
  path: Assets/sprites/Tiles/Suelo/tilemap_packed 1_61.asset
  artifactKey: Guid(f7b4c4fd2884d2b4491e2dfa27d890ff) Importer(815301076,1909f56bfc062723c751e8b465ee728b)
Start importing Assets/sprites/Tiles/Suelo/tilemap_packed 1_61.asset using Guid(f7b4c4fd2884d2b4491e2dfa27d890ff) Importer(815301076,1909f56bfc062723c751e8b465ee728b) [PhysX] Initialized MultithreadedTaskDispatcher with 8 workers.
 -> (artifact id: '290e580530091bffe4c170df9170a5a7') in 0.017543 seconds
Number of updated asset objects reloaded before import = 0
Number of asset objects unloaded after import = 3
========================================================================
Received Import Request.
  Time since last request: 0.000025 seconds.
  path: Assets/sprites/Tiles/Suelo/tilemap_packed 1_76.asset
  artifactKey: Guid(01909e77aed13754a91761316cfb347a) Importer(815301076,1909f56bfc062723c751e8b465ee728b)
Start importing Assets/sprites/Tiles/Suelo/tilemap_packed 1_76.asset using Guid(01909e77aed13754a91761316cfb347a) Importer(815301076,1909f56bfc062723c751e8b465ee728b) [PhysX] Initialized MultithreadedTaskDispatcher with 8 workers.
 -> (artifact id: 'a15dc711657f2cc84ebf83241cfa960b') in 0.016887 seconds
Number of updated asset objects reloaded before import = 0
Number of asset objects unloaded after import = 3
========================================================================
Received Import Request.
  Time since last request: 0.000021 seconds.
  path: Assets/sprites/Tiles/Suelo/tilemap_packed 1_59.asset
  artifactKey: Guid(14448014cfc3a1a48924dca072e60272) Importer(815301076,1909f56bfc062723c751e8b465ee728b)
Start importing Assets/sprites/Tiles/Suelo/tilemap_packed 1_59.asset using Guid(14448014cfc3a1a48924dca072e60272) Importer(815301076,1909f56bfc062723c751e8b465ee728b) [PhysX] Initialized MultithreadedTaskDispatcher with 8 workers.
 -> (artifact id: '0b7f331dc0c9d82839010eb38abe511b') in 0.017391 seconds
Number of updated asset objects reloaded before import = 0
Number of asset objects unloaded after import = 3
========================================================================
Received Import Request.
  Time since last request: 0.000023 seconds.
  path: Assets/sprites/Tiles/Suelo/tilemap_packed 1_77.asset
  artifactKey: Guid(63bc999e18f4e444a9c37112deba1058) Importer(815301076,1909f56bfc062723c751e8b465ee728b)
Start importing Assets/sprites/Tiles/Suelo/tilemap_packed 1_77.asset using Guid(63bc999e18f4e444a9c37112deba1058) Importer(815301076,1909f56bfc062723c751e8b465ee728b) [PhysX] Initialized MultithreadedTaskDispatcher with 8 workers.
 -> (artifact id: '8718eebda37f94deb9041fe53d8faec2') in 0.018242 seconds
Number of updated asset objects reloaded before import = 0
Number of asset objects unloaded after import = 3
========================================================================
Received Import Request.
  Time since last request: 0.000036 seconds.
  path: Assets/sprites/Tiles/Suelo/tilemap_packed 1_71.asset
  artifactKey: Guid(c5cc5a5a17d72cd4db0a8f183804dd8c) Importer(815301076,1909f56bfc062723c751e8b465ee728b)
Start importing Assets/sprites/Tiles/Suelo/tilemap_packed 1_71.asset using Guid(c5cc5a5a17d72cd4db0a8f183804dd8c) Importer(815301076,1909f56bfc062723c751e8b465ee728b) [PhysX] Initialized MultithreadedTaskDispatcher with 8 workers.
 -> (artifact id: '3f36a1290d3abeeba2bd1e49f7f36ae6') in 0.019776 seconds
Number of updated asset objects reloaded before import = 0
Number of asset objects unloaded after import = 3
========================================================================
Received Import Request.
  Time since last request: 0.000034 seconds.
  path: Assets/sprites/Tiles/Suelo/tilemap_packed 1_70.asset
  artifactKey: Guid(307c2d737f7999f46906569848c73765) Importer(815301076,1909f56bfc062723c751e8b465ee728b)
Start importing Assets/sprites/Tiles/Suelo/tilemap_packed 1_70.asset using Guid(307c2d737f7999f46906569848c73765) Importer(815301076,1909f56bfc062723c751e8b465ee728b) [PhysX] Initialized MultithreadedTaskDispatcher with 8 workers.
 -> (artifact id: '8c4898bfd393b4444b77491b94753042') in 0.016776 seconds
Number of updated asset objects reloaded before import = 0
Number of asset objects unloaded after import = 3
========================================================================
Received Import Request.
  Time since last request: 0.061137 seconds.
  path: Assets/sprites/Tiles/Suelo/tilemap_packed 1_81.asset
  artifactKey: Guid(956b090666bdf264dbc6d6478b3fcdfa) Importer(815301076,1909f56bfc062723c751e8b465ee728b)
Start importing Assets/sprites/Tiles/Suelo/tilemap_packed 1_81.asset using Guid(956b090666bdf264dbc6d6478b3fcdfa) Importer(815301076,1909f56bfc062723c751e8b465ee728b) [PhysX] Initialized MultithreadedTaskDispatcher with 8 workers.
 -> (artifact id: '57a47cdadb468f19cca1ba55b2598740') in 0.013350 seconds
Number of updated asset objects reloaded before import = 0
Number of asset objects unloaded after import = 3
========================================================================
Received Import Request.
  Time since last request: 0.000025 seconds.
  path: Assets/sprites/Tiles/Suelo/tilemap_packed 1_82.asset
  artifactKey: Guid(57da0e44cac87fb4390cd963f188636c) Importer(815301076,1909f56bfc062723c751e8b465ee728b)
Start importing Assets/sprites/Tiles/Suelo/tilemap_packed 1_82.asset using Guid(57da0e44cac87fb4390cd963f188636c) Importer(815301076,1909f56bfc062723c751e8b465ee728b) [PhysX] Initialized MultithreadedTaskDispatcher with 8 workers.
 -> (artifact id: '8839b44f1c1e1455dae380a8296ce620') in 0.014227 seconds
Number of updated asset objects reloaded before import = 0
Number of asset objects unloaded after import = 3
========================================================================
Received Import Request.
  Time since last request: 0.000044 seconds.
  path: Assets/sprites/Tiles/Suelo/tilemap_packed 1_83.asset
  artifactKey: Guid(57cd5a1a30db3d04d82b83ddd30b40a8) Importer(815301076,1909f56bfc062723c751e8b465ee728b)
Start importing Assets/sprites/Tiles/Suelo/tilemap_packed 1_83.asset using Guid(57cd5a1a30db3d04d82b83ddd30b40a8) Importer(815301076,1909f56bfc062723c751e8b465ee728b) [PhysX] Initialized MultithreadedTaskDispatcher with 8 workers.
 -> (artifact id: '180051cd0329a11b7a24b13c1d73604c') in 0.016272 seconds
Number of updated asset objects reloaded before import = 0
Number of asset objects unloaded after import = 3
========================================================================
Received Import Request.
  Time since last request: 0.000029 seconds.
  path: Assets/sprites/Tiles/Suelo/tilemap_packed 1_93.asset
  artifactKey: Guid(df589062ce6afb54b9e2768e3b24244b) Importer(815301076,1909f56bfc062723c751e8b465ee728b)
Start importing Assets/sprites/Tiles/Suelo/tilemap_packed 1_93.asset using Guid(df589062ce6afb54b9e2768e3b24244b) Importer(815301076,1909f56bfc062723c751e8b465ee728b) [PhysX] Initialized MultithreadedTaskDispatcher with 8 workers.
 -> (artifact id: 'c9a622123dbccf2ca6e8aa7d6facf363') in 0.017631 seconds
Number of updated asset objects reloaded before import = 0
Number of asset objects unloaded after import = 3
========================================================================
Received Import Request.
  Time since last request: 0.000053 seconds.
  path: Assets/sprites/Tiles/Suelo/tilemap_packed 1_88.asset
  artifactKey: Guid(c637dc49ebe902f4bb83ad71bd9e3c71) Importer(815301076,1909f56bfc062723c751e8b465ee728b)
Start importing Assets/sprites/Tiles/Suelo/tilemap_packed 1_88.asset using Guid(c637dc49ebe902f4bb83ad71bd9e3c71) Importer(815301076,1909f56bfc062723c751e8b465ee728b) [PhysX] Initialized MultithreadedTaskDispatcher with 8 workers.
 -> (artifact id: 'de831856b4bcd4d7c671542f1eb02e3c') in 0.016007 seconds
Number of updated asset objects reloaded before import = 0
Number of asset objects unloaded after import = 3
========================================================================
Received Import Request.
  Time since last request: 0.000027 seconds.
  path: Assets/sprites/Tiles/Suelo/tilemap_packed 1_104.asset
  artifactKey: Guid(bb20be3ab9215aa44b525fcf28701784) Importer(815301076,1909f56bfc062723c751e8b465ee728b)
Start importing Assets/sprites/Tiles/Suelo/tilemap_packed 1_104.asset using Guid(bb20be3ab9215aa44b525fcf28701784) Importer(815301076,1909f56bfc062723c751e8b465ee728b) [PhysX] Initialized MultithreadedTaskDispatcher with 8 workers.
 -> (artifact id: '1e40971bb99ab4f36d8bbdc5c16d2319') in 0.015280 seconds
Number of updated asset objects reloaded before import = 0
Number of asset objects unloaded after import = 3
========================================================================
Received Import Request.
  Time since last request: 0.000074 seconds.
  path: Assets/sprites/Tiles/Suelo/tilemap_packed 1_87.asset
  artifactKey: Guid(2cbdedc2ddfa9d24692a4f2a835c65c7) Importer(815301076,1909f56bfc062723c751e8b465ee728b)
Start importing Assets/sprites/Tiles/Suelo/tilemap_packed 1_87.asset using Guid(2cbdedc2ddfa9d24692a4f2a835c65c7) Importer(815301076,1909f56bfc062723c751e8b465ee728b) [PhysX] Initialized MultithreadedTaskDispatcher with 8 workers.
 -> (artifact id: '137c0f984d2c51da4a2603c9c0bdcd08') in 0.016302 seconds
Number of updated asset objects reloaded before import = 0
Number of asset objects unloaded after import = 3
========================================================================
Received Import Request.
  Time since last request: 0.000060 seconds.
  path: Assets/sprites/Tiles/Suelo/tilemap_packed 1_95.asset
  artifactKey: Guid(b877f17c4d63c3d4d96085fcc1696981) Importer(815301076,1909f56bfc062723c751e8b465ee728b)
Start importing Assets/sprites/Tiles/Suelo/tilemap_packed 1_95.asset using Guid(b877f17c4d63c3d4d96085fcc1696981) Importer(815301076,1909f56bfc062723c751e8b465ee728b) [PhysX] Initialized MultithreadedTaskDispatcher with 8 workers.
 -> (artifact id: 'c17378ce7d1b3087fcb6ddbefa3911b1') in 0.015847 seconds
Number of updated asset objects reloaded before import = 0
Number of asset objects unloaded after import = 3
========================================================================
Received Import Request.
  Time since last request: 0.000028 seconds.
  path: Assets/sprites/Tiles/Suelo/tilemap_packed 1_90.asset
  artifactKey: Guid(78e8f40b79d6ab147b9a09ad1ae1eba9) Importer(815301076,1909f56bfc062723c751e8b465ee728b)
Start importing Assets/sprites/Tiles/Suelo/tilemap_packed 1_90.asset using Guid(78e8f40b79d6ab147b9a09ad1ae1eba9) Importer(815301076,1909f56bfc062723c751e8b465ee728b) [PhysX] Initialized MultithreadedTaskDispatcher with 8 workers.
 -> (artifact id: '7811560b5fc9e104fce6b089ed3af916') in 0.019039 seconds
Number of updated asset objects reloaded before import = 0
Number of asset objects unloaded after import = 3
========================================================================
Received Import Request.
  Time since last request: 0.000029 seconds.
  path: Assets/sprites/Tiles/Suelo/tilemap_packed 1_94.asset
  artifactKey: Guid(65456a96b41d44a4f831500930cef0d0) Importer(815301076,1909f56bfc062723c751e8b465ee728b)
Start importing Assets/sprites/Tiles/Suelo/tilemap_packed 1_94.asset using Guid(65456a96b41d44a4f831500930cef0d0) Importer(815301076,1909f56bfc062723c751e8b465ee728b) [PhysX] Initialized MultithreadedTaskDispatcher with 8 workers.
 -> (artifact id: 'f9a3a2cda3579c73677a8a79c3744afb') in 0.018197 seconds
Number of updated asset objects reloaded before import = 0
Number of asset objects unloaded after import = 3
========================================================================
Received Import Request.
  Time since last request: 0.000024 seconds.
  path: Assets/sprites/Tiles/Suelo/tilemap_packed 1_98.asset
  artifactKey: Guid(eeb20ff15349ecf4ca15c474ff911ba9) Importer(815301076,1909f56bfc062723c751e8b465ee728b)
Start importing Assets/sprites/Tiles/Suelo/tilemap_packed 1_98.asset using Guid(eeb20ff15349ecf4ca15c474ff911ba9) Importer(815301076,1909f56bfc062723c751e8b465ee728b) [PhysX] Initialized MultithreadedTaskDispatcher with 8 workers.
 -> (artifact id: 'a47cdef07e7bbd9fe91fc0f91bb4aee9') in 0.017261 seconds
Number of updated asset objects reloaded before import = 0
Number of asset objects unloaded after import = 3
========================================================================
Received Import Request.
  Time since last request: 0.000020 seconds.
  path: Assets/sprites/Tiles/Suelo/tilemap_packed 1_103.asset
  artifactKey: Guid(3eb51bbcc6f2a334f94a5f7b789ed26f) Importer(815301076,1909f56bfc062723c751e8b465ee728b)
Start importing Assets/sprites/Tiles/Suelo/tilemap_packed 1_103.asset using Guid(3eb51bbcc6f2a334f94a5f7b789ed26f) Importer(815301076,1909f56bfc062723c751e8b465ee728b) [PhysX] Initialized MultithreadedTaskDispatcher with 8 workers.
 -> (artifact id: '15f203e2609db226337543a5f8997abd') in 0.019005 seconds
Number of updated asset objects reloaded before import = 0
Number of asset objects unloaded after import = 3
========================================================================
Received Import Request.
  Time since last request: 0.000039 seconds.
  path: Assets/sprites/Tiles/Suelo/tilemap_packed 1_99.asset
  artifactKey: Guid(616f67da919f41c4aaf2e04535d1f047) Importer(815301076,1909f56bfc062723c751e8b465ee728b)
Start importing Assets/sprites/Tiles/Suelo/tilemap_packed 1_99.asset using Guid(616f67da919f41c4aaf2e04535d1f047) Importer(815301076,1909f56bfc062723c751e8b465ee728b) [PhysX] Initialized MultithreadedTaskDispatcher with 8 workers.
 -> (artifact id: 'cd5101fa7981783abd856121e34b5941') in 0.016503 seconds
Number of updated asset objects reloaded before import = 0
Number of asset objects unloaded after import = 3
Editor requested this worker to shutdown with reason: Scaling down because of idle timeout
TcpMessagingSession - receive error: operation aborted. errorcode: 995, details: La operacin de E/S se anul por una salida de subproceso o por una solicitud de aplicacin.
AssetImportWorker is now disconnected from the server
Process exiting
Exiting without the bug reporter. Application will terminate with return code 0